Classic Timing Analyzer report for key_de
Fri Sep 14 13:40:38 2012
Quartus II Version 9.1 Build 350 03/24/2010 Service Pack 2 SJ Web Edition


---------------------
; Table of Contents ;
---------------------
  1. Legal Notice
  2. Timing Analyzer Summary
  3. Timing Analyzer Settings
  4. Clock Settings Summary
  5. Parallel Compilation
  6. Clock Setup: 'key_in'
  7. tco
  8. Timing Analyzer Messages



----------------
; Legal Notice ;
----------------
Copyright (C) 1991-2010 Altera Corporation
Your use of Altera Corporation's design tools, logic functions 
and other software and tools, and its AMPP partner logic 
functions, and any output files from any of the foregoing 
(including device programming or simulation files), and any 
associated documentation or information are expressly subject 
to the terms and conditions of the Altera Program License 
Subscription Agreement, Altera MegaCore Function License 
Agreement, or other applicable license agreement, including, 
without limitation, that your use is for the sole purpose of 
programming logic devices manufactured by Altera and sold by 
Altera or its authorized distributors.  Please refer to the 
applicable agreement for further details.



+----------------------------------------------------------------------------------------------------------------------------------------------------------+
; Timing Analyzer Summary                                                                                                                                  ;
+------------------------------+-------+---------------+----------------------------------+------------+------------+------------+----------+--------------+
; Type                         ; Slack ; Required Time ; Actual Time                      ; From       ; To         ; From Clock ; To Clock ; Failed Paths ;
+------------------------------+-------+---------------+----------------------------------+------------+------------+------------+----------+--------------+
; Worst-case tco               ; N/A   ; None          ; 9.600 ns                         ; led_sun[0] ; led_out[0] ; key_in     ; --       ; 0            ;
; Clock Setup: 'key_in'        ; N/A   ; None          ; 223.71 MHz ( period = 4.470 ns ) ; led_sun[0] ; led_sun[7] ; key_in     ; key_in   ; 0            ;
; Total number of failed paths ;       ;               ;                                  ;            ;            ;            ;          ; 0            ;
+------------------------------+-------+---------------+----------------------------------+------------+------------+------------+----------+--------------+


+-----------------------------------------------------------------------------------------------------------------------------------------------------+
; Timing Analyzer Settings                                                                                                                            ;
+------------------------------------------------------------------------------------------------------+--------------------+------+----+-------------+
; Option                                                                                               ; Setting            ; From ; To ; Entity Name ;
+------------------------------------------------------------------------------------------------------+--------------------+------+----+-------------+
; Device Name                                                                                          ; EPM1270T144C5      ;      ;    ;             ;
; Timing Models                                                                                        ; Final              ;      ;    ;             ;
; Default hold multicycle                                                                              ; Same as Multicycle ;      ;    ;             ;
; Cut paths between unrelated clock domains                                                            ; On                 ;      ;    ;             ;
; Cut off read during write signal paths                                                               ; On                 ;      ;    ;             ;
; Cut off feedback from I/O pins                                                                       ; On                 ;      ;    ;             ;
; Report Combined Fast/Slow Timing                                                                     ; Off                ;      ;    ;             ;
; Ignore Clock Settings                                                                                ; Off                ;      ;    ;             ;
; Analyze latches as synchronous elements                                                              ; On                 ;      ;    ;             ;
; Enable Recovery/Removal analysis                                                                     ; Off                ;      ;    ;             ;
; Enable Clock Latency                                                                                 ; Off                ;      ;    ;             ;
; Use TimeQuest Timing Analyzer                                                                        ; Off                ;      ;    ;             ;
; Minimum Core Junction Temperature                                                                    ; 0                  ;      ;    ;             ;
; Maximum Core Junction Temperature                                                                    ; 85                 ;      ;    ;             ;
; Number of source nodes to report per destination node                                                ; 10                 ;      ;    ;             ;
; Number of destination nodes to report                                                                ; 10                 ;      ;    ;             ;
; Number of paths to report                                                                            ; 200                ;      ;    ;             ;
; Report Minimum Timing Checks                                                                         ; Off                ;      ;    ;             ;
; Use Fast Timing Models                                                                               ; Off                ;      ;    ;             ;
; Report IO Paths Separately                                                                           ; Off                ;      ;    ;             ;
; Perform Multicorner Analysis                                                                         ; Off                ;      ;    ;             ;
; Reports the worst-case path for each clock domain and analysis                                       ; Off                ;      ;    ;             ;
; Reports worst-case timing paths for each clock domain and analysis                                   ; On                 ;      ;    ;             ;
; Specifies the maximum number of worst-case timing paths to report for each clock domain and analysis ; 100                ;      ;    ;             ;
; Removes common clock path pessimism (CCPP) during slack computation                                  ; Off                ;      ;    ;             ;
; Output I/O Timing Endpoint                                                                           ; Near End           ;      ;    ;             ;
+------------------------------------------------------------------------------------------------------+--------------------+------+----+-------------+


+------------------------------------------------------------------------------------------------------------------------------------------------------------------------------------+
; Clock Settings Summary                                                                                                                                                             ;
+-----------------+--------------------+----------+------------------+---------------+--------------+----------+-----------------------+---------------------+--------+--------------+
; Clock Node Name ; Clock Setting Name ; Type     ; Fmax Requirement ; Early Latency ; Late Latency ; Based on ; Multiply Base Fmax by ; Divide Base Fmax by ; Offset ; Phase offset ;
+-----------------+--------------------+----------+------------------+---------------+--------------+----------+-----------------------+---------------------+--------+--------------+
; key_in          ;                    ; User Pin ; None             ; 0.000 ns      ; 0.000 ns     ; --       ; N/A                   ; N/A                 ; N/A    ;              ;
+-----------------+--------------------+----------+------------------+---------------+--------------+----------+-----------------------+---------------------+--------+--------------+


Parallel compilation was disabled, but you have multiple processors available. Enable parallel compilation to reduce compilation time.
+-------------------------------------+
; Parallel Compilation                ;
+----------------------------+--------+
; Processors                 ; Number ;
+----------------------------+--------+
; Number detected on machine ; 4      ;
; Maximum allowed            ; 1      ;
+----------------------------+--------+


+----------------------------------------------------------------------------------------------------------------------------------------------------------------------------------------------+
; Clock Setup: 'key_in'                                                                                                                                                                        ;
+-------+------------------------------------------------+------------+------------+------------+----------+-----------------------------+---------------------------+-------------------------+
; Slack ; Actual fmax (period)                           ; From       ; To         ; From Clock ; To Clock ; Required Setup Relationship ; Required Longest P2P Time ; Actual Longest P2P Time ;
+-------+------------------------------------------------+------------+------------+------------+----------+-----------------------------+---------------------------+-------------------------+
; N/A   ; 223.71 MHz ( period = 4.470 ns )               ; led_sun[0] ; led_sun[5] ; key_in     ; key_in   ; None                        ; None                      ; 3.761 ns                ;
; N/A   ; 223.71 MHz ( period = 4.470 ns )               ; led_sun[0] ; led_sun[6] ; key_in     ; key_in   ; None                        ; None                      ; 3.761 ns                ;
; N/A   ; 223.71 MHz ( period = 4.470 ns )               ; led_sun[0] ; led_sun[7] ; key_in     ; key_in   ; None                        ; None                      ; 3.761 ns                ;
; N/A   ; 236.35 MHz ( period = 4.231 ns )               ; led_sun[1] ; led_sun[5] ; key_in     ; key_in   ; None                        ; None                      ; 3.522 ns                ;
; N/A   ; 236.35 MHz ( period = 4.231 ns )               ; led_sun[1] ; led_sun[6] ; key_in     ; key_in   ; None                        ; None                      ; 3.522 ns                ;
; N/A   ; 236.35 MHz ( period = 4.231 ns )               ; led_sun[1] ; led_sun[7] ; key_in     ; key_in   ; None                        ; None                      ; 3.522 ns                ;
; N/A   ; 237.64 MHz ( period = 4.208 ns )               ; led_sun[3] ; led_sun[5] ; key_in     ; key_in   ; None                        ; None                      ; 3.499 ns                ;
; N/A   ; 237.64 MHz ( period = 4.208 ns )               ; led_sun[3] ; led_sun[6] ; key_in     ; key_in   ; None                        ; None                      ; 3.499 ns                ;
; N/A   ; 237.64 MHz ( period = 4.208 ns )               ; led_sun[3] ; led_sun[7] ; key_in     ; key_in   ; None                        ; None                      ; 3.499 ns                ;
; N/A   ; 243.43 MHz ( period = 4.108 ns )               ; led_sun[2] ; led_sun[5] ; key_in     ; key_in   ; None                        ; None                      ; 3.399 ns                ;
; N/A   ; 243.43 MHz ( period = 4.108 ns )               ; led_sun[2] ; led_sun[6] ; key_in     ; key_in   ; None                        ; None                      ; 3.399 ns                ;
; N/A   ; 243.43 MHz ( period = 4.108 ns )               ; led_sun[2] ; led_sun[7] ; key_in     ; key_in   ; None                        ; None                      ; 3.399 ns                ;
; N/A   ; 247.16 MHz ( period = 4.046 ns )               ; led_sun[4] ; led_sun[5] ; key_in     ; key_in   ; None                        ; None                      ; 3.337 ns                ;
; N/A   ; 247.16 MHz ( period = 4.046 ns )               ; led_sun[4] ; led_sun[6] ; key_in     ; key_in   ; None                        ; None                      ; 3.337 ns                ;
; N/A   ; 247.16 MHz ( period = 4.046 ns )               ; led_sun[4] ; led_sun[7] ; key_in     ; key_in   ; None                        ; None                      ; 3.337 ns                ;
; N/A   ; 249.81 MHz ( period = 4.003 ns )               ; led_sun[0] ; led_sun[4] ; key_in     ; key_in   ; None                        ; None                      ; 3.294 ns                ;
; N/A   ; 257.73 MHz ( period = 3.880 ns )               ; led_sun[0] ; led_sun[3] ; key_in     ; key_in   ; None                        ; None                      ; 3.171 ns                ;
; N/A   ; 258.87 MHz ( period = 3.863 ns )               ; led_sun[5] ; led_sun[7] ; key_in     ; key_in   ; None                        ; None                      ; 3.154 ns                ;
; N/A   ; 265.67 MHz ( period = 3.764 ns )               ; led_sun[1] ; led_sun[4] ; key_in     ; key_in   ; None                        ; None                      ; 3.055 ns                ;
; N/A   ; 266.17 MHz ( period = 3.757 ns )               ; led_sun[0] ; led_sun[2] ; key_in     ; key_in   ; None                        ; None                      ; 3.048 ns                ;
; N/A   ; 267.31 MHz ( period = 3.741 ns )               ; led_sun[3] ; led_sun[4] ; key_in     ; key_in   ; None                        ; None                      ; 3.032 ns                ;
; N/A   ; 267.31 MHz ( period = 3.741 ns )               ; led_sun[6] ; led_sun[7] ; key_in     ; key_in   ; None                        ; None                      ; 3.032 ns                ;
; N/A   ; 267.38 MHz ( period = 3.740 ns )               ; led_sun[5] ; led_sun[6] ; key_in     ; key_in   ; None                        ; None                      ; 3.031 ns                ;
; N/A   ; 274.65 MHz ( period = 3.641 ns )               ; led_sun[1] ; led_sun[3] ; key_in     ; key_in   ; None                        ; None                      ; 2.932 ns                ;
; N/A   ; 274.65 MHz ( period = 3.641 ns )               ; led_sun[2] ; led_sun[4] ; key_in     ; key_in   ; None                        ; None                      ; 2.932 ns                ;
; N/A   ; 284.25 MHz ( period = 3.518 ns )               ; led_sun[1] ; led_sun[2] ; key_in     ; key_in   ; None                        ; None                      ; 2.809 ns                ;
; N/A   ; 284.25 MHz ( period = 3.518 ns )               ; led_sun[2] ; led_sun[3] ; key_in     ; key_in   ; None                        ; None                      ; 2.809 ns                ;
; N/A   ; Restricted to 304.04 MHz ( period = 3.289 ns ) ; led_sun[0] ; led_sun[1] ; key_in     ; key_in   ; None                        ; None                      ; 2.092 ns                ;
; N/A   ; Restricted to 304.04 MHz ( period = 3.289 ns ) ; led_sun[3] ; led_sun[3] ; key_in     ; key_in   ; None                        ; None                      ; 2.076 ns                ;
; N/A   ; Restricted to 304.04 MHz ( period = 3.289 ns ) ; led_sun[4] ; led_sun[4] ; key_in     ; key_in   ; None                        ; None                      ; 2.076 ns                ;
; N/A   ; Restricted to 304.04 MHz ( period = 3.289 ns ) ; led_sun[6] ; led_sun[6] ; key_in     ; key_in   ; None                        ; None                      ; 2.076 ns                ;
; N/A   ; Restricted to 304.04 MHz ( period = 3.289 ns ) ; led_sun[5] ; led_sun[5] ; key_in     ; key_in   ; None                        ; None                      ; 2.075 ns                ;
; N/A   ; Restricted to 304.04 MHz ( period = 3.289 ns ) ; led_sun[1] ; led_sun[1] ; key_in     ; key_in   ; None                        ; None                      ; 1.962 ns                ;
; N/A   ; Restricted to 304.04 MHz ( period = 3.289 ns ) ; led_sun[2] ; led_sun[2] ; key_in     ; key_in   ; None                        ; None                      ; 1.962 ns                ;
; N/A   ; Restricted to 304.04 MHz ( period = 3.289 ns ) ; led_sun[7] ; led_sun[7] ; key_in     ; key_in   ; None                        ; None                      ; 1.953 ns                ;
; N/A   ; Restricted to 304.04 MHz ( period = 3.289 ns ) ; led_sun[0] ; led_sun[0] ; key_in     ; key_in   ; None                        ; None                      ; 1.513 ns                ;
+-------+------------------------------------------------+------------+------------+------------+----------+-----------------------------+---------------------------+-------------------------+


+--------------------------------------------------------------------------+
; tco                                                                      ;
+-------+--------------+------------+------------+------------+------------+
; Slack ; Required tco ; Actual tco ; From       ; To         ; From Clock ;
+-------+--------------+------------+------------+------------+------------+
; N/A   ; None         ; 9.600 ns   ; led_sun[0] ; led_out[0] ; key_in     ;
; N/A   ; None         ; 9.216 ns   ; led_sun[2] ; led_out[2] ; key_in     ;
; N/A   ; None         ; 9.107 ns   ; led_sun[5] ; led_out[5] ; key_in     ;
; N/A   ; None         ; 9.058 ns   ; led_sun[6] ; led_out[6] ; key_in     ;
; N/A   ; None         ; 8.560 ns   ; led_sun[3] ; led_out[3] ; key_in     ;
; N/A   ; None         ; 8.410 ns   ; led_sun[1] ; led_out[1] ; key_in     ;
; N/A   ; None         ; 8.399 ns   ; led_sun[4] ; led_out[4] ; key_in     ;
; N/A   ; None         ; 8.398 ns   ; led_sun[7] ; led_out[7] ; key_in     ;
+-------+--------------+------------+------------+------------+------------+


+--------------------------+
; Timing Analyzer Messages ;
+--------------------------+
Info: *******************************************************************
Info: Running Quartus II Classic Timing Analyzer
    Info: Version 9.1 Build 350 03/24/2010 Service Pack 2 SJ Web Edition
    Info: Processing started: Fri Sep 14 13:40:38 2012
Info: Command: quartus_tan --read_settings_files=off --write_settings_files=off key_de -c key_de
Info: Started post-fitting delay annotation
Info: Delay annotation completed successfully
Warning: Found pins functioning as undefined clocks and/or memory enables
    Info: Assuming node "key_in" is an undefined clock
Info: Clock "key_in" has Internal fmax of 223.71 MHz between source register "led_sun[0]" and destination register "led_sun[5]" (period= 4.47 ns)
    Info: + Longest register to register delay is 3.761 ns
        Info: 1: + IC(0.000 ns) + CELL(0.000 ns) = 0.000 ns; Loc. = LC_X2_Y6_N8; Fanout = 5; REG Node = 'led_sun[0]'
        Info: 2: + IC(0.909 ns) + CELL(0.978 ns) = 1.887 ns; Loc. = LC_X2_Y6_N1; Fanout = 2; COMB Node = 'led_sun[1]~1'
        Info: 3: + IC(0.000 ns) + CELL(0.123 ns) = 2.010 ns; Loc. = LC_X2_Y6_N2; Fanout = 2; COMB Node = 'led_sun[2]~3'
        Info: 4: + IC(0.000 ns) + CELL(0.123 ns) = 2.133 ns; Loc. = LC_X2_Y6_N3; Fanout = 2; COMB Node = 'led_sun[3]~5'
        Info: 5: + IC(0.000 ns) + CELL(0.261 ns) = 2.394 ns; Loc. = LC_X2_Y6_N4; Fanout = 3; COMB Node = 'led_sun[4]~7'
        Info: 6: + IC(0.000 ns) + CELL(1.367 ns) = 3.761 ns; Loc. = LC_X2_Y6_N5; Fanout = 4; REG Node = 'led_sun[5]'
        Info: Total cell delay = 2.852 ns ( 75.83 % )
        Info: Total interconnect delay = 0.909 ns ( 24.17 % )
    Info: - Smallest clock skew is 0.000 ns
        Info: + Shortest clock path from clock "key_in" to destination register is 3.819 ns
            Info: 1: + IC(0.000 ns) + CELL(1.163 ns) = 1.163 ns; Loc. = PIN_18; Fanout = 8; CLK Node = 'key_in'
            Info: 2: + IC(1.738 ns) + CELL(0.918 ns) = 3.819 ns; Loc. = LC_X2_Y6_N5; Fanout = 4; REG Node = 'led_sun[5]'
            Info: Total cell delay = 2.081 ns ( 54.49 % )
            Info: Total interconnect delay = 1.738 ns ( 45.51 % )
        Info: - Longest clock path from clock "key_in" to source register is 3.819 ns
            Info: 1: + IC(0.000 ns) + CELL(1.163 ns) = 1.163 ns; Loc. = PIN_18; Fanout = 8; CLK Node = 'key_in'
            Info: 2: + IC(1.738 ns) + CELL(0.918 ns) = 3.819 ns; Loc. = LC_X2_Y6_N8; Fanout = 5; REG Node = 'led_sun[0]'
            Info: Total cell delay = 2.081 ns ( 54.49 % )
            Info: Total interconnect delay = 1.738 ns ( 45.51 % )
    Info: + Micro clock to output delay of source is 0.376 ns
    Info: + Micro setup delay of destination is 0.333 ns
Info: tco from clock "key_in" to destination pin "led_out[0]" through register "led_sun[0]" is 9.600 ns
    Info: + Longest clock path from clock "key_in" to source register is 3.819 ns
        Info: 1: + IC(0.000 ns) + CELL(1.163 ns) = 1.163 ns; Loc. = PIN_18; Fanout = 8; CLK Node = 'key_in'
        Info: 2: + IC(1.738 ns) + CELL(0.918 ns) = 3.819 ns; Loc. = LC_X2_Y6_N8; Fanout = 5; REG Node = 'led_sun[0]'
        Info: Total cell delay = 2.081 ns ( 54.49 % )
        Info: Total interconnect delay = 1.738 ns ( 45.51 % )
    Info: + Micro clock to output delay of source is 0.376 ns
    Info: + Longest register to pin delay is 5.405 ns
        Info: 1: + IC(0.000 ns) + CELL(0.000 ns) = 0.000 ns; Loc. = LC_X2_Y6_N8; Fanout = 5; REG Node = 'led_sun[0]'
        Info: 2: + IC(3.083 ns) + CELL(2.322 ns) = 5.405 ns; Loc. = PIN_57; Fanout = 0; PIN Node = 'led_out[0]'
        Info: Total cell delay = 2.322 ns ( 42.96 % )
        Info: Total interconnect delay = 3.083 ns ( 57.04 % )
Info: Quartus II Classic Timing Analyzer was successful. 0 errors, 1 warning
    Info: Peak virtual memory: 165 megabytes
    Info: Processing ended: Fri Sep 14 13:40:39 2012
    Info: Elapsed time: 00:00:01
    Info: Total CPU time (on all processors): 00:00:00


