Classic Timing Analyzer report for key_bdf
Fri Oct 05 14:06:20 2012
Quartus II Version 9.1 Build 350 03/24/2010 Service Pack 2 SJ Web Edition


---------------------
; Table of Contents ;
---------------------
  1. Legal Notice
  2. Timing Analyzer Summary
  3. Timing Analyzer Settings
  4. Clock Settings Summary
  5. Parallel Compilation
  6. Clock Setup: 'clk'
  7. tsu
  8. tco
  9. th
 10. Timing Analyzer Messages



----------------
; Legal Notice ;
----------------
Copyright (C) 1991-2010 Altera Corporation
Your use of Altera Corporation's design tools, logic functions 
and other software and tools, and its AMPP partner logic 
functions, and any output files from any of the foregoing 
(including device programming or simulation files), and any 
associated documentation or information are expressly subject 
to the terms and conditions of the Altera Program License 
Subscription Agreement, Altera MegaCore Function License 
Agreement, or other applicable license agreement, including, 
without limitation, that your use is for the sole purpose of 
programming logic devices manufactured by Altera and sold by 
Altera or its authorized distributors.  Please refer to the 
applicable agreement for further details.



+----------------------------------------------------------------------------------------------------------------------------------------------------------------------------------------------------+
; Timing Analyzer Summary                                                                                                                                                                            ;
+------------------------------+-------+---------------+----------------------------------+---------------------------------+---------------------------------+------------+----------+--------------+
; Type                         ; Slack ; Required Time ; Actual Time                      ; From                            ; To                              ; From Clock ; To Clock ; Failed Paths ;
+------------------------------+-------+---------------+----------------------------------+---------------------------------+---------------------------------+------------+----------+--------------+
; Worst-case tsu               ; N/A   ; None          ; 0.554 ns                         ; col[1]                          ; key:inst|key_code[1]            ; --         ; clk      ; 0            ;
; Worst-case tco               ; N/A   ; None          ; 20.188 ns                        ; key_de:inst1|led_sun[4]         ; led_out[4]                      ; clk        ; --       ; 0            ;
; Worst-case th                ; N/A   ; None          ; 3.416 ns                         ; col[1]                          ; key:inst|key_code[0]            ; --         ; clk      ; 0            ;
; Clock Setup: 'clk'           ; N/A   ; None          ; 108.12 MHz ( period = 9.249 ns ) ; clock:inst2|clk_sig_key_20ms[1] ; clock:inst2|clk_sig_key_20ms[0] ; clk        ; clk      ; 0            ;
; Total number of failed paths ;       ;               ;                                  ;                                 ;                                 ;            ;          ; 0            ;
+------------------------------+-------+---------------+----------------------------------+---------------------------------+---------------------------------+------------+----------+--------------+


+-----------------------------------------------------------------------------------------------------------------------------------------------------+
; Timing Analyzer Settings                                                                                                                            ;
+------------------------------------------------------------------------------------------------------+--------------------+------+----+-------------+
; Option                                                                                               ; Setting            ; From ; To ; Entity Name ;
+------------------------------------------------------------------------------------------------------+--------------------+------+----+-------------+
; Device Name                                                                                          ; EPM1270T144C5      ;      ;    ;             ;
; Timing Models                                                                                        ; Final              ;      ;    ;             ;
; Default hold multicycle                                                                              ; Same as Multicycle ;      ;    ;             ;
; Cut paths between unrelated clock domains                                                            ; On                 ;      ;    ;             ;
; Cut off read during write signal paths                                                               ; On                 ;      ;    ;             ;
; Cut off feedback from I/O pins                                                                       ; On                 ;      ;    ;             ;
; Report Combined Fast/Slow Timing                                                                     ; Off                ;      ;    ;             ;
; Ignore Clock Settings                                                                                ; Off                ;      ;    ;             ;
; Analyze latches as synchronous elements                                                              ; On                 ;      ;    ;             ;
; Enable Recovery/Removal analysis                                                                     ; Off                ;      ;    ;             ;
; Enable Clock Latency                                                                                 ; Off                ;      ;    ;             ;
; Use TimeQuest Timing Analyzer                                                                        ; Off                ;      ;    ;             ;
; Minimum Core Junction Temperature                                                                    ; 0                  ;      ;    ;             ;
; Maximum Core Junction Temperature                                                                    ; 85                 ;      ;    ;             ;
; Number of source nodes to report per destination node                                                ; 10                 ;      ;    ;             ;
; Number of destination nodes to report                                                                ; 10                 ;      ;    ;             ;
; Number of paths to report                                                                            ; 200                ;      ;    ;             ;
; Report Minimum Timing Checks                                                                         ; Off                ;      ;    ;             ;
; Use Fast Timing Models                                                                               ; Off                ;      ;    ;             ;
; Report IO Paths Separately                                                                           ; Off                ;      ;    ;             ;
; Perform Multicorner Analysis                                                                         ; Off                ;      ;    ;             ;
; Reports the worst-case path for each clock domain and analysis                                       ; Off                ;      ;    ;             ;
; Reports worst-case timing paths for each clock domain and analysis                                   ; On                 ;      ;    ;             ;
; Specifies the maximum number of worst-case timing paths to report for each clock domain and analysis ; 100                ;      ;    ;             ;
; Removes common clock path pessimism (CCPP) during slack computation                                  ; Off                ;      ;    ;             ;
; Output I/O Timing Endpoint                                                                           ; Near End           ;      ;    ;             ;
+------------------------------------------------------------------------------------------------------+--------------------+------+----+-------------+


+------------------------------------------------------------------------------------------------------------------------------------------------------------------------------------+
; Clock Settings Summary                                                                                                                                                             ;
+-----------------+--------------------+----------+------------------+---------------+--------------+----------+-----------------------+---------------------+--------+--------------+
; Clock Node Name ; Clock Setting Name ; Type     ; Fmax Requirement ; Early Latency ; Late Latency ; Based on ; Multiply Base Fmax by ; Divide Base Fmax by ; Offset ; Phase offset ;
+-----------------+--------------------+----------+------------------+---------------+--------------+----------+-----------------------+---------------------+--------+--------------+
; clk             ;                    ; User Pin ; None             ; 0.000 ns      ; 0.000 ns     ; --       ; N/A                   ; N/A                 ; N/A    ;              ;
+-----------------+--------------------+----------+------------------+---------------+--------------+----------+-----------------------+---------------------+--------+--------------+


Parallel compilation was disabled, but you have multiple processors available. Enable parallel compilation to reduce compilation time.
+-------------------------------------+
; Parallel Compilation                ;
+----------------------------+--------+
; Processors                 ; Number ;
+----------------------------+--------+
; Number detected on machine ; 4      ;
; Maximum allowed            ; 1      ;
+----------------------------+--------+


+---------------------------------------------------------------------------------------------------------------------------------------------------------------------------------------------------------------------------------------------------------------------------------+
; Clock Setup: 'clk'                                                                                                                                                                                                                                                              ;
+-----------------------------------------+-----------------------------------------------------+----------------------------------+----------------------------------+------------+----------+-----------------------------+---------------------------+-------------------------+
; Slack                                   ; Actual fmax (period)                                ; From                             ; To                               ; From Clock ; To Clock ; Required Setup Relationship ; Required Longest P2P Time ; Actual Longest P2P Time ;
+-----------------------------------------+-----------------------------------------------------+----------------------------------+----------------------------------+------------+----------+-----------------------------+---------------------------+-------------------------+
; N/A                                     ; 108.12 MHz ( period = 9.249 ns )                    ; clock:inst2|clk_sig_key_20ms[1]  ; clock:inst2|clk_sig_key_20ms[0]  ; clk        ; clk      ; None                        ; None                      ; 8.540 ns                ;
; N/A                                     ; 108.13 MHz ( period = 9.248 ns )                    ; clock:inst2|clk_sig_key_20ms[1]  ; clock:inst2|clk_sig_key_20ms[14] ; clk        ; clk      ; None                        ; None                      ; 8.539 ns                ;
; N/A                                     ; 108.14 MHz ( period = 9.247 ns )                    ; clock:inst2|clk_sig_key_20ms[1]  ; clock:inst2|clk_sig_key_20ms[17] ; clk        ; clk      ; None                        ; None                      ; 8.538 ns                ;
; N/A                                     ; 108.15 MHz ( period = 9.246 ns )                    ; clock:inst2|clk_sig_key_20ms[1]  ; clock:inst2|clk_sig_key_20ms[6]  ; clk        ; clk      ; None                        ; None                      ; 8.537 ns                ;
; N/A                                     ; 108.18 MHz ( period = 9.244 ns )                    ; clock:inst2|clk_sig_key_20ms[1]  ; clock:inst2|clk_sig_key_20ms[9]  ; clk        ; clk      ; None                        ; None                      ; 8.535 ns                ;
; N/A                                     ; 108.30 MHz ( period = 9.234 ns )                    ; clock:inst2|clk_sig_key_20ms[1]  ; clock:inst2|clk_key_20ms         ; clk        ; clk      ; None                        ; None                      ; 8.525 ns                ;
; N/A                                     ; 108.31 MHz ( period = 9.233 ns )                    ; clock:inst2|clk_sig_key_20ms[1]  ; clock:inst2|clk_sig_key_20ms[18] ; clk        ; clk      ; None                        ; None                      ; 8.524 ns                ;
; N/A                                     ; 108.32 MHz ( period = 9.232 ns )                    ; clock:inst2|clk_sig_key_20ms[1]  ; clock:inst2|clk_sig_key_20ms[16] ; clk        ; clk      ; None                        ; None                      ; 8.523 ns                ;
; N/A                                     ; 108.33 MHz ( period = 9.231 ns )                    ; clock:inst2|clk_sig_key_20ms[1]  ; clock:inst2|clk_sig_key_20ms[19] ; clk        ; clk      ; None                        ; None                      ; 8.522 ns                ;
; N/A                                     ; 108.47 MHz ( period = 9.219 ns )                    ; clock:inst2|clk_sig_key_20ms[0]  ; clock:inst2|clk_sig_key_20ms[0]  ; clk        ; clk      ; None                        ; None                      ; 8.510 ns                ;
; N/A                                     ; 108.48 MHz ( period = 9.218 ns )                    ; clock:inst2|clk_sig_key_20ms[0]  ; clock:inst2|clk_sig_key_20ms[14] ; clk        ; clk      ; None                        ; None                      ; 8.509 ns                ;
; N/A                                     ; 108.50 MHz ( period = 9.217 ns )                    ; clock:inst2|clk_sig_key_20ms[0]  ; clock:inst2|clk_sig_key_20ms[17] ; clk        ; clk      ; None                        ; None                      ; 8.508 ns                ;
; N/A                                     ; 108.51 MHz ( period = 9.216 ns )                    ; clock:inst2|clk_sig_key_20ms[0]  ; clock:inst2|clk_sig_key_20ms[6]  ; clk        ; clk      ; None                        ; None                      ; 8.507 ns                ;
; N/A                                     ; 108.53 MHz ( period = 9.214 ns )                    ; clock:inst2|clk_sig_key_20ms[0]  ; clock:inst2|clk_sig_key_20ms[9]  ; clk        ; clk      ; None                        ; None                      ; 8.505 ns                ;
; N/A                                     ; 108.65 MHz ( period = 9.204 ns )                    ; clock:inst2|clk_sig_key_20ms[0]  ; clock:inst2|clk_key_20ms         ; clk        ; clk      ; None                        ; None                      ; 8.495 ns                ;
; N/A                                     ; 108.66 MHz ( period = 9.203 ns )                    ; clock:inst2|clk_sig_key_20ms[0]  ; clock:inst2|clk_sig_key_20ms[18] ; clk        ; clk      ; None                        ; None                      ; 8.494 ns                ;
; N/A                                     ; 108.67 MHz ( period = 9.202 ns )                    ; clock:inst2|clk_sig_key_20ms[0]  ; clock:inst2|clk_sig_key_20ms[16] ; clk        ; clk      ; None                        ; None                      ; 8.493 ns                ;
; N/A                                     ; 108.68 MHz ( period = 9.201 ns )                    ; clock:inst2|clk_sig_key_20ms[0]  ; clock:inst2|clk_sig_key_20ms[19] ; clk        ; clk      ; None                        ; None                      ; 8.492 ns                ;
; N/A                                     ; 110.23 MHz ( period = 9.072 ns )                    ; clock:inst2|clk_sig_key_2ms[3]   ; clock:inst2|clk_sig_key_2ms[14]  ; clk        ; clk      ; None                        ; None                      ; 8.363 ns                ;
; N/A                                     ; 111.26 MHz ( period = 8.988 ns )                    ; clock:inst2|clk_sig_key_2ms[4]   ; clock:inst2|clk_sig_key_2ms[14]  ; clk        ; clk      ; None                        ; None                      ; 8.279 ns                ;
; N/A                                     ; 111.40 MHz ( period = 8.977 ns )                    ; clock:inst2|clk_sig_key_2ms[5]   ; clock:inst2|clk_sig_key_2ms[14]  ; clk        ; clk      ; None                        ; None                      ; 8.268 ns                ;
; N/A                                     ; 111.63 MHz ( period = 8.958 ns )                    ; clock:inst2|clk_sig_key_20ms[2]  ; clock:inst2|clk_sig_key_20ms[0]  ; clk        ; clk      ; None                        ; None                      ; 8.249 ns                ;
; N/A                                     ; 111.64 MHz ( period = 8.957 ns )                    ; clock:inst2|clk_sig_key_20ms[2]  ; clock:inst2|clk_sig_key_20ms[14] ; clk        ; clk      ; None                        ; None                      ; 8.248 ns                ;
; N/A                                     ; 111.66 MHz ( period = 8.956 ns )                    ; clock:inst2|clk_sig_key_20ms[2]  ; clock:inst2|clk_sig_key_20ms[17] ; clk        ; clk      ; None                        ; None                      ; 8.247 ns                ;
; N/A                                     ; 111.67 MHz ( period = 8.955 ns )                    ; clock:inst2|clk_sig_key_20ms[2]  ; clock:inst2|clk_sig_key_20ms[6]  ; clk        ; clk      ; None                        ; None                      ; 8.246 ns                ;
; N/A                                     ; 111.69 MHz ( period = 8.953 ns )                    ; clock:inst2|clk_sig_key_20ms[2]  ; clock:inst2|clk_sig_key_20ms[9]  ; clk        ; clk      ; None                        ; None                      ; 8.244 ns                ;
; N/A                                     ; 111.82 MHz ( period = 8.943 ns )                    ; clock:inst2|clk_sig_key_20ms[2]  ; clock:inst2|clk_key_20ms         ; clk        ; clk      ; None                        ; None                      ; 8.234 ns                ;
; N/A                                     ; 111.83 MHz ( period = 8.942 ns )                    ; clock:inst2|clk_sig_key_20ms[2]  ; clock:inst2|clk_sig_key_20ms[18] ; clk        ; clk      ; None                        ; None                      ; 8.233 ns                ;
; N/A                                     ; 111.84 MHz ( period = 8.941 ns )                    ; clock:inst2|clk_sig_key_20ms[2]  ; clock:inst2|clk_sig_key_20ms[16] ; clk        ; clk      ; None                        ; None                      ; 8.232 ns                ;
; N/A                                     ; 111.86 MHz ( period = 8.940 ns )                    ; clock:inst2|clk_sig_key_20ms[2]  ; clock:inst2|clk_sig_key_20ms[19] ; clk        ; clk      ; None                        ; None                      ; 8.231 ns                ;
; N/A                                     ; 111.94 MHz ( period = 8.933 ns )                    ; clock:inst2|clk_sig_key_2ms[0]   ; clock:inst2|clk_sig_key_2ms[16]  ; clk        ; clk      ; None                        ; None                      ; 8.224 ns                ;
; N/A                                     ; 112.54 MHz ( period = 8.886 ns )                    ; clock:inst2|clk_sig_key_20ms[9]  ; clock:inst2|clk_sig_key_20ms[14] ; clk        ; clk      ; None                        ; None                      ; 8.177 ns                ;
; N/A                                     ; 112.78 MHz ( period = 8.867 ns )                    ; clock:inst2|clk_sig_key_20ms[9]  ; clock:inst2|clk_sig_key_20ms[18] ; clk        ; clk      ; None                        ; None                      ; 8.158 ns                ;
; N/A                                     ; 113.93 MHz ( period = 8.777 ns )                    ; clock:inst2|clk_sig_key_20ms[6]  ; clock:inst2|clk_sig_key_20ms[0]  ; clk        ; clk      ; None                        ; None                      ; 8.068 ns                ;
; N/A                                     ; 113.95 MHz ( period = 8.776 ns )                    ; clock:inst2|clk_sig_key_20ms[6]  ; clock:inst2|clk_sig_key_20ms[14] ; clk        ; clk      ; None                        ; None                      ; 8.067 ns                ;
; N/A                                     ; 113.96 MHz ( period = 8.775 ns )                    ; clock:inst2|clk_sig_key_20ms[6]  ; clock:inst2|clk_sig_key_20ms[17] ; clk        ; clk      ; None                        ; None                      ; 8.066 ns                ;
; N/A                                     ; 113.97 MHz ( period = 8.774 ns )                    ; clock:inst2|clk_sig_key_20ms[6]  ; clock:inst2|clk_sig_key_20ms[6]  ; clk        ; clk      ; None                        ; None                      ; 8.065 ns                ;
; N/A                                     ; 114.00 MHz ( period = 8.772 ns )                    ; clock:inst2|clk_sig_key_20ms[6]  ; clock:inst2|clk_sig_key_20ms[9]  ; clk        ; clk      ; None                        ; None                      ; 8.063 ns                ;
; N/A                                     ; 114.12 MHz ( period = 8.763 ns )                    ; clock:inst2|clk_sig_key_20ms[3]  ; clock:inst2|clk_sig_key_20ms[14] ; clk        ; clk      ; None                        ; None                      ; 8.054 ns                ;
; N/A                                     ; 114.13 MHz ( period = 8.762 ns )                    ; clock:inst2|clk_sig_key_20ms[6]  ; clock:inst2|clk_key_20ms         ; clk        ; clk      ; None                        ; None                      ; 8.053 ns                ;
; N/A                                     ; 114.14 MHz ( period = 8.761 ns )                    ; clock:inst2|clk_sig_key_20ms[6]  ; clock:inst2|clk_sig_key_20ms[18] ; clk        ; clk      ; None                        ; None                      ; 8.052 ns                ;
; N/A                                     ; 114.16 MHz ( period = 8.760 ns )                    ; clock:inst2|clk_sig_key_20ms[6]  ; clock:inst2|clk_sig_key_20ms[16] ; clk        ; clk      ; None                        ; None                      ; 8.051 ns                ;
; N/A                                     ; 114.17 MHz ( period = 8.759 ns )                    ; clock:inst2|clk_sig_key_20ms[6]  ; clock:inst2|clk_sig_key_20ms[19] ; clk        ; clk      ; None                        ; None                      ; 8.050 ns                ;
; N/A                                     ; 114.21 MHz ( period = 8.756 ns )                    ; clock:inst2|clk_sig_key_2ms[2]   ; clock:inst2|clk_sig_key_2ms[16]  ; clk        ; clk      ; None                        ; None                      ; 8.047 ns                ;
; N/A                                     ; 114.36 MHz ( period = 8.744 ns )                    ; clock:inst2|clk_sig_key_20ms[3]  ; clock:inst2|clk_sig_key_20ms[18] ; clk        ; clk      ; None                        ; None                      ; 8.035 ns                ;
; N/A                                     ; 114.72 MHz ( period = 8.717 ns )                    ; clock:inst2|clk_sig_key_2ms[0]   ; clock:inst2|clk_sig_key_2ms[0]   ; clk        ; clk      ; None                        ; None                      ; 8.008 ns                ;
; N/A                                     ; 115.00 MHz ( period = 8.696 ns )                    ; clock:inst2|clk_sig_key_2ms[2]   ; clock:inst2|clk_sig_key_2ms[14]  ; clk        ; clk      ; None                        ; None                      ; 7.987 ns                ;
; N/A                                     ; 115.29 MHz ( period = 8.674 ns )                    ; clock:inst2|clk_sig_key_2ms[9]   ; clock:inst2|clk_sig_key_2ms[14]  ; clk        ; clk      ; None                        ; None                      ; 7.965 ns                ;
; N/A                                     ; 115.53 MHz ( period = 8.656 ns )                    ; clock:inst2|clk_sig_key_20ms[11] ; clock:inst2|clk_sig_key_20ms[18] ; clk        ; clk      ; None                        ; None                      ; 7.947 ns                ;
; N/A                                     ; 115.53 MHz ( period = 8.656 ns )                    ; clock:inst2|clk_sig_key_2ms[7]   ; clock:inst2|clk_sig_key_2ms[14]  ; clk        ; clk      ; None                        ; None                      ; 7.947 ns                ;
; N/A                                     ; 116.08 MHz ( period = 8.615 ns )                    ; clock:inst2|clk_sig_key_20ms[0]  ; clock:inst2|clk_sig_key_20ms[15] ; clk        ; clk      ; None                        ; None                      ; 7.906 ns                ;
; N/A                                     ; 116.09 MHz ( period = 8.614 ns )                    ; clock:inst2|clk_sig_key_2ms[3]   ; clock:inst2|clk_sig_key_2ms[12]  ; clk        ; clk      ; None                        ; None                      ; 7.905 ns                ;
; N/A                                     ; 116.66 MHz ( period = 8.572 ns )                    ; clock:inst2|clk_sig_key_20ms[5]  ; clock:inst2|clk_sig_key_20ms[14] ; clk        ; clk      ; None                        ; None                      ; 7.863 ns                ;
; N/A                                     ; 116.92 MHz ( period = 8.553 ns )                    ; clock:inst2|clk_sig_key_20ms[5]  ; clock:inst2|clk_sig_key_20ms[18] ; clk        ; clk      ; None                        ; None                      ; 7.844 ns                ;
; N/A                                     ; 117.10 MHz ( period = 8.540 ns )                    ; clock:inst2|clk_sig_key_2ms[2]   ; clock:inst2|clk_sig_key_2ms[0]   ; clk        ; clk      ; None                        ; None                      ; 7.831 ns                ;
; N/A                                     ; 117.23 MHz ( period = 8.530 ns )                    ; clock:inst2|clk_sig_key_2ms[4]   ; clock:inst2|clk_sig_key_2ms[12]  ; clk        ; clk      ; None                        ; None                      ; 7.821 ns                ;
; N/A                                     ; 117.33 MHz ( period = 8.523 ns )                    ; clock:inst2|clk_sig_key_20ms[9]  ; clock:inst2|clk_sig_key_20ms[15] ; clk        ; clk      ; None                        ; None                      ; 7.814 ns                ;
; N/A                                     ; 117.38 MHz ( period = 8.519 ns )                    ; clock:inst2|clk_sig_key_2ms[5]   ; clock:inst2|clk_sig_key_2ms[12]  ; clk        ; clk      ; None                        ; None                      ; 7.810 ns                ;
; N/A                                     ; 117.54 MHz ( period = 8.508 ns )                    ; clock:inst2|clk_sig_key_20ms[10] ; clock:inst2|clk_sig_key_20ms[18] ; clk        ; clk      ; None                        ; None                      ; 7.799 ns                ;
; N/A                                     ; 117.72 MHz ( period = 8.495 ns )                    ; clock:inst2|clk_sig_key_2ms[8]   ; clock:inst2|clk_sig_key_2ms[14]  ; clk        ; clk      ; None                        ; None                      ; 7.786 ns                ;
; N/A                                     ; 117.92 MHz ( period = 8.480 ns )                    ; clock:inst2|clk_sig_key_2ms[6]   ; clock:inst2|clk_sig_key_2ms[14]  ; clk        ; clk      ; None                        ; None                      ; 7.771 ns                ;
; N/A                                     ; 119.05 MHz ( period = 8.400 ns )                    ; clock:inst2|clk_sig_key_20ms[3]  ; clock:inst2|clk_sig_key_20ms[15] ; clk        ; clk      ; None                        ; None                      ; 7.691 ns                ;
; N/A                                     ; 119.33 MHz ( period = 8.380 ns )                    ; clock:inst2|clk_sig_key_2ms[3]   ; clock:inst2|clk_sig_key_2ms[10]  ; clk        ; clk      ; None                        ; None                      ; 7.671 ns                ;
; N/A                                     ; 119.39 MHz ( period = 8.376 ns )                    ; clock:inst2|clk_sig_key_20ms[14] ; clock:inst2|clk_sig_key_20ms[0]  ; clk        ; clk      ; None                        ; None                      ; 7.667 ns                ;
; N/A                                     ; 119.40 MHz ( period = 8.375 ns )                    ; clock:inst2|clk_sig_key_20ms[14] ; clock:inst2|clk_sig_key_20ms[14] ; clk        ; clk      ; None                        ; None                      ; 7.666 ns                ;
; N/A                                     ; 119.42 MHz ( period = 8.374 ns )                    ; clock:inst2|clk_sig_key_20ms[14] ; clock:inst2|clk_sig_key_20ms[17] ; clk        ; clk      ; None                        ; None                      ; 7.665 ns                ;
; N/A                                     ; 119.43 MHz ( period = 8.373 ns )                    ; clock:inst2|clk_sig_key_20ms[14] ; clock:inst2|clk_sig_key_20ms[6]  ; clk        ; clk      ; None                        ; None                      ; 7.664 ns                ;
; N/A                                     ; 119.46 MHz ( period = 8.371 ns )                    ; clock:inst2|clk_sig_key_20ms[14] ; clock:inst2|clk_sig_key_20ms[9]  ; clk        ; clk      ; None                        ; None                      ; 7.662 ns                ;
; N/A                                     ; 119.60 MHz ( period = 8.361 ns )                    ; clock:inst2|clk_sig_key_20ms[14] ; clock:inst2|clk_key_20ms         ; clk        ; clk      ; None                        ; None                      ; 7.652 ns                ;
; N/A                                     ; 119.62 MHz ( period = 8.360 ns )                    ; clock:inst2|clk_sig_key_20ms[14] ; clock:inst2|clk_sig_key_20ms[18] ; clk        ; clk      ; None                        ; None                      ; 7.651 ns                ;
; N/A                                     ; 119.63 MHz ( period = 8.359 ns )                    ; clock:inst2|clk_sig_key_20ms[14] ; clock:inst2|clk_sig_key_20ms[16] ; clk        ; clk      ; None                        ; None                      ; 7.650 ns                ;
; N/A                                     ; 119.65 MHz ( period = 8.358 ns )                    ; clock:inst2|clk_sig_key_20ms[14] ; clock:inst2|clk_sig_key_20ms[19] ; clk        ; clk      ; None                        ; None                      ; 7.649 ns                ;
; N/A                                     ; 119.65 MHz ( period = 8.358 ns )                    ; clock:inst2|clk_sig_key_20ms[4]  ; clock:inst2|clk_sig_key_20ms[14] ; clk        ; clk      ; None                        ; None                      ; 7.649 ns                ;
; N/A                                     ; 119.67 MHz ( period = 8.356 ns )                    ; clock:inst2|clk_sig_key_20ms[7]  ; clock:inst2|clk_sig_key_20ms[14] ; clk        ; clk      ; None                        ; None                      ; 7.647 ns                ;
; N/A                                     ; 119.80 MHz ( period = 8.347 ns )                    ; clock:inst2|clk_sig_key_2ms[10]  ; clock:inst2|clk_sig_key_2ms[14]  ; clk        ; clk      ; None                        ; None                      ; 7.638 ns                ;
; N/A                                     ; 119.92 MHz ( period = 8.339 ns )                    ; clock:inst2|clk_sig_key_20ms[4]  ; clock:inst2|clk_sig_key_20ms[18] ; clk        ; clk      ; None                        ; None                      ; 7.630 ns                ;
; N/A                                     ; 119.95 MHz ( period = 8.337 ns )                    ; clock:inst2|clk_sig_key_20ms[7]  ; clock:inst2|clk_sig_key_20ms[18] ; clk        ; clk      ; None                        ; None                      ; 7.628 ns                ;
; N/A                                     ; 120.00 MHz ( period = 8.333 ns )                    ; clock:inst2|clk_sig_key_20ms[1]  ; clock:inst2|clk_sig_key_20ms[15] ; clk        ; clk      ; None                        ; None                      ; 7.624 ns                ;
; N/A                                     ; 120.31 MHz ( period = 8.312 ns )                    ; clock:inst2|clk_sig_key_20ms[11] ; clock:inst2|clk_sig_key_20ms[15] ; clk        ; clk      ; None                        ; None                      ; 7.603 ns                ;
; N/A                                     ; 120.54 MHz ( period = 8.296 ns )                    ; clock:inst2|clk_sig_key_20ms[6]  ; clock:inst2|clk_sig_key_20ms[15] ; clk        ; clk      ; None                        ; None                      ; 7.587 ns                ;
; N/A                                     ; 120.54 MHz ( period = 8.296 ns )                    ; clock:inst2|clk_sig_key_2ms[4]   ; clock:inst2|clk_sig_key_2ms[10]  ; clk        ; clk      ; None                        ; None                      ; 7.587 ns                ;
; N/A                                     ; 120.70 MHz ( period = 8.285 ns )                    ; clock:inst2|clk_sig_key_2ms[5]   ; clock:inst2|clk_sig_key_2ms[10]  ; clk        ; clk      ; None                        ; None                      ; 7.576 ns                ;
; N/A                                     ; 120.70 MHz ( period = 8.285 ns )                    ; clock:inst2|clk_sig_key_2ms[14]  ; clock:inst2|clk_sig_key_2ms[15]  ; clk        ; clk      ; None                        ; None                      ; 7.576 ns                ;
; N/A                                     ; 120.73 MHz ( period = 8.283 ns )                    ; clock:inst2|clk_sig_key_2ms[0]   ; clock:inst2|clk_sig_key_2ms[14]  ; clk        ; clk      ; None                        ; None                      ; 7.574 ns                ;
; N/A                                     ; 120.90 MHz ( period = 8.271 ns )                    ; clock:inst2|clk_sig_key_20ms[9]  ; clock:inst2|clk_sig_key_20ms[17] ; clk        ; clk      ; None                        ; None                      ; 7.562 ns                ;
; N/A                                     ; 121.27 MHz ( period = 8.246 ns )                    ; clock:inst2|clk_sig_key_2ms[3]   ; clock:inst2|clk_sig_key_2ms[9]   ; clk        ; clk      ; None                        ; None                      ; 7.537 ns                ;
; N/A                                     ; 121.29 MHz ( period = 8.245 ns )                    ; clock:inst2|clk_sig_key_20ms[0]  ; clock:inst2|clk_sig_key_20ms[8]  ; clk        ; clk      ; None                        ; None                      ; 7.536 ns                ;
; N/A                                     ; 121.29 MHz ( period = 8.245 ns )                    ; clock:inst2|clk_sig_key_2ms[3]   ; clock:inst2|clk_sig_key_2ms[15]  ; clk        ; clk      ; None                        ; None                      ; 7.536 ns                ;
; N/A                                     ; 121.30 MHz ( period = 8.244 ns )                    ; clock:inst2|clk_sig_key_2ms[14]  ; clock:inst2|clk_sig_key_2ms[16]  ; clk        ; clk      ; None                        ; None                      ; 7.535 ns                ;
; N/A                                     ; 121.34 MHz ( period = 8.241 ns )                    ; clock:inst2|clk_sig_key_20ms[11] ; clock:inst2|clk_sig_key_20ms[14] ; clk        ; clk      ; None                        ; None                      ; 7.532 ns                ;
; N/A                                     ; 121.39 MHz ( period = 8.238 ns )                    ; clock:inst2|clk_sig_key_2ms[2]   ; clock:inst2|clk_sig_key_2ms[12]  ; clk        ; clk      ; None                        ; None                      ; 7.529 ns                ;
; N/A                                     ; 121.46 MHz ( period = 8.233 ns )                    ; clock:inst2|clk_sig_key_2ms[14]  ; clock:inst2|clk_sig_key_2ms[14]  ; clk        ; clk      ; None                        ; None                      ; 7.524 ns                ;
; N/A                                     ; 121.52 MHz ( period = 8.229 ns )                    ; clock:inst2|clk_sig_key_20ms[8]  ; clock:inst2|clk_sig_key_20ms[14] ; clk        ; clk      ; None                        ; None                      ; 7.520 ns                ;
; N/A                                     ; 121.57 MHz ( period = 8.226 ns )                    ; clock:inst2|clk_sig_key_2ms[0]   ; clock:inst2|clk_sig_key_2ms[9]   ; clk        ; clk      ; None                        ; None                      ; 7.517 ns                ;
; N/A                                     ; 121.57 MHz ( period = 8.226 ns )                    ; clock:inst2|clk_sig_key_2ms[0]   ; clock:inst2|clk_sig_key_2ms[15]  ; clk        ; clk      ; None                        ; None                      ; 7.517 ns                ;
; N/A                                     ; 121.65 MHz ( period = 8.220 ns )                    ; clock:inst2|clk_sig_key_20ms[2]  ; clock:inst2|clk_sig_key_20ms[15] ; clk        ; clk      ; None                        ; None                      ; 7.511 ns                ;
; N/A                                     ; 121.80 MHz ( period = 8.210 ns )                    ; clock:inst2|clk_sig_key_20ms[8]  ; clock:inst2|clk_sig_key_20ms[18] ; clk        ; clk      ; None                        ; None                      ; 7.501 ns                ;
; N/A                                     ; 121.82 MHz ( period = 8.209 ns )                    ; clock:inst2|clk_sig_key_20ms[5]  ; clock:inst2|clk_sig_key_20ms[15] ; clk        ; clk      ; None                        ; None                      ; 7.500 ns                ;
; N/A                                     ; 121.98 MHz ( period = 8.198 ns )                    ; clock:inst2|clk_sig_key_2ms[7]   ; clock:inst2|clk_sig_key_2ms[12]  ; clk        ; clk      ; None                        ; None                      ; 7.489 ns                ;
; N/A                                     ; 122.26 MHz ( period = 8.179 ns )                    ; clock:inst2|clk_sig_key_2ms[3]   ; clock:inst2|clk_sig_key_2ms[16]  ; clk        ; clk      ; None                        ; None                      ; 7.470 ns                ;
; N/A                                     ; 122.35 MHz ( period = 8.173 ns )                    ; clock:inst2|clk_sig_key_20ms[12] ; clock:inst2|clk_sig_key_20ms[18] ; clk        ; clk      ; None                        ; None                      ; 7.464 ns                ;
; N/A                                     ; 122.49 MHz ( period = 8.164 ns )                    ; clock:inst2|clk_sig_key_20ms[10] ; clock:inst2|clk_sig_key_20ms[15] ; clk        ; clk      ; None                        ; None                      ; 7.455 ns                ;
; N/A                                     ; 122.52 MHz ( period = 8.162 ns )                    ; clock:inst2|clk_sig_key_2ms[4]   ; clock:inst2|clk_sig_key_2ms[9]   ; clk        ; clk      ; None                        ; None                      ; 7.453 ns                ;
; N/A                                     ; 122.53 MHz ( period = 8.161 ns )                    ; clock:inst2|clk_sig_key_2ms[4]   ; clock:inst2|clk_sig_key_2ms[15]  ; clk        ; clk      ; None                        ; None                      ; 7.452 ns                ;
; N/A                                     ; 122.68 MHz ( period = 8.151 ns )                    ; clock:inst2|clk_sig_key_20ms[9]  ; clock:inst2|clk_sig_key_20ms[16] ; clk        ; clk      ; None                        ; None                      ; 7.442 ns                ;
; N/A                                     ; 122.68 MHz ( period = 8.151 ns )                    ; clock:inst2|clk_sig_key_2ms[5]   ; clock:inst2|clk_sig_key_2ms[9]   ; clk        ; clk      ; None                        ; None                      ; 7.442 ns                ;
; N/A                                     ; 122.70 MHz ( period = 8.150 ns )                    ; clock:inst2|clk_sig_key_2ms[5]   ; clock:inst2|clk_sig_key_2ms[15]  ; clk        ; clk      ; None                        ; None                      ; 7.441 ns                ;
; N/A                                     ; 122.73 MHz ( period = 8.148 ns )                    ; clock:inst2|clk_sig_key_20ms[3]  ; clock:inst2|clk_sig_key_20ms[17] ; clk        ; clk      ; None                        ; None                      ; 7.439 ns                ;
; N/A                                     ; 122.73 MHz ( period = 8.148 ns )                    ; clock:inst2|clk_sig_key_2ms[12]  ; clock:inst2|clk_sig_key_2ms[14]  ; clk        ; clk      ; None                        ; None                      ; 7.439 ns                ;
; N/A                                     ; 122.80 MHz ( period = 8.143 ns )                    ; clock:inst2|clk_sig_key_20ms[0]  ; clock:inst2|clk_sig_key_20ms[10] ; clk        ; clk      ; None                        ; None                      ; 7.434 ns                ;
; N/A                                     ; 122.84 MHz ( period = 8.141 ns )                    ; clock:inst2|clk_sig_key_20ms[3]  ; clock:inst2|clk_sig_key_20ms[9]  ; clk        ; clk      ; None                        ; None                      ; 7.432 ns                ;
; N/A                                     ; 122.99 MHz ( period = 8.131 ns )                    ; clock:inst2|clk_sig_key_20ms[9]  ; clock:inst2|clk_sig_key_20ms[19] ; clk        ; clk      ; None                        ; None                      ; 7.422 ns                ;
; N/A                                     ; 123.11 MHz ( period = 8.123 ns )                    ; clock:inst2|clk_sig_key_20ms[0]  ; clock:inst2|clk_sig_key_20ms[13] ; clk        ; clk      ; None                        ; None                      ; 7.414 ns                ;
; N/A                                     ; 123.56 MHz ( period = 8.093 ns )                    ; clock:inst2|clk_sig_key_20ms[10] ; clock:inst2|clk_sig_key_20ms[14] ; clk        ; clk      ; None                        ; None                      ; 7.384 ns                ;
; N/A                                     ; 124.07 MHz ( period = 8.060 ns )                    ; clock:inst2|clk_sig_key_20ms[11] ; clock:inst2|clk_sig_key_20ms[17] ; clk        ; clk      ; None                        ; None                      ; 7.351 ns                ;
; N/A                                     ; 124.21 MHz ( period = 8.051 ns )                    ; clock:inst2|clk_sig_key_20ms[9]  ; clock:inst2|clk_sig_key_20ms[10] ; clk        ; clk      ; None                        ; None                      ; 7.342 ns                ;
; N/A                                     ; 124.22 MHz ( period = 8.050 ns )                    ; clock:inst2|clk_sig_key_2ms[3]   ; clock:inst2|clk_sig_key_2ms[7]   ; clk        ; clk      ; None                        ; None                      ; 7.341 ns                ;
; N/A                                     ; 124.24 MHz ( period = 8.049 ns )                    ; clock:inst2|clk_sig_key_2ms[2]   ; clock:inst2|clk_sig_key_2ms[9]   ; clk        ; clk      ; None                        ; None                      ; 7.340 ns                ;
; N/A                                     ; 124.24 MHz ( period = 8.049 ns )                    ; clock:inst2|clk_sig_key_2ms[2]   ; clock:inst2|clk_sig_key_2ms[15]  ; clk        ; clk      ; None                        ; None                      ; 7.340 ns                ;
; N/A                                     ; 124.52 MHz ( period = 8.031 ns )                    ; clock:inst2|clk_sig_key_20ms[9]  ; clock:inst2|clk_sig_key_20ms[13] ; clk        ; clk      ; None                        ; None                      ; 7.322 ns                ;
; N/A                                     ; 124.53 MHz ( period = 8.030 ns )                    ; clock:inst2|clk_sig_key_20ms[3]  ; clock:inst2|clk_sig_key_20ms[8]  ; clk        ; clk      ; None                        ; None                      ; 7.321 ns                ;
; N/A                                     ; 124.56 MHz ( period = 8.028 ns )                    ; clock:inst2|clk_sig_key_20ms[3]  ; clock:inst2|clk_sig_key_20ms[16] ; clk        ; clk      ; None                        ; None                      ; 7.319 ns                ;
; N/A                                     ; 124.56 MHz ( period = 8.028 ns )                    ; clock:inst2|clk_sig_key_2ms[14]  ; clock:inst2|clk_sig_key_2ms[0]   ; clk        ; clk      ; None                        ; None                      ; 7.319 ns                ;
; N/A                                     ; 124.66 MHz ( period = 8.022 ns )                    ; clock:inst2|clk_sig_key_2ms[6]   ; clock:inst2|clk_sig_key_2ms[12]  ; clk        ; clk      ; None                        ; None                      ; 7.313 ns                ;
; N/A                                     ; 124.73 MHz ( period = 8.017 ns )                    ; clock:inst2|clk_sig_key_20ms[0]  ; clock:inst2|clk_sig_key_20ms[12] ; clk        ; clk      ; None                        ; None                      ; 7.308 ns                ;
; N/A                                     ; 124.88 MHz ( period = 8.008 ns )                    ; clock:inst2|clk_sig_key_20ms[3]  ; clock:inst2|clk_sig_key_20ms[19] ; clk        ; clk      ; None                        ; None                      ; 7.299 ns                ;
; N/A                                     ; 124.94 MHz ( period = 8.004 ns )                    ; clock:inst2|clk_sig_key_2ms[2]   ; clock:inst2|clk_sig_key_2ms[10]  ; clk        ; clk      ; None                        ; None                      ; 7.295 ns                ;
; N/A                                     ; 125.08 MHz ( period = 7.995 ns )                    ; clock:inst2|clk_sig_key_20ms[4]  ; clock:inst2|clk_sig_key_20ms[15] ; clk        ; clk      ; None                        ; None                      ; 7.286 ns                ;
; N/A                                     ; 125.11 MHz ( period = 7.993 ns )                    ; clock:inst2|clk_sig_key_20ms[7]  ; clock:inst2|clk_sig_key_20ms[15] ; clk        ; clk      ; None                        ; None                      ; 7.284 ns                ;
; N/A                                     ; 125.45 MHz ( period = 7.971 ns )                    ; clock:inst2|clk_sig_key_2ms[2]   ; clock:inst2|clk_sig_key_2ms[5]   ; clk        ; clk      ; None                        ; None                      ; 7.262 ns                ;
; N/A                                     ; 125.52 MHz ( period = 7.967 ns )                    ; clock:inst2|clk_sig_key_20ms[0]  ; clock:inst2|clk_sig_key_20ms[11] ; clk        ; clk      ; None                        ; None                      ; 7.258 ns                ;
; N/A                                     ; 125.53 MHz ( period = 7.966 ns )                    ; clock:inst2|clk_sig_key_2ms[4]   ; clock:inst2|clk_sig_key_2ms[7]   ; clk        ; clk      ; None                        ; None                      ; 7.257 ns                ;
; N/A                                     ; 125.57 MHz ( period = 7.964 ns )                    ; clock:inst2|clk_sig_key_2ms[7]   ; clock:inst2|clk_sig_key_2ms[10]  ; clk        ; clk      ; None                        ; None                      ; 7.255 ns                ;
; N/A                                     ; 125.58 MHz ( period = 7.963 ns )                    ; clock:inst2|clk_sig_key_20ms[1]  ; clock:inst2|clk_sig_key_20ms[8]  ; clk        ; clk      ; None                        ; None                      ; 7.254 ns                ;
; N/A                                     ; 125.58 MHz ( period = 7.963 ns )                    ; clock:inst2|clk_sig_key_2ms[3]   ; clock:inst2|clk_sig_key_2ms[0]   ; clk        ; clk      ; None                        ; None                      ; 7.254 ns                ;
; N/A                                     ; 125.68 MHz ( period = 7.957 ns )                    ; clock:inst2|clk_sig_key_20ms[5]  ; clock:inst2|clk_sig_key_20ms[17] ; clk        ; clk      ; None                        ; None                      ; 7.248 ns                ;
; N/A                                     ; 125.71 MHz ( period = 7.955 ns )                    ; clock:inst2|clk_sig_key_2ms[5]   ; clock:inst2|clk_sig_key_2ms[7]   ; clk        ; clk      ; None                        ; None                      ; 7.246 ns                ;
; N/A                                     ; 125.94 MHz ( period = 7.940 ns )                    ; clock:inst2|clk_sig_key_20ms[11] ; clock:inst2|clk_sig_key_20ms[16] ; clk        ; clk      ; None                        ; None                      ; 7.231 ns                ;
; N/A                                     ; 126.14 MHz ( period = 7.928 ns )                    ; clock:inst2|clk_sig_key_20ms[3]  ; clock:inst2|clk_sig_key_20ms[10] ; clk        ; clk      ; None                        ; None                      ; 7.219 ns                ;
; N/A                                     ; 126.18 MHz ( period = 7.925 ns )                    ; clock:inst2|clk_sig_key_20ms[9]  ; clock:inst2|clk_sig_key_20ms[12] ; clk        ; clk      ; None                        ; None                      ; 7.216 ns                ;
; N/A                                     ; 126.26 MHz ( period = 7.920 ns )                    ; clock:inst2|clk_sig_key_20ms[11] ; clock:inst2|clk_sig_key_20ms[19] ; clk        ; clk      ; None                        ; None                      ; 7.211 ns                ;
; N/A                                     ; 126.39 MHz ( period = 7.912 ns )                    ; clock:inst2|clk_sig_key_20ms[10] ; clock:inst2|clk_sig_key_20ms[17] ; clk        ; clk      ; None                        ; None                      ; 7.203 ns                ;
; N/A                                     ; 126.45 MHz ( period = 7.908 ns )                    ; clock:inst2|clk_sig_key_20ms[3]  ; clock:inst2|clk_sig_key_20ms[13] ; clk        ; clk      ; None                        ; None                      ; 7.199 ns                ;
; N/A                                     ; 126.73 MHz ( period = 7.891 ns )                    ; clock:inst2|clk_sig_key_2ms[3]   ; clock:inst2|clk_sig_key_2ms[5]   ; clk        ; clk      ; None                        ; None                      ; 7.182 ns                ;
; N/A                                     ; 126.84 MHz ( period = 7.884 ns )                    ; clock:inst2|clk_sig_key_2ms[2]   ; clock:inst2|clk_sig_key_2ms[7]   ; clk        ; clk      ; None                        ; None                      ; 7.175 ns                ;
; N/A                                     ; 126.98 MHz ( period = 7.875 ns )                    ; clock:inst2|clk_sig_key_20ms[9]  ; clock:inst2|clk_sig_key_20ms[11] ; clk        ; clk      ; None                        ; None                      ; 7.166 ns                ;
; N/A                                     ; 127.06 MHz ( period = 7.870 ns )                    ; clock:inst2|clk_sig_key_20ms[9]  ; clock:inst2|clk_sig_key_20ms[0]  ; clk        ; clk      ; None                        ; None                      ; 7.161 ns                ;
; N/A                                     ; 127.11 MHz ( period = 7.867 ns )                    ; clock:inst2|clk_sig_key_20ms[9]  ; clock:inst2|clk_sig_key_20ms[6]  ; clk        ; clk      ; None                        ; None                      ; 7.158 ns                ;
; N/A                                     ; 127.13 MHz ( period = 7.866 ns )                    ; clock:inst2|clk_sig_key_20ms[8]  ; clock:inst2|clk_sig_key_20ms[15] ; clk        ; clk      ; None                        ; None                      ; 7.157 ns                ;
; N/A                                     ; 127.15 MHz ( period = 7.865 ns )                    ; clock:inst2|clk_sig_key_20ms[9]  ; clock:inst2|clk_sig_key_20ms[9]  ; clk        ; clk      ; None                        ; None                      ; 7.156 ns                ;
; N/A                                     ; 127.21 MHz ( period = 7.861 ns )                    ; clock:inst2|clk_sig_key_20ms[1]  ; clock:inst2|clk_sig_key_20ms[10] ; clk        ; clk      ; None                        ; None                      ; 7.152 ns                ;
; N/A                                     ; 127.31 MHz ( period = 7.855 ns )                    ; clock:inst2|clk_sig_key_20ms[9]  ; clock:inst2|clk_key_20ms         ; clk        ; clk      ; None                        ; None                      ; 7.146 ns                ;
; N/A                                     ; 127.39 MHz ( period = 7.850 ns )                    ; clock:inst2|clk_sig_key_20ms[2]  ; clock:inst2|clk_sig_key_20ms[8]  ; clk        ; clk      ; None                        ; None                      ; 7.141 ns                ;
; N/A                                     ; 127.44 MHz ( period = 7.847 ns )                    ; clock:inst2|clk_sig_key_2ms[9]   ; clock:inst2|clk_sig_key_2ms[15]  ; clk        ; clk      ; None                        ; None                      ; 7.138 ns                ;
; N/A                                     ; 127.49 MHz ( period = 7.844 ns )                    ; clock:inst2|clk_sig_key_20ms[8]  ; clock:inst2|clk_sig_key_20ms[0]  ; clk        ; clk      ; None                        ; None                      ; 7.135 ns                ;
; N/A                                     ; 127.52 MHz ( period = 7.842 ns )                    ; clock:inst2|clk_sig_key_20ms[8]  ; clock:inst2|clk_sig_key_20ms[17] ; clk        ; clk      ; None                        ; None                      ; 7.133 ns                ;
; N/A                                     ; 127.53 MHz ( period = 7.841 ns )                    ; clock:inst2|clk_sig_key_20ms[1]  ; clock:inst2|clk_sig_key_20ms[13] ; clk        ; clk      ; None                        ; None                      ; 7.132 ns                ;
; N/A                                     ; 127.53 MHz ( period = 7.841 ns )                    ; clock:inst2|clk_sig_key_20ms[8]  ; clock:inst2|clk_sig_key_20ms[6]  ; clk        ; clk      ; None                        ; None                      ; 7.132 ns                ;
; N/A                                     ; 127.57 MHz ( period = 7.839 ns )                    ; clock:inst2|clk_sig_key_20ms[8]  ; clock:inst2|clk_sig_key_20ms[9]  ; clk        ; clk      ; None                        ; None                      ; 7.130 ns                ;
; N/A                                     ; 127.60 MHz ( period = 7.837 ns )                    ; clock:inst2|clk_sig_key_20ms[5]  ; clock:inst2|clk_sig_key_20ms[16] ; clk        ; clk      ; None                        ; None                      ; 7.128 ns                ;
; N/A                                     ; 127.71 MHz ( period = 7.830 ns )                    ; clock:inst2|clk_sig_key_2ms[7]   ; clock:inst2|clk_sig_key_2ms[9]   ; clk        ; clk      ; None                        ; None                      ; 7.121 ns                ;
; N/A                                     ; 127.73 MHz ( period = 7.829 ns )                    ; clock:inst2|clk_sig_key_20ms[8]  ; clock:inst2|clk_key_20ms         ; clk        ; clk      ; None                        ; None                      ; 7.120 ns                ;
; N/A                                     ; 127.73 MHz ( period = 7.829 ns )                    ; clock:inst2|clk_sig_key_20ms[12] ; clock:inst2|clk_sig_key_20ms[15] ; clk        ; clk      ; None                        ; None                      ; 7.120 ns                ;
; N/A                                     ; 127.73 MHz ( period = 7.829 ns )                    ; clock:inst2|clk_sig_key_2ms[7]   ; clock:inst2|clk_sig_key_2ms[15]  ; clk        ; clk      ; None                        ; None                      ; 7.120 ns                ;
; N/A                                     ; 127.76 MHz ( period = 7.827 ns )                    ; clock:inst2|clk_sig_key_20ms[8]  ; clock:inst2|clk_sig_key_20ms[16] ; clk        ; clk      ; None                        ; None                      ; 7.118 ns                ;
; N/A                                     ; 127.78 MHz ( period = 7.826 ns )                    ; clock:inst2|clk_sig_key_20ms[8]  ; clock:inst2|clk_sig_key_20ms[19] ; clk        ; clk      ; None                        ; None                      ; 7.117 ns                ;
; N/A                                     ; 127.80 MHz ( period = 7.825 ns )                    ; clock:inst2|clk_sig_key_2ms[0]   ; clock:inst2|clk_sig_key_2ms[12]  ; clk        ; clk      ; None                        ; None                      ; 7.116 ns                ;
; N/A                                     ; 127.81 MHz ( period = 7.824 ns )                    ; clock:inst2|clk_sig_key_20ms[6]  ; clock:inst2|clk_sig_key_20ms[10] ; clk        ; clk      ; None                        ; None                      ; 7.115 ns                ;
; N/A                                     ; 127.93 MHz ( period = 7.817 ns )                    ; clock:inst2|clk_sig_key_20ms[5]  ; clock:inst2|clk_sig_key_20ms[19] ; clk        ; clk      ; None                        ; None                      ; 7.108 ns                ;
; N/A                                     ; 128.09 MHz ( period = 7.807 ns )                    ; clock:inst2|clk_sig_key_2ms[4]   ; clock:inst2|clk_sig_key_2ms[5]   ; clk        ; clk      ; None                        ; None                      ; 7.098 ns                ;
; N/A                                     ; 128.14 MHz ( period = 7.804 ns )                    ; clock:inst2|clk_sig_key_20ms[6]  ; clock:inst2|clk_sig_key_20ms[13] ; clk        ; clk      ; None                        ; None                      ; 7.095 ns                ;
; N/A                                     ; 128.17 MHz ( period = 7.802 ns )                    ; clock:inst2|clk_sig_key_20ms[3]  ; clock:inst2|clk_sig_key_20ms[12] ; clk        ; clk      ; None                        ; None                      ; 7.093 ns                ;
; N/A                                     ; 128.34 MHz ( period = 7.792 ns )                    ; clock:inst2|clk_sig_key_20ms[10] ; clock:inst2|clk_sig_key_20ms[16] ; clk        ; clk      ; None                        ; None                      ; 7.083 ns                ;
; N/A                                     ; 128.40 MHz ( period = 7.788 ns )                    ; clock:inst2|clk_sig_key_2ms[6]   ; clock:inst2|clk_sig_key_2ms[10]  ; clk        ; clk      ; None                        ; None                      ; 7.079 ns                ;
; N/A                                     ; 128.50 MHz ( period = 7.782 ns )                    ; clock:inst2|clk_sig_key_2ms[9]   ; clock:inst2|clk_sig_key_2ms[12]  ; clk        ; clk      ; None                        ; None                      ; 7.073 ns                ;
; N/A                                     ; 128.57 MHz ( period = 7.778 ns )                    ; clock:inst2|clk_sig_key_2ms[3]   ; clock:inst2|clk_sig_key_2ms[13]  ; clk        ; clk      ; None                        ; None                      ; 7.069 ns                ;
; N/A                                     ; 128.60 MHz ( period = 7.776 ns )                    ; clock:inst2|clk_sig_key_20ms[15] ; clock:inst2|clk_sig_key_20ms[18] ; clk        ; clk      ; None                        ; None                      ; 7.067 ns                ;
; N/A                                     ; 128.62 MHz ( period = 7.775 ns )                    ; clock:inst2|clk_sig_key_2ms[13]  ; clock:inst2|clk_sig_key_2ms[14]  ; clk        ; clk      ; None                        ; None                      ; 7.066 ns                ;
; N/A                                     ; 128.67 MHz ( period = 7.772 ns )                    ; clock:inst2|clk_sig_key_20ms[10] ; clock:inst2|clk_sig_key_20ms[19] ; clk        ; clk      ; None                        ; None                      ; 7.063 ns                ;
; N/A                                     ; 128.90 MHz ( period = 7.758 ns )                    ; clock:inst2|clk_sig_key_20ms[12] ; clock:inst2|clk_sig_key_20ms[14] ; clk        ; clk      ; None                        ; None                      ; 7.049 ns                ;
; N/A                                     ; 129.00 MHz ( period = 7.752 ns )                    ; clock:inst2|clk_sig_key_20ms[3]  ; clock:inst2|clk_sig_key_20ms[11] ; clk        ; clk      ; None                        ; None                      ; 7.043 ns                ;
; N/A                                     ; 129.07 MHz ( period = 7.748 ns )                    ; clock:inst2|clk_sig_key_20ms[2]  ; clock:inst2|clk_sig_key_20ms[10] ; clk        ; clk      ; None                        ; None                      ; 7.039 ns                ;
; N/A                                     ; 129.15 MHz ( period = 7.743 ns )                    ; clock:inst2|clk_sig_key_20ms[4]  ; clock:inst2|clk_sig_key_20ms[17] ; clk        ; clk      ; None                        ; None                      ; 7.034 ns                ;
; N/A                                     ; 129.18 MHz ( period = 7.741 ns )                    ; clock:inst2|clk_sig_key_20ms[7]  ; clock:inst2|clk_sig_key_20ms[17] ; clk        ; clk      ; None                        ; None                      ; 7.032 ns                ;
; N/A                                     ; 129.20 MHz ( period = 7.740 ns )                    ; clock:inst2|clk_sig_key_20ms[5]  ; clock:inst2|clk_sig_key_20ms[9]  ; clk        ; clk      ; None                        ; None                      ; 7.031 ns                ;
; N/A                                     ; 129.25 MHz ( period = 7.737 ns )                    ; clock:inst2|clk_sig_key_20ms[5]  ; clock:inst2|clk_sig_key_20ms[10] ; clk        ; clk      ; None                        ; None                      ; 7.028 ns                ;
; N/A                                     ; 129.27 MHz ( period = 7.736 ns )                    ; clock:inst2|clk_sig_key_20ms[4]  ; clock:inst2|clk_sig_key_20ms[9]  ; clk        ; clk      ; None                        ; None                      ; 7.027 ns                ;
; N/A                                     ; 129.28 MHz ( period = 7.735 ns )                    ; clock:inst2|clk_sig_key_20ms[1]  ; clock:inst2|clk_sig_key_20ms[12] ; clk        ; clk      ; None                        ; None                      ; 7.026 ns                ;
; N/A                                     ; 129.33 MHz ( period = 7.732 ns )                    ; clock:inst2|clk_sig_key_2ms[3]   ; clock:inst2|clk_sig_key_2ms[8]   ; clk        ; clk      ; None                        ; None                      ; 7.023 ns                ;
; N/A                                     ; 129.40 MHz ( period = 7.728 ns )                    ; clock:inst2|clk_sig_key_20ms[2]  ; clock:inst2|clk_sig_key_20ms[13] ; clk        ; clk      ; None                        ; None                      ; 7.019 ns                ;
; N/A                                     ; 129.57 MHz ( period = 7.718 ns )                    ; key:inst|key_code[1]             ; key:inst|key_stt[4]              ; clk        ; clk      ; None                        ; None                      ; 7.009 ns                ;
; N/A                                     ; 129.57 MHz ( period = 7.718 ns )                    ; key:inst|key_code[1]             ; key:inst|key_stt[0]              ; clk        ; clk      ; None                        ; None                      ; 7.009 ns                ;
; N/A                                     ; 129.57 MHz ( period = 7.718 ns )                    ; key:inst|key_code[1]             ; key:inst|key_stt[1]              ; clk        ; clk      ; None                        ; None                      ; 7.009 ns                ;
; N/A                                     ; 129.57 MHz ( period = 7.718 ns )                    ; key:inst|key_code[1]             ; key:inst|key_stt[2]              ; clk        ; clk      ; None                        ; None                      ; 7.009 ns                ;
; N/A                                     ; 129.57 MHz ( period = 7.718 ns )                    ; key:inst|key_code[1]             ; key:inst|key_stt[3]              ; clk        ; clk      ; None                        ; None                      ; 7.009 ns                ;
; N/A                                     ; 129.58 MHz ( period = 7.717 ns )                    ; clock:inst2|clk_sig_key_20ms[5]  ; clock:inst2|clk_sig_key_20ms[13] ; clk        ; clk      ; None                        ; None                      ; 7.008 ns                ;
; N/A                                     ; 129.87 MHz ( period = 7.700 ns )                    ; clock:inst2|clk_sig_key_20ms[13] ; clock:inst2|clk_sig_key_20ms[18] ; clk        ; clk      ; None                        ; None                      ; 6.991 ns                ;
; N/A                                     ; 129.89 MHz ( period = 7.699 ns )                    ; clock:inst2|clk_sig_key_2ms[1]   ; clock:inst2|clk_sig_key_2ms[14]  ; clk        ; clk      ; None                        ; None                      ; 6.990 ns                ;
; N/A                                     ; 129.90 MHz ( period = 7.698 ns )                    ; clock:inst2|clk_sig_key_20ms[6]  ; clock:inst2|clk_sig_key_20ms[12] ; clk        ; clk      ; None                        ; None                      ; 6.989 ns                ;
; N/A                                     ; 129.97 MHz ( period = 7.694 ns )                    ; clock:inst2|clk_sig_key_2ms[4]   ; clock:inst2|clk_sig_key_2ms[13]  ; clk        ; clk      ; None                        ; None                      ; 6.985 ns                ;
; Timing analysis restricted to 200 rows. ; To change the limit use Settings (Assignments menu) ;                                  ;                                  ;            ;          ;                             ;                           ;                         ;
+-----------------------------------------+-----------------------------------------------------+----------------------------------+----------------------------------+------------+----------+-----------------------------+---------------------------+-------------------------+


+------------------------------------------------------------------------------+
; tsu                                                                          ;
+-------+--------------+------------+--------+----------------------+----------+
; Slack ; Required tsu ; Actual tsu ; From   ; To                   ; To Clock ;
+-------+--------------+------------+--------+----------------------+----------+
; N/A   ; None         ; 0.554 ns   ; col[1] ; key:inst|key_code[1] ; clk      ;
; N/A   ; None         ; 0.513 ns   ; col[0] ; key:inst|key_code[1] ; clk      ;
; N/A   ; None         ; 0.376 ns   ; col[1] ; key:inst|col_tmp[0]  ; clk      ;
; N/A   ; None         ; 0.376 ns   ; col[1] ; key:inst|col_tmp[1]  ; clk      ;
; N/A   ; None         ; -0.496 ns  ; col[0] ; key:inst|col_tmp[0]  ; clk      ;
; N/A   ; None         ; -0.496 ns  ; col[0] ; key:inst|col_tmp[1]  ; clk      ;
; N/A   ; None         ; -0.861 ns  ; col[1] ; key:inst|A_SIG       ; clk      ;
; N/A   ; None         ; -2.103 ns  ; col[0] ; key:inst|A_SIG       ; clk      ;
; N/A   ; None         ; -2.682 ns  ; col[0] ; key:inst|key_code[0] ; clk      ;
; N/A   ; None         ; -2.862 ns  ; col[1] ; key:inst|key_code[0] ; clk      ;
+-------+--------------+------------+--------+----------------------+----------+


+---------------------------------------------------------------------------------------+
; tco                                                                                   ;
+-------+--------------+------------+-------------------------+------------+------------+
; Slack ; Required tco ; Actual tco ; From                    ; To         ; From Clock ;
+-------+--------------+------------+-------------------------+------------+------------+
; N/A   ; None         ; 20.188 ns  ; key_de:inst1|led_sun[4] ; led_out[4] ; clk        ;
; N/A   ; None         ; 19.767 ns  ; key_de:inst1|led_sun[2] ; led_out[2] ; clk        ;
; N/A   ; None         ; 19.754 ns  ; key_de:inst1|led_sun[0] ; led_out[0] ; clk        ;
; N/A   ; None         ; 19.747 ns  ; key_de:inst1|led_sun[1] ; led_out[1] ; clk        ;
; N/A   ; None         ; 19.731 ns  ; key_de:inst1|led_sun[5] ; led_out[5] ; clk        ;
; N/A   ; None         ; 18.992 ns  ; key_de:inst1|led_sun[7] ; led_out[7] ; clk        ;
; N/A   ; None         ; 18.988 ns  ; key_de:inst1|led_sun[6] ; led_out[6] ; clk        ;
; N/A   ; None         ; 18.340 ns  ; key_de:inst1|led_sun[3] ; led_out[3] ; clk        ;
; N/A   ; None         ; 15.352 ns  ; key:inst|row_sig[1]     ; row[1]     ; clk        ;
; N/A   ; None         ; 15.272 ns  ; key:inst|row_sig[0]     ; row[0]     ; clk        ;
+-------+--------------+------------+-------------------------+------------+------------+


+------------------------------------------------------------------------------------+
; th                                                                                 ;
+---------------+-------------+-----------+--------+----------------------+----------+
; Minimum Slack ; Required th ; Actual th ; From   ; To                   ; To Clock ;
+---------------+-------------+-----------+--------+----------------------+----------+
; N/A           ; None        ; 3.416 ns  ; col[1] ; key:inst|key_code[0] ; clk      ;
; N/A           ; None        ; 3.236 ns  ; col[0] ; key:inst|key_code[0] ; clk      ;
; N/A           ; None        ; 3.079 ns  ; col[0] ; key:inst|col_tmp[0]  ; clk      ;
; N/A           ; None        ; 2.657 ns  ; col[0] ; key:inst|A_SIG       ; clk      ;
; N/A           ; None        ; 2.492 ns  ; col[1] ; key:inst|col_tmp[1]  ; clk      ;
; N/A           ; None        ; 1.415 ns  ; col[1] ; key:inst|A_SIG       ; clk      ;
; N/A           ; None        ; 1.050 ns  ; col[0] ; key:inst|col_tmp[1]  ; clk      ;
; N/A           ; None        ; 0.178 ns  ; col[1] ; key:inst|col_tmp[0]  ; clk      ;
; N/A           ; None        ; 0.041 ns  ; col[0] ; key:inst|key_code[1] ; clk      ;
; N/A           ; None        ; 0.000 ns  ; col[1] ; key:inst|key_code[1] ; clk      ;
+---------------+-------------+-----------+--------+----------------------+----------+


+--------------------------+
; Timing Analyzer Messages ;
+--------------------------+
Info: *******************************************************************
Info: Running Quartus II Classic Timing Analyzer
    Info: Version 9.1 Build 350 03/24/2010 Service Pack 2 SJ Web Edition
    Info: Processing started: Fri Oct 05 14:06:20 2012
Info: Command: quartus_tan --read_settings_files=off --write_settings_files=off key_bdf -c key_bdf
Info: Started post-fitting delay annotation
Info: Delay annotation completed successfully
Warning: Found pins functioning as undefined clocks and/or memory enables
    Info: Assuming node "clk" is an undefined clock
Warning: Found 3 node(s) in clock paths which may be acting as ripple and/or gated clocks -- node(s) analyzed as buffer(s) resulting in clock skew
    Info: Detected ripple clock "clock:inst2|clk_key_20ms" as buffer
    Info: Detected ripple clock "clock:inst2|clk_key_2ms" as buffer
    Info: Detected ripple clock "key:inst|A_SIG" as buffer
Info: Clock "clk" has Internal fmax of 108.12 MHz between source register "clock:inst2|clk_sig_key_20ms[1]" and destination register "clock:inst2|clk_sig_key_20ms[0]" (period= 9.249 ns)
    Info: + Longest register to register delay is 8.540 ns
        Info: 1: + IC(0.000 ns) + CELL(0.000 ns) = 0.000 ns; Loc. = LC_X15_Y5_N8; Fanout = 4; REG Node = 'clock:inst2|clk_sig_key_20ms[1]'
        Info: 2: + IC(2.498 ns) + CELL(0.914 ns) = 3.412 ns; Loc. = LC_X16_Y8_N7; Fanout = 1; COMB Node = 'clock:inst2|Equal7~4'
        Info: 3: + IC(1.748 ns) + CELL(0.200 ns) = 5.360 ns; Loc. = LC_X16_Y8_N2; Fanout = 9; COMB Node = 'clock:inst2|Equal7~5'
        Info: 4: + IC(2.119 ns) + CELL(1.061 ns) = 8.540 ns; Loc. = LC_X15_Y6_N5; Fanout = 4; REG Node = 'clock:inst2|clk_sig_key_20ms[0]'
        Info: Total cell delay = 2.175 ns ( 25.47 % )
        Info: Total interconnect delay = 6.365 ns ( 74.53 % )
    Info: - Smallest clock skew is 0.000 ns
        Info: + Shortest clock path from clock "clk" to destination register is 3.819 ns
            Info: 1: + IC(0.000 ns) + CELL(1.163 ns) = 1.163 ns; Loc. = PIN_18; Fanout = 39; CLK Node = 'clk'
            Info: 2: + IC(1.738 ns) + CELL(0.918 ns) = 3.819 ns; Loc. = LC_X15_Y6_N5; Fanout = 4; REG Node = 'clock:inst2|clk_sig_key_20ms[0]'
            Info: Total cell delay = 2.081 ns ( 54.49 % )
            Info: Total interconnect delay = 1.738 ns ( 45.51 % )
        Info: - Longest clock path from clock "clk" to source register is 3.819 ns
            Info: 1: + IC(0.000 ns) + CELL(1.163 ns) = 1.163 ns; Loc. = PIN_18; Fanout = 39; CLK Node = 'clk'
            Info: 2: + IC(1.738 ns) + CELL(0.918 ns) = 3.819 ns; Loc. = LC_X15_Y5_N8; Fanout = 4; REG Node = 'clock:inst2|clk_sig_key_20ms[1]'
            Info: Total cell delay = 2.081 ns ( 54.49 % )
            Info: Total interconnect delay = 1.738 ns ( 45.51 % )
    Info: + Micro clock to output delay of source is 0.376 ns
    Info: + Micro setup delay of destination is 0.333 ns
Info: tsu for register "key:inst|key_code[1]" (data pin = "col[1]", clock pin = "clk") is 0.554 ns
    Info: + Longest pin to register delay is 9.952 ns
        Info: 1: + IC(0.000 ns) + CELL(1.132 ns) = 1.132 ns; Loc. = PIN_38; Fanout = 5; PIN Node = 'col[1]'
        Info: 2: + IC(5.727 ns) + CELL(0.200 ns) = 7.059 ns; Loc. = LC_X11_Y6_N0; Fanout = 1; COMB Node = 'key:inst|Mux5~2'
        Info: 3: + IC(0.305 ns) + CELL(0.200 ns) = 7.564 ns; Loc. = LC_X11_Y6_N1; Fanout = 1; COMB Node = 'key:inst|Mux5~4'
        Info: 4: + IC(1.797 ns) + CELL(0.591 ns) = 9.952 ns; Loc. = LC_X6_Y6_N0; Fanout = 8; REG Node = 'key:inst|key_code[1]'
        Info: Total cell delay = 2.123 ns ( 21.33 % )
        Info: Total interconnect delay = 7.829 ns ( 78.67 % )
    Info: + Micro setup delay of destination is 0.333 ns
    Info: - Shortest clock path from clock "clk" to destination register is 9.731 ns
        Info: 1: + IC(0.000 ns) + CELL(1.163 ns) = 1.163 ns; Loc. = PIN_18; Fanout = 39; CLK Node = 'clk'
        Info: 2: + IC(1.738 ns) + CELL(1.294 ns) = 4.195 ns; Loc. = LC_X12_Y8_N9; Fanout = 14; REG Node = 'clock:inst2|clk_key_2ms'
        Info: 3: + IC(4.618 ns) + CELL(0.918 ns) = 9.731 ns; Loc. = LC_X6_Y6_N0; Fanout = 8; REG Node = 'key:inst|key_code[1]'
        Info: Total cell delay = 3.375 ns ( 34.68 % )
        Info: Total interconnect delay = 6.356 ns ( 65.32 % )
Info: tco from clock "clk" to destination pin "led_out[4]" through register "key_de:inst1|led_sun[4]" is 20.188 ns
    Info: + Longest clock path from clock "clk" to source register is 14.874 ns
        Info: 1: + IC(0.000 ns) + CELL(1.163 ns) = 1.163 ns; Loc. = PIN_18; Fanout = 39; CLK Node = 'clk'
        Info: 2: + IC(1.738 ns) + CELL(1.294 ns) = 4.195 ns; Loc. = LC_X12_Y8_N9; Fanout = 14; REG Node = 'clock:inst2|clk_key_2ms'
        Info: 3: + IC(4.618 ns) + CELL(1.294 ns) = 10.107 ns; Loc. = LC_X11_Y5_N7; Fanout = 9; REG Node = 'key:inst|A_SIG'
        Info: 4: + IC(3.849 ns) + CELL(0.918 ns) = 14.874 ns; Loc. = LC_X16_Y3_N4; Fanout = 3; REG Node = 'key_de:inst1|led_sun[4]'
        Info: Total cell delay = 4.669 ns ( 31.39 % )
        Info: Total interconnect delay = 10.205 ns ( 68.61 % )
    Info: + Micro clock to output delay of source is 0.376 ns
    Info: + Longest register to pin delay is 4.938 ns
        Info: 1: + IC(0.000 ns) + CELL(0.000 ns) = 0.000 ns; Loc. = LC_X16_Y3_N4; Fanout = 3; REG Node = 'key_de:inst1|led_sun[4]'
        Info: 2: + IC(2.616 ns) + CELL(2.322 ns) = 4.938 ns; Loc. = PIN_74; Fanout = 0; PIN Node = 'led_out[4]'
        Info: Total cell delay = 2.322 ns ( 47.02 % )
        Info: Total interconnect delay = 2.616 ns ( 52.98 % )
Info: th for register "key:inst|key_code[0]" (data pin = "col[1]", clock pin = "clk") is 3.416 ns
    Info: + Longest clock path from clock "clk" to destination register is 9.731 ns
        Info: 1: + IC(0.000 ns) + CELL(1.163 ns) = 1.163 ns; Loc. = PIN_18; Fanout = 39; CLK Node = 'clk'
        Info: 2: + IC(1.738 ns) + CELL(1.294 ns) = 4.195 ns; Loc. = LC_X12_Y8_N9; Fanout = 14; REG Node = 'clock:inst2|clk_key_2ms'
        Info: 3: + IC(4.618 ns) + CELL(0.918 ns) = 9.731 ns; Loc. = LC_X6_Y6_N3; Fanout = 12; REG Node = 'key:inst|key_code[0]'
        Info: Total cell delay = 3.375 ns ( 34.68 % )
        Info: Total interconnect delay = 6.356 ns ( 65.32 % )
    Info: + Micro hold delay of destination is 0.221 ns
    Info: - Shortest pin to register delay is 6.536 ns
        Info: 1: + IC(0.000 ns) + CELL(1.132 ns) = 1.132 ns; Loc. = PIN_38; Fanout = 5; PIN Node = 'col[1]'
        Info: 2: + IC(4.600 ns) + CELL(0.804 ns) = 6.536 ns; Loc. = LC_X6_Y6_N3; Fanout = 12; REG Node = 'key:inst|key_code[0]'
        Info: Total cell delay = 1.936 ns ( 29.62 % )
        Info: Total interconnect delay = 4.600 ns ( 70.38 % )
Info: Quartus II Classic Timing Analyzer was successful. 0 errors, 2 warnings
    Info: Peak virtual memory: 165 megabytes
    Info: Processing ended: Fri Oct 05 14:06:20 2012
    Info: Elapsed time: 00:00:00
    Info: Total CPU time (on all processors): 00:00:00


