Analysis & Synthesis report for KK
Wed Aug 08 10:24:42 2012
Quartus II Version 9.1 Build 350 03/24/2010 Service Pack 2 SJ Web Edition


---------------------
; Table of Contents ;
---------------------
  1. Legal Notice
  2. Analysis & Synthesis Summary
  3. Analysis & Synthesis Settings
  4. Parallel Compilation
  5. Analysis & Synthesis Source Files Read
  6. Analysis & Synthesis Resource Usage Summary
  7. Analysis & Synthesis Resource Utilization by Entity
  8. Registers Removed During Synthesis
  9. General Register Statistics
 10. Inverted Register Statistics
 11. Analysis & Synthesis Messages



----------------
; Legal Notice ;
----------------
Copyright (C) 1991-2010 Altera Corporation
Your use of Altera Corporation's design tools, logic functions 
and other software and tools, and its AMPP partner logic 
functions, and any output files from any of the foregoing 
(including device programming or simulation files), and any 
associated documentation or information are expressly subject 
to the terms and conditions of the Altera Program License 
Subscription Agreement, Altera MegaCore Function License 
Agreement, or other applicable license agreement, including, 
without limitation, that your use is for the sole purpose of 
programming logic devices manufactured by Altera and sold by 
Altera or its authorized distributors.  Please refer to the 
applicable agreement for further details.



+----------------------------------------------------------------------------+
; Analysis & Synthesis Summary                                               ;
+-----------------------------+----------------------------------------------+
; Analysis & Synthesis Status ; Successful - Wed Aug 08 10:24:42 2012        ;
; Quartus II Version          ; 9.1 Build 350 03/24/2010 SP 2 SJ Web Edition ;
; Revision Name               ; KK                                           ;
; Top-level Entity Name       ; kk                                           ;
; Family                      ; MAX II                                       ;
; Total logic elements        ; 19                                           ;
; Total pins                  ; 9                                            ;
; Total virtual pins          ; 0                                            ;
; UFM blocks                  ; 0 / 1 ( 0 % )                                ;
+-----------------------------+----------------------------------------------+


+----------------------------------------------------------------------------------------------------------------------+
; Analysis & Synthesis Settings                                                                                        ;
+----------------------------------------------------------------------------+--------------------+--------------------+
; Option                                                                     ; Setting            ; Default Value      ;
+----------------------------------------------------------------------------+--------------------+--------------------+
; Device                                                                     ; EPM1270T144C5      ;                    ;
; Top-level entity name                                                      ; KK                 ; KK                 ;
; Family name                                                                ; MAX II             ; Stratix II         ;
; Use Generated Physical Constraints File                                    ; Off                ;                    ;
; Use smart compilation                                                      ; Off                ; Off                ;
; Enable parallel Assembler and TimeQuest Timing Analyzer during compilation ; On                 ; On                 ;
; Enable compact report table                                                ; Off                ; Off                ;
; Restructure Multiplexers                                                   ; Auto               ; Auto               ;
; Create Debugging Nodes for IP Cores                                        ; Off                ; Off                ;
; Preserve fewer node names                                                  ; On                 ; On                 ;
; Disable OpenCore Plus hardware evaluation                                  ; Off                ; Off                ;
; Verilog Version                                                            ; Verilog_2001       ; Verilog_2001       ;
; VHDL Version                                                               ; VHDL_1993          ; VHDL_1993          ;
; State Machine Processing                                                   ; Auto               ; Auto               ;
; Safe State Machine                                                         ; Off                ; Off                ;
; Extract Verilog State Machines                                             ; On                 ; On                 ;
; Extract VHDL State Machines                                                ; On                 ; On                 ;
; Ignore Verilog initial constructs                                          ; Off                ; Off                ;
; Iteration limit for constant Verilog loops                                 ; 5000               ; 5000               ;
; Iteration limit for non-constant Verilog loops                             ; 250                ; 250                ;
; Add Pass-Through Logic to Inferred RAMs                                    ; On                 ; On                 ;
; Parallel Synthesis                                                         ; On                 ; On                 ;
; NOT Gate Push-Back                                                         ; On                 ; On                 ;
; Power-Up Don't Care                                                        ; On                 ; On                 ;
; Remove Redundant Logic Cells                                               ; Off                ; Off                ;
; Remove Duplicate Registers                                                 ; On                 ; On                 ;
; Ignore CARRY Buffers                                                       ; Off                ; Off                ;
; Ignore CASCADE Buffers                                                     ; Off                ; Off                ;
; Ignore GLOBAL Buffers                                                      ; Off                ; Off                ;
; Ignore ROW GLOBAL Buffers                                                  ; Off                ; Off                ;
; Ignore LCELL Buffers                                                       ; Off                ; Off                ;
; Ignore SOFT Buffers                                                        ; On                 ; On                 ;
; Limit AHDL Integers to 32 Bits                                             ; Off                ; Off                ;
; Optimization Technique                                                     ; Balanced           ; Balanced           ;
; Carry Chain Length                                                         ; 70                 ; 70                 ;
; Auto Carry Chains                                                          ; On                 ; On                 ;
; Auto Open-Drain Pins                                                       ; On                 ; On                 ;
; Perform WYSIWYG Primitive Resynthesis                                      ; Off                ; Off                ;
; Auto Shift Register Replacement                                            ; Auto               ; Auto               ;
; Auto Clock Enable Replacement                                              ; On                 ; On                 ;
; Allow Synchronous Control Signals                                          ; On                 ; On                 ;
; Force Use of Synchronous Clear Signals                                     ; Off                ; Off                ;
; Auto Resource Sharing                                                      ; Off                ; Off                ;
; Use LogicLock Constraints during Resource Balancing                        ; On                 ; On                 ;
; Ignore translate_off and synthesis_off directives                          ; Off                ; Off                ;
; Show Parameter Settings Tables in Synthesis Report                         ; On                 ; On                 ;
; Ignore Maximum Fan-Out Assignments                                         ; Off                ; Off                ;
; Synchronization Register Chain Length                                      ; 2                  ; 2                  ;
; PowerPlay Power Optimization                                               ; Normal compilation ; Normal compilation ;
; HDL message level                                                          ; Level2             ; Level2             ;
; Suppress Register Optimization Related Messages                            ; Off                ; Off                ;
; Number of Removed Registers Reported in Synthesis Report                   ; 5000               ; 5000               ;
; Number of Inverted Registers Reported in Synthesis Report                  ; 100                ; 100                ;
; Clock MUX Protection                                                       ; On                 ; On                 ;
; Block Design Naming                                                        ; Auto               ; Auto               ;
; Synthesis Effort                                                           ; Auto               ; Auto               ;
; Shift Register Replacement - Allow Asynchronous Clear Signal               ; On                 ; On                 ;
; Analysis & Synthesis Message Level                                         ; Medium             ; Medium             ;
; Disable Register Merging Across Hierarchies                                ; Auto               ; Auto               ;
+----------------------------------------------------------------------------+--------------------+--------------------+


Parallel compilation was disabled, but you have multiple processors available. Enable parallel compilation to reduce compilation time.
+-------------------------------------+
; Parallel Compilation                ;
+----------------------------+--------+
; Processors                 ; Number ;
+----------------------------+--------+
; Number detected on machine ; 4      ;
; Maximum allowed            ; 1      ;
+----------------------------+--------+


+---------------------------------------------------------------------------------------------------------------------------+
; Analysis & Synthesis Source Files Read                                                                                    ;
+----------------------------------+-----------------+-----------------+----------------------------------------------------+
; File Name with User-Entered Path ; Used in Netlist ; File Type       ; File Name with Absolute Path                       ;
+----------------------------------+-----------------+-----------------+----------------------------------------------------+
; KK.vhd                           ; yes             ; User VHDL File  ; C:/Users/Administrator/Desktop/EPM1270T144C/KK.vhd ;
+----------------------------------+-----------------+-----------------+----------------------------------------------------+


+------------------------------------------------------+
; Analysis & Synthesis Resource Usage Summary          ;
+---------------------------------------------+--------+
; Resource                                    ; Usage  ;
+---------------------------------------------+--------+
; Total logic elements                        ; 19     ;
;     -- Combinational with no register       ; 7      ;
;     -- Register only                        ; 1      ;
;     -- Combinational with a register        ; 11     ;
;                                             ;        ;
; Logic element usage by number of LUT inputs ;        ;
;     -- 4 input functions                    ; 8      ;
;     -- 3 input functions                    ; 0      ;
;     -- 2 input functions                    ; 6      ;
;     -- 1 input functions                    ; 4      ;
;     -- 0 input functions                    ; 0      ;
;                                             ;        ;
; Logic elements by mode                      ;        ;
;     -- normal mode                          ; 17     ;
;     -- arithmetic mode                      ; 2      ;
;     -- qfbk mode                            ; 0      ;
;     -- register cascade mode                ; 0      ;
;     -- synchronous clear/load mode          ; 0      ;
;     -- asynchronous clear/load mode         ; 0      ;
;                                             ;        ;
; Total registers                             ; 12     ;
; Total logic cells in carry chains           ; 3      ;
; I/O pins                                    ; 9      ;
; Maximum fan-out node                        ; clk_in ;
; Maximum fan-out                             ; 12     ;
; Total fan-out                               ; 69     ;
; Average fan-out                             ; 2.46   ;
+---------------------------------------------+--------+


+----------------------------------------------------------------------------------------------------------------------------------------------------------------------------------------------------------------------+
; Analysis & Synthesis Resource Utilization by Entity                                                                                                                                                                  ;
+----------------------------+-------------+--------------+------------+------+--------------+--------------+-------------------+------------------+-----------------+------------+---------------------+--------------+
; Compilation Hierarchy Node ; Logic Cells ; LC Registers ; UFM Blocks ; Pins ; Virtual Pins ; LUT-Only LCs ; Register-Only LCs ; LUT/Register LCs ; Carry Chain LCs ; Packed LCs ; Full Hierarchy Name ; Library Name ;
+----------------------------+-------------+--------------+------------+------+--------------+--------------+-------------------+------------------+-----------------+------------+---------------------+--------------+
; |kk                        ; 19 (19)     ; 12           ; 0          ; 9    ; 0            ; 7 (7)        ; 1 (1)             ; 11 (11)          ; 3 (3)           ; 0 (0)      ; |kk                 ; work         ;
+----------------------------+-------------+--------------+------------+------+--------------+--------------+-------------------+------------------+-----------------+------------+---------------------+--------------+
Note: For table entries with two numbers listed, the numbers in parentheses indicate the number of resources of the given type used by the specific entity alone. The numbers listed outside of parentheses indicate the total resources of the given type used by the specific entity and all of its sub-entities in the hierarchy.


+-------------------------------------------------------------+
; Registers Removed During Synthesis                          ;
+----------------------------------------+--------------------+
; Register name                          ; Reason for Removal ;
+----------------------------------------+--------------------+
; dd[3..31]                              ; Lost fanout        ;
; Total Number of Removed Registers = 29 ;                    ;
+----------------------------------------+--------------------+


+------------------------------------------------------+
; General Register Statistics                          ;
+----------------------------------------------+-------+
; Statistic                                    ; Value ;
+----------------------------------------------+-------+
; Total registers                              ; 12    ;
; Number of registers using Synchronous Clear  ; 0     ;
; Number of registers using Synchronous Load   ; 0     ;
; Number of registers using Asynchronous Clear ; 0     ;
; Number of registers using Asynchronous Load  ; 0     ;
; Number of registers using Clock Enable       ; 0     ;
; Number of registers using Preset             ; 0     ;
+----------------------------------------------+-------+


+--------------------------------------------------+
; Inverted Register Statistics                     ;
+----------------------------------------+---------+
; Inverted Register                      ; Fan out ;
+----------------------------------------+---------+
; dd[0]                                  ; 11      ;
; dd[1]                                  ; 1       ;
; dd[2]                                  ; 1       ;
; Total number of inverted registers = 3 ;         ;
+----------------------------------------+---------+


+-------------------------------+
; Analysis & Synthesis Messages ;
+-------------------------------+
Info: *******************************************************************
Info: Running Quartus II Analysis & Synthesis
    Info: Version 9.1 Build 350 03/24/2010 Service Pack 2 SJ Web Edition
    Info: Processing started: Wed Aug 08 10:24:42 2012
Info: Command: quartus_map --read_settings_files=on --write_settings_files=off KK -c KK
Info: Found 2 design units, including 1 entities, in source file kk.vhd
    Info: Found design unit 1: kk-a
    Info: Found entity 1: kk
Info: Elaborating entity "KK" for the top level hierarchy
Warning (10540): VHDL Signal Declaration warning at KK.vhd(12): used explicit default value for signal "ss" because signal was never assigned a value
Info: 29 registers lost all their fanouts during netlist optimizations. The first 29 are displayed below.
    Info: Register "dd[3]" lost all its fanouts during netlist optimizations.
    Info: Register "dd[4]" lost all its fanouts during netlist optimizations.
    Info: Register "dd[5]" lost all its fanouts during netlist optimizations.
    Info: Register "dd[6]" lost all its fanouts during netlist optimizations.
    Info: Register "dd[7]" lost all its fanouts during netlist optimizations.
    Info: Register "dd[8]" lost all its fanouts during netlist optimizations.
    Info: Register "dd[9]" lost all its fanouts during netlist optimizations.
    Info: Register "dd[10]" lost all its fanouts during netlist optimizations.
    Info: Register "dd[11]" lost all its fanouts during netlist optimizations.
    Info: Register "dd[12]" lost all its fanouts during netlist optimizations.
    Info: Register "dd[13]" lost all its fanouts during netlist optimizations.
    Info: Register "dd[14]" lost all its fanouts during netlist optimizations.
    Info: Register "dd[15]" lost all its fanouts during netlist optimizations.
    Info: Register "dd[16]" lost all its fanouts during netlist optimizations.
    Info: Register "dd[17]" lost all its fanouts during netlist optimizations.
    Info: Register "dd[18]" lost all its fanouts during netlist optimizations.
    Info: Register "dd[19]" lost all its fanouts during netlist optimizations.
    Info: Register "dd[20]" lost all its fanouts during netlist optimizations.
    Info: Register "dd[21]" lost all its fanouts during netlist optimizations.
    Info: Register "dd[22]" lost all its fanouts during netlist optimizations.
    Info: Register "dd[23]" lost all its fanouts during netlist optimizations.
    Info: Register "dd[24]" lost all its fanouts during netlist optimizations.
    Info: Register "dd[25]" lost all its fanouts during netlist optimizations.
    Info: Register "dd[26]" lost all its fanouts during netlist optimizations.
    Info: Register "dd[27]" lost all its fanouts during netlist optimizations.
    Info: Register "dd[28]" lost all its fanouts during netlist optimizations.
    Info: Register "dd[29]" lost all its fanouts during netlist optimizations.
    Info: Register "dd[30]" lost all its fanouts during netlist optimizations.
    Info: Register "dd[31]" lost all its fanouts during netlist optimizations.
Info: Implemented 28 device resources after synthesis - the final resource count might be different
    Info: Implemented 1 input pins
    Info: Implemented 8 output pins
    Info: Implemented 19 logic cells
Info: Quartus II Analysis & Synthesis was successful. 0 errors, 1 warning
    Info: Peak virtual memory: 229 megabytes
    Info: Processing ended: Wed Aug 08 10:24:42 2012
    Info: Elapsed time: 00:00:00
    Info: Total CPU time (on all processors): 00:00:01


