Classic Timing Analyzer report for led8_24hour
Thu Jul 12 16:09:09 2012
Quartus II Version 9.1 Build 350 03/24/2010 Service Pack 2 SJ Web Edition


---------------------
; Table of Contents ;
---------------------
  1. Legal Notice
  2. Timing Analyzer Summary
  3. Timing Analyzer Settings
  4. Clock Settings Summary
  5. Parallel Compilation
  6. Clock Setup: 'clk_in_hi'
  7. tco
  8. Timing Analyzer Messages



----------------
; Legal Notice ;
----------------
Copyright (C) 1991-2010 Altera Corporation
Your use of Altera Corporation's design tools, logic functions 
and other software and tools, and its AMPP partner logic 
functions, and any output files from any of the foregoing 
(including device programming or simulation files), and any 
associated documentation or information are expressly subject 
to the terms and conditions of the Altera Program License 
Subscription Agreement, Altera MegaCore Function License 
Agreement, or other applicable license agreement, including, 
without limitation, that your use is for the sole purpose of 
programming logic devices manufactured by Altera and sold by 
Altera or its authorized distributors.  Please refer to the 
applicable agreement for further details.



+-------------------------------------------------------------------------------------------------------------------------------------------------------------------------+
; Timing Analyzer Summary                                                                                                                                                 ;
+------------------------------+-------+---------------+------------------------------------------------+------------+------------+------------+-----------+--------------+
; Type                         ; Slack ; Required Time ; Actual Time                                    ; From       ; To         ; From Clock ; To Clock  ; Failed Paths ;
+------------------------------+-------+---------------+------------------------------------------------+------------+------------+------------+-----------+--------------+
; Worst-case tco               ; N/A   ; None          ; 11.826 ns                                      ; led_sig[0] ; led_out[7] ; clk_in_hi  ; --        ; 0            ;
; Clock Setup: 'clk_in_hi'     ; N/A   ; None          ; Restricted to 304.04 MHz ( period = 3.289 ns ) ; led_sig[1] ; led_sig[2] ; clk_in_hi  ; clk_in_hi ; 0            ;
; Total number of failed paths ;       ;               ;                                                ;            ;            ;            ;           ; 0            ;
+------------------------------+-------+---------------+------------------------------------------------+------------+------------+------------+-----------+--------------+


+-----------------------------------------------------------------------------------------------------------------------------------------------------+
; Timing Analyzer Settings                                                                                                                            ;
+------------------------------------------------------------------------------------------------------+--------------------+------+----+-------------+
; Option                                                                                               ; Setting            ; From ; To ; Entity Name ;
+------------------------------------------------------------------------------------------------------+--------------------+------+----+-------------+
; Device Name                                                                                          ; EPM1270T144C5      ;      ;    ;             ;
; Timing Models                                                                                        ; Final              ;      ;    ;             ;
; Default hold multicycle                                                                              ; Same as Multicycle ;      ;    ;             ;
; Cut paths between unrelated clock domains                                                            ; On                 ;      ;    ;             ;
; Cut off read during write signal paths                                                               ; On                 ;      ;    ;             ;
; Cut off feedback from I/O pins                                                                       ; On                 ;      ;    ;             ;
; Report Combined Fast/Slow Timing                                                                     ; Off                ;      ;    ;             ;
; Ignore Clock Settings                                                                                ; Off                ;      ;    ;             ;
; Analyze latches as synchronous elements                                                              ; On                 ;      ;    ;             ;
; Enable Recovery/Removal analysis                                                                     ; Off                ;      ;    ;             ;
; Enable Clock Latency                                                                                 ; Off                ;      ;    ;             ;
; Use TimeQuest Timing Analyzer                                                                        ; Off                ;      ;    ;             ;
; Minimum Core Junction Temperature                                                                    ; 0                  ;      ;    ;             ;
; Maximum Core Junction Temperature                                                                    ; 85                 ;      ;    ;             ;
; Number of source nodes to report per destination node                                                ; 10                 ;      ;    ;             ;
; Number of destination nodes to report                                                                ; 10                 ;      ;    ;             ;
; Number of paths to report                                                                            ; 200                ;      ;    ;             ;
; Report Minimum Timing Checks                                                                         ; Off                ;      ;    ;             ;
; Use Fast Timing Models                                                                               ; Off                ;      ;    ;             ;
; Report IO Paths Separately                                                                           ; Off                ;      ;    ;             ;
; Perform Multicorner Analysis                                                                         ; Off                ;      ;    ;             ;
; Reports the worst-case path for each clock domain and analysis                                       ; Off                ;      ;    ;             ;
; Reports worst-case timing paths for each clock domain and analysis                                   ; On                 ;      ;    ;             ;
; Specifies the maximum number of worst-case timing paths to report for each clock domain and analysis ; 100                ;      ;    ;             ;
; Removes common clock path pessimism (CCPP) during slack computation                                  ; Off                ;      ;    ;             ;
; Output I/O Timing Endpoint                                                                           ; Near End           ;      ;    ;             ;
+------------------------------------------------------------------------------------------------------+--------------------+------+----+-------------+


+------------------------------------------------------------------------------------------------------------------------------------------------------------------------------------+
; Clock Settings Summary                                                                                                                                                             ;
+-----------------+--------------------+----------+------------------+---------------+--------------+----------+-----------------------+---------------------+--------+--------------+
; Clock Node Name ; Clock Setting Name ; Type     ; Fmax Requirement ; Early Latency ; Late Latency ; Based on ; Multiply Base Fmax by ; Divide Base Fmax by ; Offset ; Phase offset ;
+-----------------+--------------------+----------+------------------+---------------+--------------+----------+-----------------------+---------------------+--------+--------------+
; clk_in_hi       ;                    ; User Pin ; None             ; 0.000 ns      ; 0.000 ns     ; --       ; N/A                   ; N/A                 ; N/A    ;              ;
+-----------------+--------------------+----------+------------------+---------------+--------------+----------+-----------------------+---------------------+--------+--------------+


Parallel compilation was disabled, but you have multiple processors available. Enable parallel compilation to reduce compilation time.
+-------------------------------------+
; Parallel Compilation                ;
+----------------------------+--------+
; Processors                 ; Number ;
+----------------------------+--------+
; Number detected on machine ; 4      ;
; Maximum allowed            ; 1      ;
+----------------------------+--------+


+-----------------------------------------------------------------------------------------------------------------------------------------------------------------------------------------------+
; Clock Setup: 'clk_in_hi'                                                                                                                                                                      ;
+-------+------------------------------------------------+------------+------------+------------+-----------+-----------------------------+---------------------------+-------------------------+
; Slack ; Actual fmax (period)                           ; From       ; To         ; From Clock ; To Clock  ; Required Setup Relationship ; Required Longest P2P Time ; Actual Longest P2P Time ;
+-------+------------------------------------------------+------------+------------+------------+-----------+-----------------------------+---------------------------+-------------------------+
; N/A   ; Restricted to 304.04 MHz ( period = 3.289 ns ) ; led_sig[1] ; led_sig[2] ; clk_in_hi  ; clk_in_hi ; None                        ; None                      ; 2.263 ns                ;
; N/A   ; Restricted to 304.04 MHz ( period = 3.289 ns ) ; led_sig[0] ; led_sig[1] ; clk_in_hi  ; clk_in_hi ; None                        ; None                      ; 1.785 ns                ;
; N/A   ; Restricted to 304.04 MHz ( period = 3.289 ns ) ; led_sig[3] ; led_sig[0] ; clk_in_hi  ; clk_in_hi ; None                        ; None                      ; 1.513 ns                ;
; N/A   ; Restricted to 304.04 MHz ( period = 3.289 ns ) ; led_sig[2] ; led_sig[3] ; clk_in_hi  ; clk_in_hi ; None                        ; None                      ; 1.241 ns                ;
+-------+------------------------------------------------+------------+------------+------------+-----------+-----------------------------+---------------------------+-------------------------+


+--------------------------------------------------------------------------+
; tco                                                                      ;
+-------+--------------+------------+------------+------------+------------+
; Slack ; Required tco ; Actual tco ; From       ; To         ; From Clock ;
+-------+--------------+------------+------------+------------+------------+
; N/A   ; None         ; 11.826 ns  ; led_sig[0] ; led_out[7] ; clk_in_hi  ;
; N/A   ; None         ; 11.822 ns  ; led_sig[0] ; led_out[2] ; clk_in_hi  ;
; N/A   ; None         ; 11.637 ns  ; led_sig[1] ; led_out[7] ; clk_in_hi  ;
; N/A   ; None         ; 11.633 ns  ; led_sig[1] ; led_out[2] ; clk_in_hi  ;
; N/A   ; None         ; 11.606 ns  ; led_sig[0] ; led_out[6] ; clk_in_hi  ;
; N/A   ; None         ; 11.580 ns  ; led_sig[0] ; led_out[4] ; clk_in_hi  ;
; N/A   ; None         ; 11.417 ns  ; led_sig[1] ; led_out[6] ; clk_in_hi  ;
; N/A   ; None         ; 11.391 ns  ; led_sig[1] ; led_out[4] ; clk_in_hi  ;
; N/A   ; None         ; 11.310 ns  ; led_sig[0] ; led_out[1] ; clk_in_hi  ;
; N/A   ; None         ; 11.171 ns  ; led_sig[0] ; led_out[5] ; clk_in_hi  ;
; N/A   ; None         ; 11.121 ns  ; led_sig[1] ; led_out[1] ; clk_in_hi  ;
; N/A   ; None         ; 11.118 ns  ; led_sig[3] ; led_out[7] ; clk_in_hi  ;
; N/A   ; None         ; 11.114 ns  ; led_sig[3] ; led_out[2] ; clk_in_hi  ;
; N/A   ; None         ; 11.087 ns  ; led_sig[0] ; led_out[3] ; clk_in_hi  ;
; N/A   ; None         ; 10.982 ns  ; led_sig[1] ; led_out[5] ; clk_in_hi  ;
; N/A   ; None         ; 10.898 ns  ; led_sig[3] ; led_out[6] ; clk_in_hi  ;
; N/A   ; None         ; 10.898 ns  ; led_sig[1] ; led_out[3] ; clk_in_hi  ;
; N/A   ; None         ; 10.872 ns  ; led_sig[3] ; led_out[4] ; clk_in_hi  ;
; N/A   ; None         ; 10.602 ns  ; led_sig[3] ; led_out[1] ; clk_in_hi  ;
; N/A   ; None         ; 10.597 ns  ; led_sig[2] ; led_out[7] ; clk_in_hi  ;
; N/A   ; None         ; 10.593 ns  ; led_sig[2] ; led_out[2] ; clk_in_hi  ;
; N/A   ; None         ; 10.561 ns  ; led_sig[1] ; led_com[1] ; clk_in_hi  ;
; N/A   ; None         ; 10.463 ns  ; led_sig[3] ; led_out[5] ; clk_in_hi  ;
; N/A   ; None         ; 10.379 ns  ; led_sig[3] ; led_out[3] ; clk_in_hi  ;
; N/A   ; None         ; 10.377 ns  ; led_sig[2] ; led_out[6] ; clk_in_hi  ;
; N/A   ; None         ; 10.351 ns  ; led_sig[2] ; led_out[4] ; clk_in_hi  ;
; N/A   ; None         ; 10.081 ns  ; led_sig[2] ; led_out[1] ; clk_in_hi  ;
; N/A   ; None         ; 9.979 ns   ; led_sig[0] ; led_com[0] ; clk_in_hi  ;
; N/A   ; None         ; 9.942 ns   ; led_sig[2] ; led_out[5] ; clk_in_hi  ;
; N/A   ; None         ; 9.917 ns   ; led_sig[3] ; led_com[3] ; clk_in_hi  ;
; N/A   ; None         ; 9.858 ns   ; led_sig[2] ; led_out[3] ; clk_in_hi  ;
; N/A   ; None         ; 9.235 ns   ; led_sig[2] ; led_com[2] ; clk_in_hi  ;
+-------+--------------+------------+------------+------------+------------+


+--------------------------+
; Timing Analyzer Messages ;
+--------------------------+
Info: *******************************************************************
Info: Running Quartus II Classic Timing Analyzer
    Info: Version 9.1 Build 350 03/24/2010 Service Pack 2 SJ Web Edition
    Info: Processing started: Thu Jul 12 16:09:08 2012
Info: Command: quartus_tan --read_settings_files=off --write_settings_files=off led8_24hour -c led8_24hour
Info: Started post-fitting delay annotation
Info: Delay annotation completed successfully
Warning: Found pins functioning as undefined clocks and/or memory enables
    Info: Assuming node "clk_in_hi" is an undefined clock
Info: Clock "clk_in_hi" Internal fmax is restricted to 304.04 MHz between source register "led_sig[1]" and destination register "led_sig[2]"
    Info: fmax restricted to clock pin edge rate 3.289 ns. Expand message to see actual delay path.
        Info: + Longest register to register delay is 2.263 ns
            Info: 1: + IC(0.000 ns) + CELL(0.000 ns) = 0.000 ns; Loc. = LC_X4_Y4_N0; Fanout = 3; REG Node = 'led_sig[1]'
            Info: 2: + IC(1.983 ns) + CELL(0.280 ns) = 2.263 ns; Loc. = LC_X4_Y4_N4; Fanout = 3; REG Node = 'led_sig[2]'
            Info: Total cell delay = 0.280 ns ( 12.37 % )
            Info: Total interconnect delay = 1.983 ns ( 87.63 % )
        Info: - Smallest clock skew is 0.000 ns
            Info: + Shortest clock path from clock "clk_in_hi" to destination register is 3.819 ns
                Info: 1: + IC(0.000 ns) + CELL(1.163 ns) = 1.163 ns; Loc. = PIN_18; Fanout = 4; CLK Node = 'clk_in_hi'
                Info: 2: + IC(1.738 ns) + CELL(0.918 ns) = 3.819 ns; Loc. = LC_X4_Y4_N4; Fanout = 3; REG Node = 'led_sig[2]'
                Info: Total cell delay = 2.081 ns ( 54.49 % )
                Info: Total interconnect delay = 1.738 ns ( 45.51 % )
            Info: - Longest clock path from clock "clk_in_hi" to source register is 3.819 ns
                Info: 1: + IC(0.000 ns) + CELL(1.163 ns) = 1.163 ns; Loc. = PIN_18; Fanout = 4; CLK Node = 'clk_in_hi'
                Info: 2: + IC(1.738 ns) + CELL(0.918 ns) = 3.819 ns; Loc. = LC_X4_Y4_N0; Fanout = 3; REG Node = 'led_sig[1]'
                Info: Total cell delay = 2.081 ns ( 54.49 % )
                Info: Total interconnect delay = 1.738 ns ( 45.51 % )
        Info: + Micro clock to output delay of source is 0.376 ns
        Info: + Micro setup delay of destination is 0.333 ns
Info: tco from clock "clk_in_hi" to destination pin "led_out[7]" through register "led_sig[0]" is 11.826 ns
    Info: + Longest clock path from clock "clk_in_hi" to source register is 3.819 ns
        Info: 1: + IC(0.000 ns) + CELL(1.163 ns) = 1.163 ns; Loc. = PIN_18; Fanout = 4; CLK Node = 'clk_in_hi'
        Info: 2: + IC(1.738 ns) + CELL(0.918 ns) = 3.819 ns; Loc. = LC_X4_Y4_N5; Fanout = 3; REG Node = 'led_sig[0]'
        Info: Total cell delay = 2.081 ns ( 54.49 % )
        Info: Total interconnect delay = 1.738 ns ( 45.51 % )
    Info: + Micro clock to output delay of source is 0.376 ns
    Info: + Longest register to pin delay is 7.631 ns
        Info: 1: + IC(0.000 ns) + CELL(0.000 ns) = 0.000 ns; Loc. = LC_X4_Y4_N5; Fanout = 3; REG Node = 'led_sig[0]'
        Info: 2: + IC(0.910 ns) + CELL(0.914 ns) = 1.824 ns; Loc. = LC_X4_Y4_N4; Fanout = 7; COMB Node = 'Mux0~0'
        Info: 3: + IC(3.485 ns) + CELL(2.322 ns) = 7.631 ns; Loc. = PIN_2; Fanout = 0; PIN Node = 'led_out[7]'
        Info: Total cell delay = 3.236 ns ( 42.41 % )
        Info: Total interconnect delay = 4.395 ns ( 57.59 % )
Info: Quartus II Classic Timing Analyzer was successful. 0 errors, 1 warning
    Info: Peak virtual memory: 165 megabytes
    Info: Processing ended: Thu Jul 12 16:09:09 2012
    Info: Elapsed time: 00:00:01
    Info: Total CPU time (on all processors): 00:00:00


