Flow report for led_sun
Thu Jul 12 15:17:34 2012
Quartus II Version 9.1 Build 350 03/24/2010 Service Pack 2 SJ Web Edition


---------------------
; Table of Contents ;
---------------------
  1. Legal Notice
  2. Flow Summary
  3. Flow Settings
  4. Flow Non-Default Global Settings
  5. Flow Elapsed Time
  6. Flow OS Summary
  7. Flow Log



----------------
; Legal Notice ;
----------------
Copyright (C) 1991-2010 Altera Corporation
Your use of Altera Corporation's design tools, logic functions 
and other software and tools, and its AMPP partner logic 
functions, and any output files from any of the foregoing 
(including device programming or simulation files), and any 
associated documentation or information are expressly subject 
to the terms and conditions of the Altera Program License 
Subscription Agreement, Altera MegaCore Function License 
Agreement, or other applicable license agreement, including, 
without limitation, that your use is for the sole purpose of 
programming logic devices manufactured by Altera and sold by 
Altera or its authorized distributors.  Please refer to the 
applicable agreement for further details.



+------------------------------------------------------------------------+
; Flow Summary                                                           ;
+-------------------------+----------------------------------------------+
; Flow Status             ; Successful - Thu Jul 12 15:17:34 2012        ;
; Quartus II Version      ; 9.1 Build 350 03/24/2010 SP 2 SJ Web Edition ;
; Revision Name           ; led_sun                                      ;
; Top-level Entity Name   ; led_sun                                      ;
; Family                  ; MAX II                                       ;
; Device                  ; EPM1270T144C5                                ;
; Timing Models           ; Final                                        ;
; Met timing requirements ; Yes                                          ;
; Total logic elements    ; 2 / 1,270 ( < 1 % )                          ;
; Total pins              ; 3 / 116 ( 3 % )                              ;
; Total virtual pins      ; 0                                            ;
; UFM blocks              ; 0 / 1 ( 0 % )                                ;
+-------------------------+----------------------------------------------+


+-----------------------------------------+
; Flow Settings                           ;
+-------------------+---------------------+
; Option            ; Setting             ;
+-------------------+---------------------+
; Start date & time ; 07/12/2012 15:17:31 ;
; Main task         ; Compilation         ;
; Revision Name     ; led_sun             ;
+-------------------+---------------------+


+------------------------------------------------------------------------------------------------------------------------------------------------+
; Flow Non-Default Global Settings                                                                                                               ;
+---------------------------------------+---------------------------------------------------------+---------------+-------------+----------------+
; Assignment Name                       ; Value                                                   ; Default Value ; Entity Name ; Section Id     ;
+---------------------------------------+---------------------------------------------------------+---------------+-------------+----------------+
; COMPILER_SIGNATURE_ID                 ; 220314655554268.134207745103988                         ; --            ; --          ; --             ;
; MAX_CORE_JUNCTION_TEMP                ; 85                                                      ; --            ; --          ; --             ;
; MIN_CORE_JUNCTION_TEMP                ; 0                                                       ; --            ; --          ; --             ;
; MISC_FILE                             ; C:/Users/Administrator/Desktop/EPM1270T144C/led_sun.dpf ; --            ; --          ; --             ;
; POWER_EXT_SUPPLY_VOLTAGE_TO_REGULATOR ; 3.3V                                                    ; --            ; --          ; --             ;
; USE_GENERATED_PHYSICAL_CONSTRAINTS    ; Off                                                     ; --            ; --          ; eda_blast_fpga ;
+---------------------------------------+---------------------------------------------------------+---------------+-------------+----------------+


+-----------------------------------------------------------------------------------------------------------------------------+
; Flow Elapsed Time                                                                                                           ;
+-------------------------+--------------+-------------------------+---------------------+------------------------------------+
; Module Name             ; Elapsed Time ; Average Processors Used ; Peak Virtual Memory ; Total CPU Time (on all processors) ;
+-------------------------+--------------+-------------------------+---------------------+------------------------------------+
; Analysis & Synthesis    ; 00:00:01     ; 1.0                     ; 229 MB              ; 00:00:01                           ;
; Fitter                  ; 00:00:00     ; 1.0                     ; 194 MB              ; 00:00:00                           ;
; Assembler               ; 00:00:00     ; 1.0                     ; 180 MB              ; 00:00:00                           ;
; Classic Timing Analyzer ; 00:00:00     ; 1.0                     ; 153 MB              ; 00:00:00                           ;
; Total                   ; 00:00:01     ; --                      ; --                  ; 00:00:01                           ;
+-------------------------+--------------+-------------------------+---------------------+------------------------------------+


+------------------------------------------------------------------------------------------+
; Flow OS Summary                                                                          ;
+-------------------------+------------------+---------------+------------+----------------+
; Module Name             ; Machine Hostname ; OS Name       ; OS Version ; Processor type ;
+-------------------------+------------------+---------------+------------+----------------+
; Analysis & Synthesis    ; RahXephon-PC     ; Windows Vista ; 6.1        ; x86_64         ;
; Fitter                  ; RahXephon-PC     ; Windows Vista ; 6.1        ; x86_64         ;
; Assembler               ; RahXephon-PC     ; Windows Vista ; 6.1        ; x86_64         ;
; Classic Timing Analyzer ; RahXephon-PC     ; Windows Vista ; 6.1        ; x86_64         ;
+-------------------------+------------------+---------------+------------+----------------+


------------
; Flow Log ;
------------
quartus_map --read_settings_files=on --write_settings_files=off led_sun -c led_sun
quartus_fit --read_settings_files=off --write_settings_files=off led_sun -c led_sun
quartus_asm --read_settings_files=off --write_settings_files=off led_sun -c led_sun
quartus_tan --read_settings_files=off --write_settings_files=off led_sun -c led_sun



