Classic Timing Analyzer report for led_sun
Thu Jul 12 15:17:34 2012
Quartus II Version 9.1 Build 350 03/24/2010 Service Pack 2 SJ Web Edition


---------------------
; Table of Contents ;
---------------------
  1. Legal Notice
  2. Timing Analyzer Summary
  3. Timing Analyzer Settings
  4. Clock Settings Summary
  5. Parallel Compilation
  6. Clock Setup: 'clk_in'
  7. tco
  8. Timing Analyzer Messages



----------------
; Legal Notice ;
----------------
Copyright (C) 1991-2010 Altera Corporation
Your use of Altera Corporation's design tools, logic functions 
and other software and tools, and its AMPP partner logic 
functions, and any output files from any of the foregoing 
(including device programming or simulation files), and any 
associated documentation or information are expressly subject 
to the terms and conditions of the Altera Program License 
Subscription Agreement, Altera MegaCore Function License 
Agreement, or other applicable license agreement, including, 
without limitation, that your use is for the sole purpose of 
programming logic devices manufactured by Altera and sold by 
Altera or its authorized distributors.  Please refer to the 
applicable agreement for further details.



+--------------------------------------------------------------------------------------------------------------------------------------------------------------------------------+
; Timing Analyzer Summary                                                                                                                                                        ;
+------------------------------+-------+---------------+------------------------------------------------+----------------+----------------+------------+----------+--------------+
; Type                         ; Slack ; Required Time ; Actual Time                                    ; From           ; To             ; From Clock ; To Clock ; Failed Paths ;
+------------------------------+-------+---------------+------------------------------------------------+----------------+----------------+------------+----------+--------------+
; Worst-case tco               ; N/A   ; None          ; 8.910 ns                                       ; led_sun_sig[0] ; led_out[0]     ; clk_in     ; --       ; 0            ;
; Clock Setup: 'clk_in'        ; N/A   ; None          ; Restricted to 304.04 MHz ( period = 3.289 ns ) ; led_sun_sig[0] ; led_sun_sig[1] ; clk_in     ; clk_in   ; 0            ;
; Total number of failed paths ;       ;               ;                                                ;                ;                ;            ;          ; 0            ;
+------------------------------+-------+---------------+------------------------------------------------+----------------+----------------+------------+----------+--------------+


+-----------------------------------------------------------------------------------------------------------------------------------------------------+
; Timing Analyzer Settings                                                                                                                            ;
+------------------------------------------------------------------------------------------------------+--------------------+------+----+-------------+
; Option                                                                                               ; Setting            ; From ; To ; Entity Name ;
+------------------------------------------------------------------------------------------------------+--------------------+------+----+-------------+
; Device Name                                                                                          ; EPM1270T144C5      ;      ;    ;             ;
; Timing Models                                                                                        ; Final              ;      ;    ;             ;
; Default hold multicycle                                                                              ; Same as Multicycle ;      ;    ;             ;
; Cut paths between unrelated clock domains                                                            ; On                 ;      ;    ;             ;
; Cut off read during write signal paths                                                               ; On                 ;      ;    ;             ;
; Cut off feedback from I/O pins                                                                       ; On                 ;      ;    ;             ;
; Report Combined Fast/Slow Timing                                                                     ; Off                ;      ;    ;             ;
; Ignore Clock Settings                                                                                ; Off                ;      ;    ;             ;
; Analyze latches as synchronous elements                                                              ; On                 ;      ;    ;             ;
; Enable Recovery/Removal analysis                                                                     ; Off                ;      ;    ;             ;
; Enable Clock Latency                                                                                 ; Off                ;      ;    ;             ;
; Use TimeQuest Timing Analyzer                                                                        ; Off                ;      ;    ;             ;
; Minimum Core Junction Temperature                                                                    ; 0                  ;      ;    ;             ;
; Maximum Core Junction Temperature                                                                    ; 85                 ;      ;    ;             ;
; Number of source nodes to report per destination node                                                ; 10                 ;      ;    ;             ;
; Number of destination nodes to report                                                                ; 10                 ;      ;    ;             ;
; Number of paths to report                                                                            ; 200                ;      ;    ;             ;
; Report Minimum Timing Checks                                                                         ; Off                ;      ;    ;             ;
; Use Fast Timing Models                                                                               ; Off                ;      ;    ;             ;
; Report IO Paths Separately                                                                           ; Off                ;      ;    ;             ;
; Perform Multicorner Analysis                                                                         ; Off                ;      ;    ;             ;
; Reports the worst-case path for each clock domain and analysis                                       ; Off                ;      ;    ;             ;
; Reports worst-case timing paths for each clock domain and analysis                                   ; On                 ;      ;    ;             ;
; Specifies the maximum number of worst-case timing paths to report for each clock domain and analysis ; 100                ;      ;    ;             ;
; Removes common clock path pessimism (CCPP) during slack computation                                  ; Off                ;      ;    ;             ;
; Output I/O Timing Endpoint                                                                           ; Near End           ;      ;    ;             ;
+------------------------------------------------------------------------------------------------------+--------------------+------+----+-------------+


+------------------------------------------------------------------------------------------------------------------------------------------------------------------------------------+
; Clock Settings Summary                                                                                                                                                             ;
+-----------------+--------------------+----------+------------------+---------------+--------------+----------+-----------------------+---------------------+--------+--------------+
; Clock Node Name ; Clock Setting Name ; Type     ; Fmax Requirement ; Early Latency ; Late Latency ; Based on ; Multiply Base Fmax by ; Divide Base Fmax by ; Offset ; Phase offset ;
+-----------------+--------------------+----------+------------------+---------------+--------------+----------+-----------------------+---------------------+--------+--------------+
; clk_in          ;                    ; User Pin ; None             ; 0.000 ns      ; 0.000 ns     ; --       ; N/A                   ; N/A                 ; N/A    ;              ;
+-----------------+--------------------+----------+------------------+---------------+--------------+----------+-----------------------+---------------------+--------+--------------+


Parallel compilation was disabled, but you have multiple processors available. Enable parallel compilation to reduce compilation time.
+-------------------------------------+
; Parallel Compilation                ;
+----------------------------+--------+
; Processors                 ; Number ;
+----------------------------+--------+
; Number detected on machine ; 4      ;
; Maximum allowed            ; 1      ;
+----------------------------+--------+


+------------------------------------------------------------------------------------------------------------------------------------------------------------------------------------------------------+
; Clock Setup: 'clk_in'                                                                                                                                                                                ;
+-------+------------------------------------------------+----------------+----------------+------------+----------+-----------------------------+---------------------------+-------------------------+
; Slack ; Actual fmax (period)                           ; From           ; To             ; From Clock ; To Clock ; Required Setup Relationship ; Required Longest P2P Time ; Actual Longest P2P Time ;
+-------+------------------------------------------------+----------------+----------------+------------+----------+-----------------------------+---------------------------+-------------------------+
; N/A   ; Restricted to 304.04 MHz ( period = 3.289 ns ) ; led_sun_sig[0] ; led_sun_sig[1] ; clk_in     ; clk_in   ; None                        ; None                      ; 1.767 ns                ;
; N/A   ; Restricted to 304.04 MHz ( period = 3.289 ns ) ; led_sun_sig[0] ; led_sun_sig[0] ; clk_in     ; clk_in   ; None                        ; None                      ; 1.765 ns                ;
; N/A   ; Restricted to 304.04 MHz ( period = 3.289 ns ) ; led_sun_sig[1] ; led_sun_sig[1] ; clk_in     ; clk_in   ; None                        ; None                      ; 1.485 ns                ;
+-------+------------------------------------------------+----------------+----------------+------------+----------+-----------------------------+---------------------------+-------------------------+


+------------------------------------------------------------------------------+
; tco                                                                          ;
+-------+--------------+------------+----------------+------------+------------+
; Slack ; Required tco ; Actual tco ; From           ; To         ; From Clock ;
+-------+--------------+------------+----------------+------------+------------+
; N/A   ; None         ; 8.910 ns   ; led_sun_sig[0] ; led_out[0] ; clk_in     ;
; N/A   ; None         ; 8.547 ns   ; led_sun_sig[1] ; led_out[1] ; clk_in     ;
+-------+--------------+------------+----------------+------------+------------+


+--------------------------+
; Timing Analyzer Messages ;
+--------------------------+
Info: *******************************************************************
Info: Running Quartus II Classic Timing Analyzer
    Info: Version 9.1 Build 350 03/24/2010 Service Pack 2 SJ Web Edition
    Info: Processing started: Thu Jul 12 15:17:34 2012
Info: Command: quartus_tan --read_settings_files=off --write_settings_files=off led_sun -c led_sun
Info: Started post-fitting delay annotation
Info: Delay annotation completed successfully
Warning: Found pins functioning as undefined clocks and/or memory enables
    Info: Assuming node "clk_in" is an undefined clock
Info: Clock "clk_in" Internal fmax is restricted to 304.04 MHz between source register "led_sun_sig[0]" and destination register "led_sun_sig[1]"
    Info: fmax restricted to clock pin edge rate 3.289 ns. Expand message to see actual delay path.
        Info: + Longest register to register delay is 1.767 ns
            Info: 1: + IC(0.000 ns) + CELL(0.000 ns) = 0.000 ns; Loc. = LC_X5_Y4_N4; Fanout = 3; REG Node = 'led_sun_sig[0]'
            Info: 2: + IC(0.963 ns) + CELL(0.804 ns) = 1.767 ns; Loc. = LC_X5_Y4_N2; Fanout = 2; REG Node = 'led_sun_sig[1]'
            Info: Total cell delay = 0.804 ns ( 45.50 % )
            Info: Total interconnect delay = 0.963 ns ( 54.50 % )
        Info: - Smallest clock skew is 0.000 ns
            Info: + Shortest clock path from clock "clk_in" to destination register is 3.819 ns
                Info: 1: + IC(0.000 ns) + CELL(1.163 ns) = 1.163 ns; Loc. = PIN_18; Fanout = 2; CLK Node = 'clk_in'
                Info: 2: + IC(1.738 ns) + CELL(0.918 ns) = 3.819 ns; Loc. = LC_X5_Y4_N2; Fanout = 2; REG Node = 'led_sun_sig[1]'
                Info: Total cell delay = 2.081 ns ( 54.49 % )
                Info: Total interconnect delay = 1.738 ns ( 45.51 % )
            Info: - Longest clock path from clock "clk_in" to source register is 3.819 ns
                Info: 1: + IC(0.000 ns) + CELL(1.163 ns) = 1.163 ns; Loc. = PIN_18; Fanout = 2; CLK Node = 'clk_in'
                Info: 2: + IC(1.738 ns) + CELL(0.918 ns) = 3.819 ns; Loc. = LC_X5_Y4_N4; Fanout = 3; REG Node = 'led_sun_sig[0]'
                Info: Total cell delay = 2.081 ns ( 54.49 % )
                Info: Total interconnect delay = 1.738 ns ( 45.51 % )
        Info: + Micro clock to output delay of source is 0.376 ns
        Info: + Micro setup delay of destination is 0.333 ns
Info: tco from clock "clk_in" to destination pin "led_out[0]" through register "led_sun_sig[0]" is 8.910 ns
    Info: + Longest clock path from clock "clk_in" to source register is 3.819 ns
        Info: 1: + IC(0.000 ns) + CELL(1.163 ns) = 1.163 ns; Loc. = PIN_18; Fanout = 2; CLK Node = 'clk_in'
        Info: 2: + IC(1.738 ns) + CELL(0.918 ns) = 3.819 ns; Loc. = LC_X5_Y4_N4; Fanout = 3; REG Node = 'led_sun_sig[0]'
        Info: Total cell delay = 2.081 ns ( 54.49 % )
        Info: Total interconnect delay = 1.738 ns ( 45.51 % )
    Info: + Micro clock to output delay of source is 0.376 ns
    Info: + Longest register to pin delay is 4.715 ns
        Info: 1: + IC(0.000 ns) + CELL(0.000 ns) = 0.000 ns; Loc. = LC_X5_Y4_N4; Fanout = 3; REG Node = 'led_sun_sig[0]'
        Info: 2: + IC(2.393 ns) + CELL(2.322 ns) = 4.715 ns; Loc. = PIN_52; Fanout = 0; PIN Node = 'led_out[0]'
        Info: Total cell delay = 2.322 ns ( 49.25 % )
        Info: Total interconnect delay = 2.393 ns ( 50.75 % )
Info: Quartus II Classic Timing Analyzer was successful. 0 errors, 1 warning
    Info: Peak virtual memory: 165 megabytes
    Info: Processing ended: Thu Jul 12 15:17:34 2012
    Info: Elapsed time: 00:00:00
    Info: Total CPU time (on all processors): 00:00:00


