Analysis & Synthesis report for random_bdf
Fri Oct 05 14:44:39 2012
Quartus II Version 9.1 Build 350 03/24/2010 Service Pack 2 SJ Web Edition


---------------------
; Table of Contents ;
---------------------
  1. Legal Notice
  2. Analysis & Synthesis Summary
  3. Analysis & Synthesis Settings
  4. Parallel Compilation
  5. Analysis & Synthesis Source Files Read
  6. Analysis & Synthesis Resource Usage Summary
  7. Analysis & Synthesis Resource Utilization by Entity
  8. User-Specified and Inferred Latches
  9. General Register Statistics
 10. Inverted Register Statistics
 11. Multiplexer Restructuring Statistics (Restructuring Performed)
 12. Analysis & Synthesis Messages



----------------
; Legal Notice ;
----------------
Copyright (C) 1991-2010 Altera Corporation
Your use of Altera Corporation's design tools, logic functions 
and other software and tools, and its AMPP partner logic 
functions, and any output files from any of the foregoing 
(including device programming or simulation files), and any 
associated documentation or information are expressly subject 
to the terms and conditions of the Altera Program License 
Subscription Agreement, Altera MegaCore Function License 
Agreement, or other applicable license agreement, including, 
without limitation, that your use is for the sole purpose of 
programming logic devices manufactured by Altera and sold by 
Altera or its authorized distributors.  Please refer to the 
applicable agreement for further details.



+----------------------------------------------------------------------------+
; Analysis & Synthesis Summary                                               ;
+-----------------------------+----------------------------------------------+
; Analysis & Synthesis Status ; Successful - Fri Oct 05 14:44:39 2012        ;
; Quartus II Version          ; 9.1 Build 350 03/24/2010 SP 2 SJ Web Edition ;
; Revision Name               ; random_bdf                                   ;
; Top-level Entity Name       ; random_bdf                                   ;
; Family                      ; MAX II                                       ;
; Total logic elements        ; 236                                          ;
; Total pins                  ; 17                                           ;
; Total virtual pins          ; 0                                            ;
; UFM blocks                  ; 0 / 1 ( 0 % )                                ;
+-----------------------------+----------------------------------------------+


+----------------------------------------------------------------------------------------------------------------------+
; Analysis & Synthesis Settings                                                                                        ;
+----------------------------------------------------------------------------+--------------------+--------------------+
; Option                                                                     ; Setting            ; Default Value      ;
+----------------------------------------------------------------------------+--------------------+--------------------+
; Device                                                                     ; EPM1270T144C5      ;                    ;
; Top-level entity name                                                      ; random_bdf         ; random_bdf         ;
; Family name                                                                ; MAX II             ; Stratix II         ;
; Use Generated Physical Constraints File                                    ; Off                ;                    ;
; Use smart compilation                                                      ; Off                ; Off                ;
; Enable parallel Assembler and TimeQuest Timing Analyzer during compilation ; On                 ; On                 ;
; Enable compact report table                                                ; Off                ; Off                ;
; Restructure Multiplexers                                                   ; Auto               ; Auto               ;
; Create Debugging Nodes for IP Cores                                        ; Off                ; Off                ;
; Preserve fewer node names                                                  ; On                 ; On                 ;
; Disable OpenCore Plus hardware evaluation                                  ; Off                ; Off                ;
; Verilog Version                                                            ; Verilog_2001       ; Verilog_2001       ;
; VHDL Version                                                               ; VHDL_1993          ; VHDL_1993          ;
; State Machine Processing                                                   ; Auto               ; Auto               ;
; Safe State Machine                                                         ; Off                ; Off                ;
; Extract Verilog State Machines                                             ; On                 ; On                 ;
; Extract VHDL State Machines                                                ; On                 ; On                 ;
; Ignore Verilog initial constructs                                          ; Off                ; Off                ;
; Iteration limit for constant Verilog loops                                 ; 5000               ; 5000               ;
; Iteration limit for non-constant Verilog loops                             ; 250                ; 250                ;
; Add Pass-Through Logic to Inferred RAMs                                    ; On                 ; On                 ;
; Parallel Synthesis                                                         ; On                 ; On                 ;
; NOT Gate Push-Back                                                         ; On                 ; On                 ;
; Power-Up Don't Care                                                        ; On                 ; On                 ;
; Remove Redundant Logic Cells                                               ; Off                ; Off                ;
; Remove Duplicate Registers                                                 ; On                 ; On                 ;
; Ignore CARRY Buffers                                                       ; Off                ; Off                ;
; Ignore CASCADE Buffers                                                     ; Off                ; Off                ;
; Ignore GLOBAL Buffers                                                      ; Off                ; Off                ;
; Ignore ROW GLOBAL Buffers                                                  ; Off                ; Off                ;
; Ignore LCELL Buffers                                                       ; Off                ; Off                ;
; Ignore SOFT Buffers                                                        ; On                 ; On                 ;
; Limit AHDL Integers to 32 Bits                                             ; Off                ; Off                ;
; Optimization Technique                                                     ; Balanced           ; Balanced           ;
; Carry Chain Length                                                         ; 70                 ; 70                 ;
; Auto Carry Chains                                                          ; On                 ; On                 ;
; Auto Open-Drain Pins                                                       ; On                 ; On                 ;
; Perform WYSIWYG Primitive Resynthesis                                      ; Off                ; Off                ;
; Auto Shift Register Replacement                                            ; Auto               ; Auto               ;
; Auto Clock Enable Replacement                                              ; On                 ; On                 ;
; Allow Synchronous Control Signals                                          ; On                 ; On                 ;
; Force Use of Synchronous Clear Signals                                     ; Off                ; Off                ;
; Auto Resource Sharing                                                      ; Off                ; Off                ;
; Use LogicLock Constraints during Resource Balancing                        ; On                 ; On                 ;
; Ignore translate_off and synthesis_off directives                          ; Off                ; Off                ;
; Show Parameter Settings Tables in Synthesis Report                         ; On                 ; On                 ;
; Ignore Maximum Fan-Out Assignments                                         ; Off                ; Off                ;
; Synchronization Register Chain Length                                      ; 2                  ; 2                  ;
; PowerPlay Power Optimization                                               ; Normal compilation ; Normal compilation ;
; HDL message level                                                          ; Level2             ; Level2             ;
; Suppress Register Optimization Related Messages                            ; Off                ; Off                ;
; Number of Removed Registers Reported in Synthesis Report                   ; 5000               ; 5000               ;
; Number of Inverted Registers Reported in Synthesis Report                  ; 100                ; 100                ;
; Clock MUX Protection                                                       ; On                 ; On                 ;
; Block Design Naming                                                        ; Auto               ; Auto               ;
; Synthesis Effort                                                           ; Auto               ; Auto               ;
; Shift Register Replacement - Allow Asynchronous Clear Signal               ; On                 ; On                 ;
; Analysis & Synthesis Message Level                                         ; Medium             ; Medium             ;
; Disable Register Merging Across Hierarchies                                ; Auto               ; Auto               ;
+----------------------------------------------------------------------------+--------------------+--------------------+


Parallel compilation was disabled, but you have multiple processors available. Enable parallel compilation to reduce compilation time.
+-------------------------------------+
; Parallel Compilation                ;
+----------------------------+--------+
; Processors                 ; Number ;
+----------------------------+--------+
; Number detected on machine ; 4      ;
; Maximum allowed            ; 1      ;
+----------------------------+--------+


+------------------------------------------------------------------------------------------------------------------------------------------------------+
; Analysis & Synthesis Source Files Read                                                                                                               ;
+----------------------------------+-----------------+------------------------------------+------------------------------------------------------------+
; File Name with User-Entered Path ; Used in Netlist ; File Type                          ; File Name with Absolute Path                               ;
+----------------------------------+-----------------+------------------------------------+------------------------------------------------------------+
; random_bdf.bdf                   ; yes             ; User Block Diagram/Schematic File  ; C:/Users/Administrator/Desktop/EPM1270T144C/random_bdf.bdf ;
; key.vhd                          ; yes             ; User VHDL File                     ; C:/Users/Administrator/Desktop/EPM1270T144C/key.vhd        ;
; led_8.vhd                        ; yes             ; User VHDL File                     ; C:/Users/Administrator/Desktop/EPM1270T144C/led_8.vhd      ;
; random.vhd                       ; yes             ; User VHDL File                     ; C:/Users/Administrator/Desktop/EPM1270T144C/random.vhd     ;
; clock.vhd                        ; yes             ; User VHDL File                     ; C:/Users/Administrator/Desktop/EPM1270T144C/clock.vhd      ;
+----------------------------------+-----------------+------------------------------------+------------------------------------------------------------+


+------------------------------------------------------+
; Analysis & Synthesis Resource Usage Summary          ;
+---------------------------------------------+--------+
; Resource                                    ; Usage  ;
+---------------------------------------------+--------+
; Total logic elements                        ; 236    ;
;     -- Combinational with no register       ; 129    ;
;     -- Register only                        ; 43     ;
;     -- Combinational with a register        ; 64     ;
;                                             ;        ;
; Logic element usage by number of LUT inputs ;        ;
;     -- 4 input functions                    ; 52     ;
;     -- 3 input functions                    ; 51     ;
;     -- 2 input functions                    ; 81     ;
;     -- 1 input functions                    ; 9      ;
;     -- 0 input functions                    ; 0      ;
;                                             ;        ;
; Logic elements by mode                      ;        ;
;     -- normal mode                          ; 162    ;
;     -- arithmetic mode                      ; 74     ;
;     -- qfbk mode                            ; 0      ;
;     -- register cascade mode                ; 0      ;
;     -- synchronous clear/load mode          ; 0      ;
;     -- asynchronous clear/load mode         ; 0      ;
;                                             ;        ;
; Total registers                             ; 107    ;
; Total logic cells in carry chains           ; 79     ;
; I/O pins                                    ; 17     ;
; Maximum fan-out node                        ; clk_in ;
; Maximum fan-out                             ; 83     ;
; Total fan-out                               ; 706    ;
; Average fan-out                             ; 2.79   ;
+---------------------------------------------+--------+


+---------------------------------------------------------------------------------------------------------------------------------------------------------------------------------------------------------------------------+
; Analysis & Synthesis Resource Utilization by Entity                                                                                                                                                                       ;
+----------------------------+-------------+--------------+------------+------+--------------+--------------+-------------------+------------------+-----------------+------------+--------------------------+--------------+
; Compilation Hierarchy Node ; Logic Cells ; LC Registers ; UFM Blocks ; Pins ; Virtual Pins ; LUT-Only LCs ; Register-Only LCs ; LUT/Register LCs ; Carry Chain LCs ; Packed LCs ; Full Hierarchy Name      ; Library Name ;
+----------------------------+-------------+--------------+------------+------+--------------+--------------+-------------------+------------------+-----------------+------------+--------------------------+--------------+
; |random_bdf                ; 236 (0)     ; 107          ; 0          ; 17   ; 0            ; 129 (0)      ; 43 (0)            ; 64 (0)           ; 79 (0)          ; 0 (0)      ; |random_bdf              ; work         ;
;    |clock:inst1|           ; 180 (180)   ; 83           ; 0          ; 0    ; 0            ; 97 (97)      ; 43 (43)           ; 40 (40)          ; 74 (74)         ; 0 (0)      ; |random_bdf|clock:inst1  ; work         ;
;    |key:inst|              ; 26 (26)     ; 15           ; 0          ; 0    ; 0            ; 11 (11)      ; 0 (0)             ; 15 (15)          ; 5 (5)           ; 0 (0)      ; |random_bdf|key:inst     ; work         ;
;    |led_8:inst6|           ; 12 (12)     ; 0            ; 0          ; 0    ; 0            ; 12 (12)      ; 0 (0)             ; 0 (0)            ; 0 (0)           ; 0 (0)      ; |random_bdf|led_8:inst6  ; work         ;
;    |random:inst8|          ; 18 (18)     ; 9            ; 0          ; 0    ; 0            ; 9 (9)        ; 0 (0)             ; 9 (9)            ; 0 (0)           ; 0 (0)      ; |random_bdf|random:inst8 ; work         ;
+----------------------------+-------------+--------------+------------+------+--------------+--------------+-------------------+------------------+-----------------+------------+--------------------------+--------------+
Note: For table entries with two numbers listed, the numbers in parentheses indicate the number of resources of the given type used by the specific entity alone. The numbers listed outside of parentheses indicate the total resources of the given type used by the specific entity and all of its sub-entities in the hierarchy.


+---------------------------------------------------------------------------------------------------+
; User-Specified and Inferred Latches                                                               ;
+----------------------------------------------------+---------------------+------------------------+
; Latch Name                                         ; Latch Enable Signal ; Free of Timing Hazards ;
+----------------------------------------------------+---------------------+------------------------+
; random:inst8|led_out_s[0]                          ; key:inst|A_SIG      ; yes                    ;
; random:inst8|led_out_t[0]                          ; key:inst|A_SIG      ; yes                    ;
; random:inst8|led_out_s[1]                          ; key:inst|A_SIG      ; yes                    ;
; random:inst8|led_out_t[1]                          ; key:inst|A_SIG      ; yes                    ;
; random:inst8|led_out_s[2]                          ; key:inst|A_SIG      ; yes                    ;
; random:inst8|led_out_t[2]                          ; key:inst|A_SIG      ; yes                    ;
; random:inst8|led_out_s[3]                          ; key:inst|A_SIG      ; yes                    ;
; random:inst8|led_out_t[3]                          ; key:inst|A_SIG      ; yes                    ;
; Number of user-specified and inferred latches = 8  ;                     ;                        ;
+----------------------------------------------------+---------------------+------------------------+
Note: All latches listed above may not be present at the end of synthesis due to various synthesis optimizations.


+------------------------------------------------------+
; General Register Statistics                          ;
+----------------------------------------------+-------+
; Statistic                                    ; Value ;
+----------------------------------------------+-------+
; Total registers                              ; 107   ;
; Number of registers using Synchronous Clear  ; 0     ;
; Number of registers using Synchronous Load   ; 0     ;
; Number of registers using Asynchronous Clear ; 0     ;
; Number of registers using Asynchronous Load  ; 0     ;
; Number of registers using Clock Enable       ; 12    ;
; Number of registers using Preset             ; 0     ;
+----------------------------------------------+-------+


+--------------------------------------------------+
; Inverted Register Statistics                     ;
+----------------------------------------+---------+
; Inverted Register                      ; Fan out ;
+----------------------------------------+---------+
; key:inst|row_sig[0]                    ; 3       ;
; Total number of inverted registers = 1 ;         ;
+----------------------------------------+---------+


+-----------------------------------------------------------------------------------------------------------------------------------------------+
; Multiplexer Restructuring Statistics (Restructuring Performed)                                                                                ;
+--------------------+-----------+---------------+----------------------+------------------------+------------+---------------------------------+
; Multiplexer Inputs ; Bus Width ; Baseline Area ; Area if Restructured ; Saving if Restructured ; Registered ; Example Multiplexer Output      ;
+--------------------+-----------+---------------+----------------------+------------------------+------------+---------------------------------+
; 3:1                ; 5 bits    ; 10 LEs        ; 5 LEs                ; 5 LEs                  ; Yes        ; |random_bdf|key:inst|key_stt[4] ;
; 6:1                ; 2 bits    ; 8 LEs         ; 2 LEs                ; 6 LEs                  ; Yes        ; |random_bdf|key:inst|col_tmp[1] ;
+--------------------+-----------+---------------+----------------------+------------------------+------------+---------------------------------+


+-------------------------------+
; Analysis & Synthesis Messages ;
+-------------------------------+
Info: *******************************************************************
Info: Running Quartus II Analysis & Synthesis
    Info: Version 9.1 Build 350 03/24/2010 Service Pack 2 SJ Web Edition
    Info: Processing started: Fri Oct 05 14:44:38 2012
Info: Command: quartus_map --read_settings_files=on --write_settings_files=off random_bdf -c random_bdf
Info: Found 1 design units, including 1 entities, in source file random_bdf.bdf
    Info: Found entity 1: random_bdf
Info: Found 2 design units, including 1 entities, in source file key.vhd
    Info: Found design unit 1: key-a
    Info: Found entity 1: key
Info: Found 2 design units, including 1 entities, in source file led_8.vhd
    Info: Found design unit 1: led_8-a
    Info: Found entity 1: led_8
Info: Found 2 design units, including 1 entities, in source file random.vhd
    Info: Found design unit 1: random-a
    Info: Found entity 1: random
Info: Found 2 design units, including 1 entities, in source file clock.vhd
    Info: Found design unit 1: clock-a
    Info: Found entity 1: clock
Info: Elaborating entity "random_bdf" for the top level hierarchy
Info: Elaborating entity "led_8" for hierarchy "led_8:inst6"
Info: Elaborating entity "random" for hierarchy "random:inst8"
Warning (10492): VHDL Process Statement warning at random.vhd(33): signal "led_sig_s" is read inside the Process Statement but isn't in the Process Statement's sensitivity list
Warning (10492): VHDL Process Statement warning at random.vhd(33): signal "led_sig_t" is read inside the Process Statement but isn't in the Process Statement's sensitivity list
Warning (10631): VHDL Process Statement warning at random.vhd(18): inferring latch(es) for signal or variable "led_out_s", which holds its previous value in one or more paths through the process
Warning (10631): VHDL Process Statement warning at random.vhd(18): inferring latch(es) for signal or variable "led_out_t", which holds its previous value in one or more paths through the process
Info (10041): Inferred latch for "led_out_t[0]" at random.vhd(18)
Info (10041): Inferred latch for "led_out_t[1]" at random.vhd(18)
Info (10041): Inferred latch for "led_out_t[2]" at random.vhd(18)
Info (10041): Inferred latch for "led_out_t[3]" at random.vhd(18)
Info (10041): Inferred latch for "led_out_s[0]" at random.vhd(18)
Info (10041): Inferred latch for "led_out_s[1]" at random.vhd(18)
Info (10041): Inferred latch for "led_out_s[2]" at random.vhd(18)
Info (10041): Inferred latch for "led_out_s[3]" at random.vhd(18)
Info: Elaborating entity "clock" for hierarchy "clock:inst1"
Info: Elaborating entity "key" for hierarchy "key:inst"
Warning: Output pins are stuck at VCC or GND
    Warning (13410): Pin "led_com[3]" is stuck at GND
    Warning (13410): Pin "led_com[2]" is stuck at GND
Info: Implemented 253 device resources after synthesis - the final resource count might be different
    Info: Implemented 3 input pins
    Info: Implemented 14 output pins
    Info: Implemented 236 logic cells
Info: Quartus II Analysis & Synthesis was successful. 0 errors, 7 warnings
    Info: Peak virtual memory: 230 megabytes
    Info: Processing ended: Fri Oct 05 14:44:39 2012
    Info: Elapsed time: 00:00:01
    Info: Total CPU time (on all processors): 00:00:01


