Classic Timing Analyzer report for tts
Fri Jul 13 15:46:59 2012
Quartus II Version 9.1 Build 350 03/24/2010 Service Pack 2 SJ Web Edition


---------------------
; Table of Contents ;
---------------------
  1. Legal Notice
  2. Timing Analyzer Summary
  3. Timing Analyzer Settings
  4. Parallel Compilation
  5. tpd
  6. Timing Analyzer Messages



----------------
; Legal Notice ;
----------------
Copyright (C) 1991-2010 Altera Corporation
Your use of Altera Corporation's design tools, logic functions 
and other software and tools, and its AMPP partner logic 
functions, and any output files from any of the foregoing 
(including device programming or simulation files), and any 
associated documentation or information are expressly subject 
to the terms and conditions of the Altera Program License 
Subscription Agreement, Altera MegaCore Function License 
Agreement, or other applicable license agreement, including, 
without limitation, that your use is for the sole purpose of 
programming logic devices manufactured by Altera and sold by 
Altera or its authorized distributors.  Please refer to the 
applicable agreement for further details.



+-----------------------------------------------------------------------------------------------------------------------------------+
; Timing Analyzer Summary                                                                                                           ;
+------------------------------+-------+---------------+-------------+----------+------------+------------+----------+--------------+
; Type                         ; Slack ; Required Time ; Actual Time ; From     ; To         ; From Clock ; To Clock ; Failed Paths ;
+------------------------------+-------+---------------+-------------+----------+------------+------------+----------+--------------+
; Worst-case tpd               ; N/A   ; None          ; 9.660 ns    ; sw_in[0] ; led_out[3] ; --         ; --       ; 0            ;
; Total number of failed paths ;       ;               ;             ;          ;            ;            ;          ; 0            ;
+------------------------------+-------+---------------+-------------+----------+------------+------------+----------+--------------+


+-----------------------------------------------------------------------------------------------------------------------------------------------------+
; Timing Analyzer Settings                                                                                                                            ;
+------------------------------------------------------------------------------------------------------+--------------------+------+----+-------------+
; Option                                                                                               ; Setting            ; From ; To ; Entity Name ;
+------------------------------------------------------------------------------------------------------+--------------------+------+----+-------------+
; Device Name                                                                                          ; EPM1270T144C5      ;      ;    ;             ;
; Timing Models                                                                                        ; Final              ;      ;    ;             ;
; Default hold multicycle                                                                              ; Same as Multicycle ;      ;    ;             ;
; Cut paths between unrelated clock domains                                                            ; On                 ;      ;    ;             ;
; Cut off read during write signal paths                                                               ; On                 ;      ;    ;             ;
; Cut off feedback from I/O pins                                                                       ; On                 ;      ;    ;             ;
; Report Combined Fast/Slow Timing                                                                     ; Off                ;      ;    ;             ;
; Ignore Clock Settings                                                                                ; Off                ;      ;    ;             ;
; Analyze latches as synchronous elements                                                              ; On                 ;      ;    ;             ;
; Enable Recovery/Removal analysis                                                                     ; Off                ;      ;    ;             ;
; Enable Clock Latency                                                                                 ; Off                ;      ;    ;             ;
; Use TimeQuest Timing Analyzer                                                                        ; Off                ;      ;    ;             ;
; Minimum Core Junction Temperature                                                                    ; 0                  ;      ;    ;             ;
; Maximum Core Junction Temperature                                                                    ; 85                 ;      ;    ;             ;
; Number of source nodes to report per destination node                                                ; 10                 ;      ;    ;             ;
; Number of destination nodes to report                                                                ; 10                 ;      ;    ;             ;
; Number of paths to report                                                                            ; 200                ;      ;    ;             ;
; Report Minimum Timing Checks                                                                         ; Off                ;      ;    ;             ;
; Use Fast Timing Models                                                                               ; Off                ;      ;    ;             ;
; Report IO Paths Separately                                                                           ; Off                ;      ;    ;             ;
; Perform Multicorner Analysis                                                                         ; Off                ;      ;    ;             ;
; Reports the worst-case path for each clock domain and analysis                                       ; Off                ;      ;    ;             ;
; Reports worst-case timing paths for each clock domain and analysis                                   ; On                 ;      ;    ;             ;
; Specifies the maximum number of worst-case timing paths to report for each clock domain and analysis ; 100                ;      ;    ;             ;
; Removes common clock path pessimism (CCPP) during slack computation                                  ; Off                ;      ;    ;             ;
; Output I/O Timing Endpoint                                                                           ; Near End           ;      ;    ;             ;
+------------------------------------------------------------------------------------------------------+--------------------+------+----+-------------+


Parallel compilation was disabled, but you have multiple processors available. Enable parallel compilation to reduce compilation time.
+-------------------------------------+
; Parallel Compilation                ;
+----------------------------+--------+
; Processors                 ; Number ;
+----------------------------+--------+
; Number detected on machine ; 4      ;
; Maximum allowed            ; 1      ;
+----------------------------+--------+


+---------------------------------------------------------------------+
; tpd                                                                 ;
+-------+-------------------+-----------------+----------+------------+
; Slack ; Required P2P Time ; Actual P2P Time ; From     ; To         ;
+-------+-------------------+-----------------+----------+------------+
; N/A   ; None              ; 9.660 ns        ; sw_in[0] ; led_out[3] ;
; N/A   ; None              ; 9.625 ns        ; sw_in[0] ; led_out[0] ;
; N/A   ; None              ; 9.478 ns        ; sw_in[1] ; led_out[3] ;
; N/A   ; None              ; 9.437 ns        ; sw_in[1] ; led_out[0] ;
; N/A   ; None              ; 9.301 ns        ; sw_in[3] ; led_out[3] ;
; N/A   ; None              ; 9.263 ns        ; sw_in[3] ; led_out[0] ;
; N/A   ; None              ; 9.122 ns        ; sw_in[0] ; led_out[4] ;
; N/A   ; None              ; 9.112 ns        ; sw_in[0] ; led_out[2] ;
; N/A   ; None              ; 8.917 ns        ; sw_in[0] ; led_out[5] ;
; N/A   ; None              ; 8.707 ns        ; sw_in[1] ; led_out[7] ;
; N/A   ; None              ; 8.671 ns        ; sw_in[2] ; led_out[3] ;
; N/A   ; None              ; 8.625 ns        ; sw_in[2] ; led_out[0] ;
; N/A   ; None              ; 8.564 ns        ; sw_in[0] ; led_out[6] ;
; N/A   ; None              ; 8.555 ns        ; sw_in[0] ; led_out[1] ;
; N/A   ; None              ; 8.427 ns        ; sw_in[3] ; led_out[4] ;
; N/A   ; None              ; 8.417 ns        ; sw_in[3] ; led_out[2] ;
; N/A   ; None              ; 8.387 ns        ; sw_in[3] ; led_out[7] ;
; N/A   ; None              ; 8.274 ns        ; sw_in[1] ; led_out[4] ;
; N/A   ; None              ; 8.265 ns        ; sw_in[1] ; led_out[2] ;
; N/A   ; None              ; 8.222 ns        ; sw_in[3] ; led_out[5] ;
; N/A   ; None              ; 8.068 ns        ; sw_in[1] ; led_out[5] ;
; N/A   ; None              ; 8.016 ns        ; sw_in[2] ; led_out[7] ;
; N/A   ; None              ; 7.926 ns        ; sw_in[2] ; led_out[4] ;
; N/A   ; None              ; 7.913 ns        ; sw_in[2] ; led_out[2] ;
; N/A   ; None              ; 7.724 ns        ; sw_in[2] ; led_out[5] ;
; N/A   ; None              ; 7.246 ns        ; sw_in[3] ; led_out[6] ;
; N/A   ; None              ; 7.232 ns        ; sw_in[3] ; led_out[1] ;
; N/A   ; None              ; 6.904 ns        ; sw_in[1] ; led_out[6] ;
; N/A   ; None              ; 6.887 ns        ; sw_in[1] ; led_out[1] ;
; N/A   ; None              ; 6.558 ns        ; sw_in[2] ; led_out[1] ;
; N/A   ; None              ; 6.547 ns        ; sw_in[2] ; led_out[6] ;
+-------+-------------------+-----------------+----------+------------+


+--------------------------+
; Timing Analyzer Messages ;
+--------------------------+
Info: *******************************************************************
Info: Running Quartus II Classic Timing Analyzer
    Info: Version 9.1 Build 350 03/24/2010 Service Pack 2 SJ Web Edition
    Info: Processing started: Fri Jul 13 15:46:59 2012
Info: Command: quartus_tan --read_settings_files=off --write_settings_files=off tts -c tts
Info: Started post-fitting delay annotation
Info: Delay annotation completed successfully
Info: Longest tpd from source pin "sw_in[0]" to destination pin "led_out[3]" is 9.660 ns
    Info: 1: + IC(0.000 ns) + CELL(1.132 ns) = 1.132 ns; Loc. = PIN_6; Fanout = 7; PIN Node = 'sw_in[0]'
    Info: 2: + IC(2.826 ns) + CELL(0.511 ns) = 4.469 ns; Loc. = LC_X1_Y5_N1; Fanout = 1; COMB Node = 'Mux4~0'
    Info: 3: + IC(2.869 ns) + CELL(2.322 ns) = 9.660 ns; Loc. = PIN_60; Fanout = 0; PIN Node = 'led_out[3]'
    Info: Total cell delay = 3.965 ns ( 41.05 % )
    Info: Total interconnect delay = 5.695 ns ( 58.95 % )
Info: Quartus II Classic Timing Analyzer was successful. 0 errors, 0 warnings
    Info: Peak virtual memory: 165 megabytes
    Info: Processing ended: Fri Jul 13 15:46:59 2012
    Info: Elapsed time: 00:00:00
    Info: Total CPU time (on all processors): 00:00:00


