Analysis & Synthesis report for uart_txd_bdf
Thu Oct 18 09:02:09 2012
Quartus II Version 9.1 Build 350 03/24/2010 Service Pack 2 SJ Web Edition


---------------------
; Table of Contents ;
---------------------
  1. Legal Notice
  2. Analysis & Synthesis Summary
  3. Analysis & Synthesis Settings
  4. Parallel Compilation
  5. Analysis & Synthesis Source Files Read
  6. Analysis & Synthesis Resource Usage Summary
  7. Analysis & Synthesis Resource Utilization by Entity
  8. General Register Statistics
  9. Inverted Register Statistics
 10. Multiplexer Restructuring Statistics (Restructuring Performed)
 11. Analysis & Synthesis Messages



----------------
; Legal Notice ;
----------------
Copyright (C) 1991-2010 Altera Corporation
Your use of Altera Corporation's design tools, logic functions 
and other software and tools, and its AMPP partner logic 
functions, and any output files from any of the foregoing 
(including device programming or simulation files), and any 
associated documentation or information are expressly subject 
to the terms and conditions of the Altera Program License 
Subscription Agreement, Altera MegaCore Function License 
Agreement, or other applicable license agreement, including, 
without limitation, that your use is for the sole purpose of 
programming logic devices manufactured by Altera and sold by 
Altera or its authorized distributors.  Please refer to the 
applicable agreement for further details.



+----------------------------------------------------------------------------+
; Analysis & Synthesis Summary                                               ;
+-----------------------------+----------------------------------------------+
; Analysis & Synthesis Status ; Successful - Thu Oct 18 09:02:09 2012        ;
; Quartus II Version          ; 9.1 Build 350 03/24/2010 SP 2 SJ Web Edition ;
; Revision Name               ; uart_txd_bdf                                 ;
; Top-level Entity Name       ; uart_txd_bdf                                 ;
; Family                      ; MAX II                                       ;
; Total logic elements        ; 165                                          ;
; Total pins                  ; 6                                            ;
; Total virtual pins          ; 0                                            ;
; UFM blocks                  ; 0 / 1 ( 0 % )                                ;
+-----------------------------+----------------------------------------------+


+----------------------------------------------------------------------------------------------------------------------+
; Analysis & Synthesis Settings                                                                                        ;
+----------------------------------------------------------------------------+--------------------+--------------------+
; Option                                                                     ; Setting            ; Default Value      ;
+----------------------------------------------------------------------------+--------------------+--------------------+
; Device                                                                     ; EPM1270T144C5      ;                    ;
; Top-level entity name                                                      ; uart_txd_bdf       ; uart_txd_bdf       ;
; Family name                                                                ; MAX II             ; Stratix II         ;
; Use Generated Physical Constraints File                                    ; Off                ;                    ;
; Use smart compilation                                                      ; Off                ; Off                ;
; Enable parallel Assembler and TimeQuest Timing Analyzer during compilation ; On                 ; On                 ;
; Enable compact report table                                                ; Off                ; Off                ;
; Restructure Multiplexers                                                   ; Auto               ; Auto               ;
; Create Debugging Nodes for IP Cores                                        ; Off                ; Off                ;
; Preserve fewer node names                                                  ; On                 ; On                 ;
; Disable OpenCore Plus hardware evaluation                                  ; Off                ; Off                ;
; Verilog Version                                                            ; Verilog_2001       ; Verilog_2001       ;
; VHDL Version                                                               ; VHDL_1993          ; VHDL_1993          ;
; State Machine Processing                                                   ; Auto               ; Auto               ;
; Safe State Machine                                                         ; Off                ; Off                ;
; Extract Verilog State Machines                                             ; On                 ; On                 ;
; Extract VHDL State Machines                                                ; On                 ; On                 ;
; Ignore Verilog initial constructs                                          ; Off                ; Off                ;
; Iteration limit for constant Verilog loops                                 ; 5000               ; 5000               ;
; Iteration limit for non-constant Verilog loops                             ; 250                ; 250                ;
; Add Pass-Through Logic to Inferred RAMs                                    ; On                 ; On                 ;
; Parallel Synthesis                                                         ; On                 ; On                 ;
; NOT Gate Push-Back                                                         ; On                 ; On                 ;
; Power-Up Don't Care                                                        ; On                 ; On                 ;
; Remove Redundant Logic Cells                                               ; Off                ; Off                ;
; Remove Duplicate Registers                                                 ; On                 ; On                 ;
; Ignore CARRY Buffers                                                       ; Off                ; Off                ;
; Ignore CASCADE Buffers                                                     ; Off                ; Off                ;
; Ignore GLOBAL Buffers                                                      ; Off                ; Off                ;
; Ignore ROW GLOBAL Buffers                                                  ; Off                ; Off                ;
; Ignore LCELL Buffers                                                       ; Off                ; Off                ;
; Ignore SOFT Buffers                                                        ; On                 ; On                 ;
; Limit AHDL Integers to 32 Bits                                             ; Off                ; Off                ;
; Optimization Technique                                                     ; Balanced           ; Balanced           ;
; Carry Chain Length                                                         ; 70                 ; 70                 ;
; Auto Carry Chains                                                          ; On                 ; On                 ;
; Auto Open-Drain Pins                                                       ; On                 ; On                 ;
; Perform WYSIWYG Primitive Resynthesis                                      ; Off                ; Off                ;
; Auto Shift Register Replacement                                            ; Auto               ; Auto               ;
; Auto Clock Enable Replacement                                              ; On                 ; On                 ;
; Allow Synchronous Control Signals                                          ; On                 ; On                 ;
; Force Use of Synchronous Clear Signals                                     ; Off                ; Off                ;
; Auto Resource Sharing                                                      ; Off                ; Off                ;
; Use LogicLock Constraints during Resource Balancing                        ; On                 ; On                 ;
; Ignore translate_off and synthesis_off directives                          ; Off                ; Off                ;
; Show Parameter Settings Tables in Synthesis Report                         ; On                 ; On                 ;
; Ignore Maximum Fan-Out Assignments                                         ; Off                ; Off                ;
; Synchronization Register Chain Length                                      ; 2                  ; 2                  ;
; PowerPlay Power Optimization                                               ; Normal compilation ; Normal compilation ;
; HDL message level                                                          ; Level2             ; Level2             ;
; Suppress Register Optimization Related Messages                            ; Off                ; Off                ;
; Number of Removed Registers Reported in Synthesis Report                   ; 5000               ; 5000               ;
; Number of Inverted Registers Reported in Synthesis Report                  ; 100                ; 100                ;
; Clock MUX Protection                                                       ; On                 ; On                 ;
; Block Design Naming                                                        ; Auto               ; Auto               ;
; Synthesis Effort                                                           ; Auto               ; Auto               ;
; Shift Register Replacement - Allow Asynchronous Clear Signal               ; On                 ; On                 ;
; Analysis & Synthesis Message Level                                         ; Medium             ; Medium             ;
; Disable Register Merging Across Hierarchies                                ; Auto               ; Auto               ;
+----------------------------------------------------------------------------+--------------------+--------------------+


Parallel compilation was disabled, but you have multiple processors available. Enable parallel compilation to reduce compilation time.
+-------------------------------------+
; Parallel Compilation                ;
+----------------------------+--------+
; Processors                 ; Number ;
+----------------------------+--------+
; Number detected on machine ; 4      ;
; Maximum allowed            ; 1      ;
+----------------------------+--------+


+--------------------------------------------------------------------------------------------------------------------------------------------------------+
; Analysis & Synthesis Source Files Read                                                                                                                 ;
+----------------------------------+-----------------+------------------------------------+--------------------------------------------------------------+
; File Name with User-Entered Path ; Used in Netlist ; File Type                          ; File Name with Absolute Path                                 ;
+----------------------------------+-----------------+------------------------------------+--------------------------------------------------------------+
; uart_txd_bdf.bdf                 ; yes             ; User Block Diagram/Schematic File  ; C:/Users/Administrator/Desktop/EPM1270T144C/uart_txd_bdf.bdf ;
; uart_txd.vhd                     ; yes             ; User VHDL File                     ; C:/Users/Administrator/Desktop/EPM1270T144C/uart_txd.vhd     ;
; key.vhd                          ; yes             ; User VHDL File                     ; C:/Users/Administrator/Desktop/EPM1270T144C/key.vhd          ;
; clock.vhd                        ; yes             ; Auto-Found VHDL File               ; C:/Users/Administrator/Desktop/EPM1270T144C/clock.vhd        ;
+----------------------------------+-----------------+------------------------------------+--------------------------------------------------------------+


+------------------------------------------------------+
; Analysis & Synthesis Resource Usage Summary          ;
+---------------------------------------------+--------+
; Resource                                    ; Usage  ;
+---------------------------------------------+--------+
; Total logic elements                        ; 165    ;
;     -- Combinational with no register       ; 82     ;
;     -- Register only                        ; 29     ;
;     -- Combinational with a register        ; 54     ;
;                                             ;        ;
; Logic element usage by number of LUT inputs ;        ;
;     -- 4 input functions                    ; 41     ;
;     -- 3 input functions                    ; 23     ;
;     -- 2 input functions                    ; 63     ;
;     -- 1 input functions                    ; 9      ;
;     -- 0 input functions                    ; 0      ;
;                                             ;        ;
; Logic elements by mode                      ;        ;
;     -- normal mode                          ; 110    ;
;     -- arithmetic mode                      ; 55     ;
;     -- qfbk mode                            ; 0      ;
;     -- register cascade mode                ; 0      ;
;     -- synchronous clear/load mode          ; 0      ;
;     -- asynchronous clear/load mode         ; 10     ;
;                                             ;        ;
; Total registers                             ; 83     ;
; Total logic cells in carry chains           ; 60     ;
; I/O pins                                    ; 6      ;
; Maximum fan-out node                        ; clk_in ;
; Maximum fan-out                             ; 52     ;
; Total fan-out                               ; 512    ;
; Average fan-out                             ; 2.99   ;
+---------------------------------------------+--------+


+-------------------------------------------------------------------------------------------------------------------------------------------------------------------------------------------------------------------------------+
; Analysis & Synthesis Resource Utilization by Entity                                                                                                                                                                           ;
+----------------------------+-------------+--------------+------------+------+--------------+--------------+-------------------+------------------+-----------------+------------+------------------------------+--------------+
; Compilation Hierarchy Node ; Logic Cells ; LC Registers ; UFM Blocks ; Pins ; Virtual Pins ; LUT-Only LCs ; Register-Only LCs ; LUT/Register LCs ; Carry Chain LCs ; Packed LCs ; Full Hierarchy Name          ; Library Name ;
+----------------------------+-------------+--------------+------------+------+--------------+--------------+-------------------+------------------+-----------------+------------+------------------------------+--------------+
; |uart_txd_bdf              ; 165 (0)     ; 83           ; 0          ; 6    ; 0            ; 82 (0)       ; 29 (0)            ; 54 (0)           ; 60 (0)          ; 0 (0)      ; |uart_txd_bdf                ; work         ;
;    |clock:inst|            ; 115 (115)   ; 52           ; 0          ; 0    ; 0            ; 63 (63)      ; 28 (28)           ; 24 (24)          ; 49 (49)         ; 0 (0)      ; |uart_txd_bdf|clock:inst     ; work         ;
;    |key:inst2|             ; 26 (26)     ; 15           ; 0          ; 0    ; 0            ; 11 (11)      ; 0 (0)             ; 15 (15)          ; 5 (5)           ; 0 (0)      ; |uart_txd_bdf|key:inst2      ; work         ;
;    |uart_txd:inst1|        ; 24 (24)     ; 16           ; 0          ; 0    ; 0            ; 8 (8)        ; 1 (1)             ; 15 (15)          ; 6 (6)           ; 0 (0)      ; |uart_txd_bdf|uart_txd:inst1 ; work         ;
+----------------------------+-------------+--------------+------------+------+--------------+--------------+-------------------+------------------+-----------------+------------+------------------------------+--------------+
Note: For table entries with two numbers listed, the numbers in parentheses indicate the number of resources of the given type used by the specific entity alone. The numbers listed outside of parentheses indicate the total resources of the given type used by the specific entity and all of its sub-entities in the hierarchy.


+------------------------------------------------------+
; General Register Statistics                          ;
+----------------------------------------------+-------+
; Statistic                                    ; Value ;
+----------------------------------------------+-------+
; Total registers                              ; 83    ;
; Number of registers using Synchronous Clear  ; 0     ;
; Number of registers using Synchronous Load   ; 0     ;
; Number of registers using Asynchronous Clear ; 9     ;
; Number of registers using Asynchronous Load  ; 1     ;
; Number of registers using Clock Enable       ; 18    ;
; Number of registers using Preset             ; 0     ;
+----------------------------------------------+-------+


+--------------------------------------------------+
; Inverted Register Statistics                     ;
+----------------------------------------+---------+
; Inverted Register                      ; Fan out ;
+----------------------------------------+---------+
; uart_txd:inst1|txd_out                 ; 2       ;
; key:inst2|row_sig[0]                   ; 3       ;
; uart_txd:inst1|dir[0]                  ; 5       ;
; uart_txd:inst1|dir[3]                  ; 2       ;
; Total number of inverted registers = 4 ;         ;
+----------------------------------------+---------+


+--------------------------------------------------------------------------------------------------------------------------------------------------+
; Multiplexer Restructuring Statistics (Restructuring Performed)                                                                                   ;
+--------------------+-----------+---------------+----------------------+------------------------+------------+------------------------------------+
; Multiplexer Inputs ; Bus Width ; Baseline Area ; Area if Restructured ; Saving if Restructured ; Registered ; Example Multiplexer Output         ;
+--------------------+-----------+---------------+----------------------+------------------------+------------+------------------------------------+
; 3:1                ; 5 bits    ; 10 LEs        ; 5 LEs                ; 5 LEs                  ; Yes        ; |uart_txd_bdf|key:inst2|key_stt[4] ;
; 6:1                ; 2 bits    ; 8 LEs         ; 2 LEs                ; 6 LEs                  ; Yes        ; |uart_txd_bdf|key:inst2|col_tmp[0] ;
+--------------------+-----------+---------------+----------------------+------------------------+------------+------------------------------------+


+-------------------------------+
; Analysis & Synthesis Messages ;
+-------------------------------+
Info: *******************************************************************
Info: Running Quartus II Analysis & Synthesis
    Info: Version 9.1 Build 350 03/24/2010 Service Pack 2 SJ Web Edition
    Info: Processing started: Thu Oct 18 09:02:08 2012
Info: Command: quartus_map --read_settings_files=on --write_settings_files=off uart_txd_bdf -c uart_txd_bdf
Info: Found 1 design units, including 1 entities, in source file uart_txd_bdf.bdf
    Info: Found entity 1: uart_txd_bdf
Info: Found 2 design units, including 1 entities, in source file uart_txd.vhd
    Info: Found design unit 1: uart_txd-a
    Info: Found entity 1: uart_txd
Info: Found 2 design units, including 1 entities, in source file key.vhd
    Info: Found design unit 1: key-a
    Info: Found entity 1: key
Info: Elaborating entity "uart_txd_bdf" for the top level hierarchy
Info: Elaborating entity "uart_txd" for hierarchy "uart_txd:inst1"
Warning (10492): VHDL Process Statement warning at uart_txd.vhd(28): signal "txd_sta" is read inside the Process Statement but isn't in the Process Statement's sensitivity list
Warning (10492): VHDL Process Statement warning at uart_txd.vhd(30): signal "txd_sig" is read inside the Process Statement but isn't in the Process Statement's sensitivity list
Warning (10492): VHDL Process Statement warning at uart_txd.vhd(31): signal "txd_ck" is read inside the Process Statement but isn't in the Process Statement's sensitivity list
Warning (10492): VHDL Process Statement warning at uart_txd.vhd(46): signal "clk_2ms" is read inside the Process Statement but isn't in the Process Statement's sensitivity list
Warning (10631): VHDL Process Statement warning at uart_txd.vhd(24): inferring latch(es) for signal or variable "txd_sig", which holds its previous value in one or more paths through the process
Warning (10631): VHDL Process Statement warning at uart_txd.vhd(24): inferring latch(es) for signal or variable "txd_out_sig", which holds its previous value in one or more paths through the process
Info (10041): Inferred latch for "txd_out_sig[0]" at uart_txd.vhd(24)
Info (10041): Inferred latch for "txd_out_sig[1]" at uart_txd.vhd(24)
Info (10041): Inferred latch for "txd_out_sig[2]" at uart_txd.vhd(24)
Info (10041): Inferred latch for "txd_out_sig[3]" at uart_txd.vhd(24)
Info (10041): Inferred latch for "txd_out_sig[4]" at uart_txd.vhd(24)
Info (10041): Inferred latch for "txd_out_sig[5]" at uart_txd.vhd(24)
Info (10041): Inferred latch for "txd_out_sig[6]" at uart_txd.vhd(24)
Info (10041): Inferred latch for "txd_out_sig[7]" at uart_txd.vhd(24)
Info (10041): Inferred latch for "txd_out_sig[8]" at uart_txd.vhd(24)
Info (10041): Inferred latch for "txd_out_sig[9]" at uart_txd.vhd(24)
Info (10041): Inferred latch for "txd_sig[0]" at uart_txd.vhd(24)
Info (10041): Inferred latch for "txd_sig[1]" at uart_txd.vhd(24)
Info (10041): Inferred latch for "txd_sig[2]" at uart_txd.vhd(24)
Info (10041): Inferred latch for "txd_sig[3]" at uart_txd.vhd(24)
Info (10041): Inferred latch for "txd_sig[4]" at uart_txd.vhd(24)
Info (10041): Inferred latch for "txd_sig[5]" at uart_txd.vhd(24)
Info (10041): Inferred latch for "txd_sig[6]" at uart_txd.vhd(24)
Info (10041): Inferred latch for "txd_sig[7]" at uart_txd.vhd(24)
Warning: Using design file clock.vhd, which is not specified as a design file for the current project, but contains definitions for 2 design units and 1 entities in project
    Info: Found design unit 1: clock-a
    Info: Found entity 1: clock
Info: Elaborating entity "clock" for hierarchy "clock:inst"
Info: Elaborating entity "key" for hierarchy "key:inst2"
Info: Registers with preset signals will power-up high
Info: Implemented 171 device resources after synthesis - the final resource count might be different
    Info: Implemented 3 input pins
    Info: Implemented 3 output pins
    Info: Implemented 165 logic cells
Info: Quartus II Analysis & Synthesis was successful. 0 errors, 7 warnings
    Info: Peak virtual memory: 230 megabytes
    Info: Processing ended: Thu Oct 18 09:02:09 2012
    Info: Elapsed time: 00:00:01
    Info: Total CPU time (on all processors): 00:00:01


