Classic Timing Analyzer report for uart_txd
Fri Sep 14 14:44:43 2012
Quartus II Version 9.1 Build 350 03/24/2010 Service Pack 2 SJ Web Edition


---------------------
; Table of Contents ;
---------------------
  1. Legal Notice
  2. Timing Analyzer Summary
  3. Timing Analyzer Settings
  4. Clock Settings Summary
  5. Parallel Compilation
  6. Clock Setup: 'clk_in'
  7. tsu
  8. tco
  9. th
 10. Timing Analyzer Messages



----------------
; Legal Notice ;
----------------
Copyright (C) 1991-2010 Altera Corporation
Your use of Altera Corporation's design tools, logic functions 
and other software and tools, and its AMPP partner logic 
functions, and any output files from any of the foregoing 
(including device programming or simulation files), and any 
associated documentation or information are expressly subject 
to the terms and conditions of the Altera Program License 
Subscription Agreement, Altera MegaCore Function License 
Agreement, or other applicable license agreement, including, 
without limitation, that your use is for the sole purpose of 
programming logic devices manufactured by Altera and sold by 
Altera or its authorized distributors.  Please refer to the 
applicable agreement for further details.



+--------------------------------------------------------------------------------------------------------------------------------------------------------------+
; Timing Analyzer Summary                                                                                                                                      ;
+------------------------------+-------+---------------+----------------------------------+--------------+--------------+------------+----------+--------------+
; Type                         ; Slack ; Required Time ; Actual Time                      ; From         ; To           ; From Clock ; To Clock ; Failed Paths ;
+------------------------------+-------+---------------+----------------------------------+--------------+--------------+------------+----------+--------------+
; Worst-case tsu               ; N/A   ; None          ; 2.784 ns                         ; txd_ck       ; dir[1]       ; --         ; clk_in   ; 0            ;
; Worst-case tco               ; N/A   ; None          ; 9.073 ns                         ; txd_out~reg0 ; txd_out      ; clk_in     ; --       ; 0            ;
; Worst-case th                ; N/A   ; None          ; -1.361 ns                        ; txd_ck       ; dir_sig[2]   ; --         ; clk_in   ; 0            ;
; Clock Setup: 'clk_in'        ; N/A   ; None          ; 245.22 MHz ( period = 4.078 ns ) ; dir[0]       ; txd_out~reg0 ; clk_in     ; clk_in   ; 0            ;
; Total number of failed paths ;       ;               ;                                  ;              ;              ;            ;          ; 0            ;
+------------------------------+-------+---------------+----------------------------------+--------------+--------------+------------+----------+--------------+


+-----------------------------------------------------------------------------------------------------------------------------------------------------+
; Timing Analyzer Settings                                                                                                                            ;
+------------------------------------------------------------------------------------------------------+--------------------+------+----+-------------+
; Option                                                                                               ; Setting            ; From ; To ; Entity Name ;
+------------------------------------------------------------------------------------------------------+--------------------+------+----+-------------+
; Device Name                                                                                          ; EPM1270T144C5      ;      ;    ;             ;
; Timing Models                                                                                        ; Final              ;      ;    ;             ;
; Default hold multicycle                                                                              ; Same as Multicycle ;      ;    ;             ;
; Cut paths between unrelated clock domains                                                            ; On                 ;      ;    ;             ;
; Cut off read during write signal paths                                                               ; On                 ;      ;    ;             ;
; Cut off feedback from I/O pins                                                                       ; On                 ;      ;    ;             ;
; Report Combined Fast/Slow Timing                                                                     ; Off                ;      ;    ;             ;
; Ignore Clock Settings                                                                                ; Off                ;      ;    ;             ;
; Analyze latches as synchronous elements                                                              ; On                 ;      ;    ;             ;
; Enable Recovery/Removal analysis                                                                     ; Off                ;      ;    ;             ;
; Enable Clock Latency                                                                                 ; Off                ;      ;    ;             ;
; Use TimeQuest Timing Analyzer                                                                        ; Off                ;      ;    ;             ;
; Minimum Core Junction Temperature                                                                    ; 0                  ;      ;    ;             ;
; Maximum Core Junction Temperature                                                                    ; 85                 ;      ;    ;             ;
; Number of source nodes to report per destination node                                                ; 10                 ;      ;    ;             ;
; Number of destination nodes to report                                                                ; 10                 ;      ;    ;             ;
; Number of paths to report                                                                            ; 200                ;      ;    ;             ;
; Report Minimum Timing Checks                                                                         ; Off                ;      ;    ;             ;
; Use Fast Timing Models                                                                               ; Off                ;      ;    ;             ;
; Report IO Paths Separately                                                                           ; Off                ;      ;    ;             ;
; Perform Multicorner Analysis                                                                         ; Off                ;      ;    ;             ;
; Reports the worst-case path for each clock domain and analysis                                       ; Off                ;      ;    ;             ;
; Reports worst-case timing paths for each clock domain and analysis                                   ; On                 ;      ;    ;             ;
; Specifies the maximum number of worst-case timing paths to report for each clock domain and analysis ; 100                ;      ;    ;             ;
; Removes common clock path pessimism (CCPP) during slack computation                                  ; Off                ;      ;    ;             ;
; Output I/O Timing Endpoint                                                                           ; Near End           ;      ;    ;             ;
+------------------------------------------------------------------------------------------------------+--------------------+------+----+-------------+


+------------------------------------------------------------------------------------------------------------------------------------------------------------------------------------+
; Clock Settings Summary                                                                                                                                                             ;
+-----------------+--------------------+----------+------------------+---------------+--------------+----------+-----------------------+---------------------+--------+--------------+
; Clock Node Name ; Clock Setting Name ; Type     ; Fmax Requirement ; Early Latency ; Late Latency ; Based on ; Multiply Base Fmax by ; Divide Base Fmax by ; Offset ; Phase offset ;
+-----------------+--------------------+----------+------------------+---------------+--------------+----------+-----------------------+---------------------+--------+--------------+
; clk_in          ;                    ; User Pin ; None             ; 0.000 ns      ; 0.000 ns     ; --       ; N/A                   ; N/A                 ; N/A    ;              ;
+-----------------+--------------------+----------+------------------+---------------+--------------+----------+-----------------------+---------------------+--------+--------------+


Parallel compilation was disabled, but you have multiple processors available. Enable parallel compilation to reduce compilation time.
+-------------------------------------+
; Parallel Compilation                ;
+----------------------------+--------+
; Processors                 ; Number ;
+----------------------------+--------+
; Number detected on machine ; 4      ;
; Maximum allowed            ; 1      ;
+----------------------------+--------+


+--------------------------------------------------------------------------------------------------------------------------------------------------------------------------------------------------+
; Clock Setup: 'clk_in'                                                                                                                                                                            ;
+-------+------------------------------------------------+--------------+--------------+------------+----------+-----------------------------+---------------------------+-------------------------+
; Slack ; Actual fmax (period)                           ; From         ; To           ; From Clock ; To Clock ; Required Setup Relationship ; Required Longest P2P Time ; Actual Longest P2P Time ;
+-------+------------------------------------------------+--------------+--------------+------------+----------+-----------------------------+---------------------------+-------------------------+
; N/A   ; 245.22 MHz ( period = 4.078 ns )               ; dir[0]       ; txd_out~reg0 ; clk_in     ; clk_in   ; None                        ; None                      ; 3.369 ns                ;
; N/A   ; 254.91 MHz ( period = 3.923 ns )               ; dir[0]       ; dir[1]       ; clk_in     ; clk_in   ; None                        ; None                      ; 3.214 ns                ;
; N/A   ; 255.30 MHz ( period = 3.917 ns )               ; dir[0]       ; dir[2]       ; clk_in     ; clk_in   ; None                        ; None                      ; 3.208 ns                ;
; N/A   ; 268.46 MHz ( period = 3.725 ns )               ; dir[2]       ; txd_out~reg0 ; clk_in     ; clk_in   ; None                        ; None                      ; 3.016 ns                ;
; N/A   ; 286.70 MHz ( period = 3.488 ns )               ; dir_sig[1]   ; txd_out~reg0 ; clk_in     ; clk_in   ; None                        ; None                      ; 2.779 ns                ;
; N/A   ; Restricted to 304.04 MHz ( period = 3.289 ns ) ; dir_sig[0]   ; dir_sig[3]   ; clk_in     ; clk_in   ; None                        ; None                      ; 2.424 ns                ;
; N/A   ; Restricted to 304.04 MHz ( period = 3.289 ns ) ; dir_sig[2]   ; txd_out~reg0 ; clk_in     ; clk_in   ; None                        ; None                      ; 2.414 ns                ;
; N/A   ; Restricted to 304.04 MHz ( period = 3.289 ns ) ; dir_sig[1]   ; dir_sig[3]   ; clk_in     ; clk_in   ; None                        ; None                      ; 2.141 ns                ;
; N/A   ; Restricted to 304.04 MHz ( period = 3.289 ns ) ; dir_sig[0]   ; dir_sig[2]   ; clk_in     ; clk_in   ; None                        ; None                      ; 2.140 ns                ;
; N/A   ; Restricted to 304.04 MHz ( period = 3.289 ns ) ; dir_sig[3]   ; txd_out~reg0 ; clk_in     ; clk_in   ; None                        ; None                      ; 2.043 ns                ;
; N/A   ; Restricted to 304.04 MHz ( period = 3.289 ns ) ; dir_sig[3]   ; dir_sig[3]   ; clk_in     ; clk_in   ; None                        ; None                      ; 1.998 ns                ;
; N/A   ; Restricted to 304.04 MHz ( period = 3.289 ns ) ; dir[2]       ; dir[2]       ; clk_in     ; clk_in   ; None                        ; None                      ; 1.985 ns                ;
; N/A   ; Restricted to 304.04 MHz ( period = 3.289 ns ) ; txd_out~reg0 ; txd_out~reg0 ; clk_in     ; clk_in   ; None                        ; None                      ; 1.981 ns                ;
; N/A   ; Restricted to 304.04 MHz ( period = 3.289 ns ) ; dir_sig[0]   ; dir_sig[1]   ; clk_in     ; clk_in   ; None                        ; None                      ; 1.819 ns                ;
; N/A   ; Restricted to 304.04 MHz ( period = 3.289 ns ) ; dir_sig[2]   ; dir_sig[3]   ; clk_in     ; clk_in   ; None                        ; None                      ; 1.818 ns                ;
; N/A   ; Restricted to 304.04 MHz ( period = 3.289 ns ) ; dir_sig[0]   ; dir_sig[0]   ; clk_in     ; clk_in   ; None                        ; None                      ; 1.817 ns                ;
; N/A   ; Restricted to 304.04 MHz ( period = 3.289 ns ) ; dir[1]       ; dir[2]       ; clk_in     ; clk_in   ; None                        ; None                      ; 1.809 ns                ;
; N/A   ; Restricted to 304.04 MHz ( period = 3.289 ns ) ; dir_sig[2]   ; dir_sig[2]   ; clk_in     ; clk_in   ; None                        ; None                      ; 1.808 ns                ;
; N/A   ; Restricted to 304.04 MHz ( period = 3.289 ns ) ; dir[1]       ; dir[1]       ; clk_in     ; clk_in   ; None                        ; None                      ; 1.794 ns                ;
; N/A   ; Restricted to 304.04 MHz ( period = 3.289 ns ) ; dir[0]       ; dir[0]       ; clk_in     ; clk_in   ; None                        ; None                      ; 1.744 ns                ;
; N/A   ; Restricted to 304.04 MHz ( period = 3.289 ns ) ; dir_sig[1]   ; dir_sig[2]   ; clk_in     ; clk_in   ; None                        ; None                      ; 1.575 ns                ;
; N/A   ; Restricted to 304.04 MHz ( period = 3.289 ns ) ; dir_sig[1]   ; dir_sig[1]   ; clk_in     ; clk_in   ; None                        ; None                      ; 1.562 ns                ;
+-------+------------------------------------------------+--------------+--------------+------------+----------+-----------------------------+---------------------------+-------------------------+


+----------------------------------------------------------------------+
; tsu                                                                  ;
+-------+--------------+------------+--------+--------------+----------+
; Slack ; Required tsu ; Actual tsu ; From   ; To           ; To Clock ;
+-------+--------------+------------+--------+--------------+----------+
; N/A   ; None         ; 2.784 ns   ; txd_ck ; dir[2]       ; clk_in   ;
; N/A   ; None         ; 2.784 ns   ; txd_ck ; dir_sig[0]   ; clk_in   ;
; N/A   ; None         ; 2.784 ns   ; txd_ck ; dir[1]       ; clk_in   ;
; N/A   ; None         ; 2.716 ns   ; txd_ck ; dir[0]       ; clk_in   ;
; N/A   ; None         ; 2.499 ns   ; txd_ck ; dir_sig[3]   ; clk_in   ;
; N/A   ; None         ; 2.489 ns   ; txd_ck ; txd_out~reg0 ; clk_in   ;
; N/A   ; None         ; 1.922 ns   ; txd_ck ; dir_sig[1]   ; clk_in   ;
; N/A   ; None         ; 1.915 ns   ; txd_ck ; dir_sig[2]   ; clk_in   ;
+-------+--------------+------------+--------+--------------+----------+


+-------------------------------------------------------------------------+
; tco                                                                     ;
+-------+--------------+------------+--------------+---------+------------+
; Slack ; Required tco ; Actual tco ; From         ; To      ; From Clock ;
+-------+--------------+------------+--------------+---------+------------+
; N/A   ; None         ; 9.073 ns   ; txd_out~reg0 ; txd_out ; clk_in     ;
+-------+--------------+------------+--------------+---------+------------+


+----------------------------------------------------------------------------+
; th                                                                         ;
+---------------+-------------+-----------+--------+--------------+----------+
; Minimum Slack ; Required th ; Actual th ; From   ; To           ; To Clock ;
+---------------+-------------+-----------+--------+--------------+----------+
; N/A           ; None        ; -1.361 ns ; txd_ck ; dir_sig[2]   ; clk_in   ;
; N/A           ; None        ; -1.368 ns ; txd_ck ; dir_sig[1]   ; clk_in   ;
; N/A           ; None        ; -1.935 ns ; txd_ck ; txd_out~reg0 ; clk_in   ;
; N/A           ; None        ; -1.945 ns ; txd_ck ; dir_sig[3]   ; clk_in   ;
; N/A           ; None        ; -2.162 ns ; txd_ck ; dir[0]       ; clk_in   ;
; N/A           ; None        ; -2.230 ns ; txd_ck ; dir[2]       ; clk_in   ;
; N/A           ; None        ; -2.230 ns ; txd_ck ; dir_sig[0]   ; clk_in   ;
; N/A           ; None        ; -2.230 ns ; txd_ck ; dir[1]       ; clk_in   ;
+---------------+-------------+-----------+--------+--------------+----------+


+--------------------------+
; Timing Analyzer Messages ;
+--------------------------+
Info: *******************************************************************
Info: Running Quartus II Classic Timing Analyzer
    Info: Version 9.1 Build 350 03/24/2010 Service Pack 2 SJ Web Edition
    Info: Processing started: Fri Sep 14 14:44:43 2012
Info: Command: quartus_tan --read_settings_files=off --write_settings_files=off uart_txd -c uart_txd
Info: Started post-fitting delay annotation
Info: Delay annotation completed successfully
Warning: Found pins functioning as undefined clocks and/or memory enables
    Info: Assuming node "clk_in" is an undefined clock
Info: Clock "clk_in" has Internal fmax of 245.22 MHz between source register "dir[0]" and destination register "txd_out~reg0" (period= 4.078 ns)
    Info: + Longest register to register delay is 3.369 ns
        Info: 1: + IC(0.000 ns) + CELL(0.000 ns) = 0.000 ns; Loc. = LC_X5_Y10_N4; Fanout = 4; REG Node = 'dir[0]'
        Info: 2: + IC(2.565 ns) + CELL(0.804 ns) = 3.369 ns; Loc. = LC_X8_Y8_N9; Fanout = 2; REG Node = 'txd_out~reg0'
        Info: Total cell delay = 0.804 ns ( 23.86 % )
        Info: Total interconnect delay = 2.565 ns ( 76.14 % )
    Info: - Smallest clock skew is 0.000 ns
        Info: + Shortest clock path from clock "clk_in" to destination register is 3.819 ns
            Info: 1: + IC(0.000 ns) + CELL(1.163 ns) = 1.163 ns; Loc. = PIN_18; Fanout = 8; CLK Node = 'clk_in'
            Info: 2: + IC(1.738 ns) + CELL(0.918 ns) = 3.819 ns; Loc. = LC_X8_Y8_N9; Fanout = 2; REG Node = 'txd_out~reg0'
            Info: Total cell delay = 2.081 ns ( 54.49 % )
            Info: Total interconnect delay = 1.738 ns ( 45.51 % )
        Info: - Longest clock path from clock "clk_in" to source register is 3.819 ns
            Info: 1: + IC(0.000 ns) + CELL(1.163 ns) = 1.163 ns; Loc. = PIN_18; Fanout = 8; CLK Node = 'clk_in'
            Info: 2: + IC(1.738 ns) + CELL(0.918 ns) = 3.819 ns; Loc. = LC_X5_Y10_N4; Fanout = 4; REG Node = 'dir[0]'
            Info: Total cell delay = 2.081 ns ( 54.49 % )
            Info: Total interconnect delay = 1.738 ns ( 45.51 % )
    Info: + Micro clock to output delay of source is 0.376 ns
    Info: + Micro setup delay of destination is 0.333 ns
Info: tsu for register "dir[2]" (data pin = "txd_ck", clock pin = "clk_in") is 2.784 ns
    Info: + Longest pin to register delay is 6.270 ns
        Info: 1: + IC(0.000 ns) + CELL(1.132 ns) = 1.132 ns; Loc. = PIN_1; Fanout = 9; PIN Node = 'txd_ck'
        Info: 2: + IC(3.895 ns) + CELL(1.243 ns) = 6.270 ns; Loc. = LC_X8_Y8_N0; Fanout = 2; REG Node = 'dir[2]'
        Info: Total cell delay = 2.375 ns ( 37.88 % )
        Info: Total interconnect delay = 3.895 ns ( 62.12 % )
    Info: + Micro setup delay of destination is 0.333 ns
    Info: - Shortest clock path from clock "clk_in" to destination register is 3.819 ns
        Info: 1: + IC(0.000 ns) + CELL(1.163 ns) = 1.163 ns; Loc. = PIN_18; Fanout = 8; CLK Node = 'clk_in'
        Info: 2: + IC(1.738 ns) + CELL(0.918 ns) = 3.819 ns; Loc. = LC_X8_Y8_N0; Fanout = 2; REG Node = 'dir[2]'
        Info: Total cell delay = 2.081 ns ( 54.49 % )
        Info: Total interconnect delay = 1.738 ns ( 45.51 % )
Info: tco from clock "clk_in" to destination pin "txd_out" through register "txd_out~reg0" is 9.073 ns
    Info: + Longest clock path from clock "clk_in" to source register is 3.819 ns
        Info: 1: + IC(0.000 ns) + CELL(1.163 ns) = 1.163 ns; Loc. = PIN_18; Fanout = 8; CLK Node = 'clk_in'
        Info: 2: + IC(1.738 ns) + CELL(0.918 ns) = 3.819 ns; Loc. = LC_X8_Y8_N9; Fanout = 2; REG Node = 'txd_out~reg0'
        Info: Total cell delay = 2.081 ns ( 54.49 % )
        Info: Total interconnect delay = 1.738 ns ( 45.51 % )
    Info: + Micro clock to output delay of source is 0.376 ns
    Info: + Longest register to pin delay is 4.878 ns
        Info: 1: + IC(0.000 ns) + CELL(0.000 ns) = 0.000 ns; Loc. = LC_X8_Y8_N9; Fanout = 2; REG Node = 'txd_out~reg0'
        Info: 2: + IC(2.556 ns) + CELL(2.322 ns) = 4.878 ns; Loc. = PIN_51; Fanout = 0; PIN Node = 'txd_out'
        Info: Total cell delay = 2.322 ns ( 47.60 % )
        Info: Total interconnect delay = 2.556 ns ( 52.40 % )
Info: th for register "dir_sig[2]" (data pin = "txd_ck", clock pin = "clk_in") is -1.361 ns
    Info: + Longest clock path from clock "clk_in" to destination register is 3.819 ns
        Info: 1: + IC(0.000 ns) + CELL(1.163 ns) = 1.163 ns; Loc. = PIN_18; Fanout = 8; CLK Node = 'clk_in'
        Info: 2: + IC(1.738 ns) + CELL(0.918 ns) = 3.819 ns; Loc. = LC_X8_Y8_N7; Fanout = 4; REG Node = 'dir_sig[2]'
        Info: Total cell delay = 2.081 ns ( 54.49 % )
        Info: Total interconnect delay = 1.738 ns ( 45.51 % )
    Info: + Micro hold delay of destination is 0.221 ns
    Info: - Shortest pin to register delay is 5.401 ns
        Info: 1: + IC(0.000 ns) + CELL(1.132 ns) = 1.132 ns; Loc. = PIN_1; Fanout = 9; PIN Node = 'txd_ck'
        Info: 2: + IC(3.208 ns) + CELL(1.061 ns) = 5.401 ns; Loc. = LC_X8_Y8_N7; Fanout = 4; REG Node = 'dir_sig[2]'
        Info: Total cell delay = 2.193 ns ( 40.60 % )
        Info: Total interconnect delay = 3.208 ns ( 59.40 % )
Info: Quartus II Classic Timing Analyzer was successful. 0 errors, 1 warning
    Info: Peak virtual memory: 165 megabytes
    Info: Processing ended: Fri Sep 14 14:44:43 2012
    Info: Elapsed time: 00:00:00
    Info: Total CPU time (on all processors): 00:00:00


