Analysis & Synthesis report for eeprom
Wed Nov 21 10:32:40 2012
Quartus II Version 9.1 Build 350 03/24/2010 Service Pack 2 SJ Web Edition


---------------------
; Table of Contents ;
---------------------
  1. Legal Notice
  2. Analysis & Synthesis Summary
  3. Analysis & Synthesis Settings
  4. Parallel Compilation
  5. Analysis & Synthesis Source Files Read
  6. Analysis & Synthesis Resource Usage Summary
  7. Analysis & Synthesis Resource Utilization by Entity
  8. Registers Removed During Synthesis
  9. Removed Registers Triggering Further Register Optimizations
 10. General Register Statistics
 11. Inverted Register Statistics
 12. Multiplexer Restructuring Statistics (Restructuring Performed)
 13. Analysis & Synthesis Messages



----------------
; Legal Notice ;
----------------
Copyright (C) 1991-2010 Altera Corporation
Your use of Altera Corporation's design tools, logic functions 
and other software and tools, and its AMPP partner logic 
functions, and any output files from any of the foregoing 
(including device programming or simulation files), and any 
associated documentation or information are expressly subject 
to the terms and conditions of the Altera Program License 
Subscription Agreement, Altera MegaCore Function License 
Agreement, or other applicable license agreement, including, 
without limitation, that your use is for the sole purpose of 
programming logic devices manufactured by Altera and sold by 
Altera or its authorized distributors.  Please refer to the 
applicable agreement for further details.



+-----------------------------------------------------------------------------------+
; Analysis & Synthesis Summary                                                      ;
+------------------------------------+----------------------------------------------+
; Analysis & Synthesis Status        ; Successful - Wed Nov 21 10:32:40 2012        ;
; Quartus II Version                 ; 9.1 Build 350 03/24/2010 SP 2 SJ Web Edition ;
; Revision Name                      ; eeprom                                       ;
; Top-level Entity Name              ; eeprom                                       ;
; Family                             ; Cyclone III                                  ;
; Total logic elements               ; 629                                          ;
;     Total combinational functions  ; 604                                          ;
;     Dedicated logic registers      ; 179                                          ;
; Total registers                    ; 179                                          ;
; Total pins                         ; 51                                           ;
; Total virtual pins                 ; 0                                            ;
; Total memory bits                  ; 0                                            ;
; Embedded Multiplier 9-bit elements ; 0                                            ;
; Total PLLs                         ; 0                                            ;
+------------------------------------+----------------------------------------------+


+----------------------------------------------------------------------------------------------------------------------+
; Analysis & Synthesis Settings                                                                                        ;
+----------------------------------------------------------------------------+--------------------+--------------------+
; Option                                                                     ; Setting            ; Default Value      ;
+----------------------------------------------------------------------------+--------------------+--------------------+
; Device                                                                     ; EP3C10E144C8       ;                    ;
; Top-level entity name                                                      ; eeprom             ; eeprom             ;
; Family name                                                                ; Cyclone III        ; Stratix II         ;
; Optimization Technique                                                     ; Speed              ; Balanced           ;
; Use Generated Physical Constraints File                                    ; Off                ;                    ;
; Use smart compilation                                                      ; Off                ; Off                ;
; Enable parallel Assembler and TimeQuest Timing Analyzer during compilation ; On                 ; On                 ;
; Enable compact report table                                                ; Off                ; Off                ;
; Restructure Multiplexers                                                   ; Auto               ; Auto               ;
; Create Debugging Nodes for IP Cores                                        ; Off                ; Off                ;
; Preserve fewer node names                                                  ; On                 ; On                 ;
; Disable OpenCore Plus hardware evaluation                                  ; Off                ; Off                ;
; Verilog Version                                                            ; Verilog_2001       ; Verilog_2001       ;
; VHDL Version                                                               ; VHDL_1993          ; VHDL_1993          ;
; State Machine Processing                                                   ; Auto               ; Auto               ;
; Safe State Machine                                                         ; Off                ; Off                ;
; Extract Verilog State Machines                                             ; On                 ; On                 ;
; Extract VHDL State Machines                                                ; On                 ; On                 ;
; Ignore Verilog initial constructs                                          ; Off                ; Off                ;
; Iteration limit for constant Verilog loops                                 ; 5000               ; 5000               ;
; Iteration limit for non-constant Verilog loops                             ; 250                ; 250                ;
; Add Pass-Through Logic to Inferred RAMs                                    ; On                 ; On                 ;
; Parallel Synthesis                                                         ; On                 ; On                 ;
; DSP Block Balancing                                                        ; Auto               ; Auto               ;
; NOT Gate Push-Back                                                         ; On                 ; On                 ;
; Power-Up Don't Care                                                        ; On                 ; On                 ;
; Remove Redundant Logic Cells                                               ; Off                ; Off                ;
; Remove Duplicate Registers                                                 ; On                 ; On                 ;
; Ignore CARRY Buffers                                                       ; Off                ; Off                ;
; Ignore CASCADE Buffers                                                     ; Off                ; Off                ;
; Ignore GLOBAL Buffers                                                      ; Off                ; Off                ;
; Ignore ROW GLOBAL Buffers                                                  ; Off                ; Off                ;
; Ignore LCELL Buffers                                                       ; Off                ; Off                ;
; Ignore SOFT Buffers                                                        ; On                 ; On                 ;
; Limit AHDL Integers to 32 Bits                                             ; Off                ; Off                ;
; Carry Chain Length                                                         ; 70                 ; 70                 ;
; Auto Carry Chains                                                          ; On                 ; On                 ;
; Auto Open-Drain Pins                                                       ; On                 ; On                 ;
; Perform WYSIWYG Primitive Resynthesis                                      ; Off                ; Off                ;
; Auto ROM Replacement                                                       ; On                 ; On                 ;
; Auto RAM Replacement                                                       ; On                 ; On                 ;
; Auto DSP Block Replacement                                                 ; On                 ; On                 ;
; Auto Shift Register Replacement                                            ; Auto               ; Auto               ;
; Auto Clock Enable Replacement                                              ; On                 ; On                 ;
; Strict RAM Replacement                                                     ; Off                ; Off                ;
; Allow Synchronous Control Signals                                          ; On                 ; On                 ;
; Force Use of Synchronous Clear Signals                                     ; Off                ; Off                ;
; Auto RAM Block Balancing                                                   ; On                 ; On                 ;
; Auto RAM to Logic Cell Conversion                                          ; Off                ; Off                ;
; Auto Resource Sharing                                                      ; Off                ; Off                ;
; Allow Any RAM Size For Recognition                                         ; Off                ; Off                ;
; Allow Any ROM Size For Recognition                                         ; Off                ; Off                ;
; Allow Any Shift Register Size For Recognition                              ; Off                ; Off                ;
; Use LogicLock Constraints during Resource Balancing                        ; On                 ; On                 ;
; Ignore translate_off and synthesis_off directives                          ; Off                ; Off                ;
; Timing-Driven Synthesis                                                    ; On                 ; On                 ;
; Show Parameter Settings Tables in Synthesis Report                         ; On                 ; On                 ;
; Ignore Maximum Fan-Out Assignments                                         ; Off                ; Off                ;
; Synchronization Register Chain Length                                      ; 2                  ; 2                  ;
; PowerPlay Power Optimization                                               ; Normal compilation ; Normal compilation ;
; HDL message level                                                          ; Level2             ; Level2             ;
; Suppress Register Optimization Related Messages                            ; Off                ; Off                ;
; Number of Removed Registers Reported in Synthesis Report                   ; 5000               ; 5000               ;
; Number of Inverted Registers Reported in Synthesis Report                  ; 100                ; 100                ;
; Clock MUX Protection                                                       ; On                 ; On                 ;
; Auto Gated Clock Conversion                                                ; Off                ; Off                ;
; Block Design Naming                                                        ; Auto               ; Auto               ;
; SDC constraint protection                                                  ; Off                ; Off                ;
; Synthesis Effort                                                           ; Auto               ; Auto               ;
; Shift Register Replacement - Allow Asynchronous Clear Signal               ; On                 ; On                 ;
; Analysis & Synthesis Message Level                                         ; Medium             ; Medium             ;
; Disable Register Merging Across Hierarchies                                ; Auto               ; Auto               ;
; Resource Aware Inference For Block RAM                                     ; On                 ; On                 ;
+----------------------------------------------------------------------------+--------------------+--------------------+


Parallel compilation was disabled, but you have multiple processors available. Enable parallel compilation to reduce compilation time.
+-------------------------------------+
; Parallel Compilation                ;
+----------------------------+--------+
; Processors                 ; Number ;
+----------------------------+--------+
; Number detected on machine ; 4      ;
; Maximum allowed            ; 1      ;
+----------------------------+--------+


+-----------------------------------------------------------------------------------------------------------------------+
; Analysis & Synthesis Source Files Read                                                                                ;
+----------------------------------+-----------------+-----------------+------------------------------------------------+
; File Name with User-Entered Path ; Used in Netlist ; File Type       ; File Name with Absolute Path                   ;
+----------------------------------+-----------------+-----------------+------------------------------------------------+
; eeprom.vhd                       ; yes             ; User VHDL File  ; C:/Users/Administrator/Desktop/3c10/eeprom.vhd ;
+----------------------------------+-----------------+-----------------+------------------------------------------------+


+-------------------------------------------------------+
; Analysis & Synthesis Resource Usage Summary           ;
+---------------------------------------------+---------+
; Resource                                    ; Usage   ;
+---------------------------------------------+---------+
; Estimated Total logic elements              ; 629     ;
;                                             ;         ;
; Total combinational functions               ; 604     ;
; Logic element usage by number of LUT inputs ;         ;
;     -- 4 input functions                    ; 328     ;
;     -- 3 input functions                    ; 109     ;
;     -- <=2 input functions                  ; 167     ;
;                                             ;         ;
; Logic elements by mode                      ;         ;
;     -- normal mode                          ; 499     ;
;     -- arithmetic mode                      ; 105     ;
;                                             ;         ;
; Total registers                             ; 179     ;
;     -- Dedicated logic registers            ; 179     ;
;     -- I/O registers                        ; 0       ;
;                                             ;         ;
; I/O pins                                    ; 51      ;
; Maximum fan-out node                        ; clk_sig ;
; Maximum fan-out                             ; 148     ;
; Total fan-out                               ; 2494    ;
; Average fan-out                             ; 2.82    ;
+---------------------------------------------+---------+


+-----------------------------------------------------------------------------------------------------------------------------------------------------------------------------+
; Analysis & Synthesis Resource Utilization by Entity                                                                                                                         ;
+----------------------------+-------------------+--------------+-------------+--------------+---------+-----------+------+--------------+---------------------+--------------+
; Compilation Hierarchy Node ; LC Combinationals ; LC Registers ; Memory Bits ; DSP Elements ; DSP 9x9 ; DSP 18x18 ; Pins ; Virtual Pins ; Full Hierarchy Name ; Library Name ;
+----------------------------+-------------------+--------------+-------------+--------------+---------+-----------+------+--------------+---------------------+--------------+
; |eeprom                    ; 604 (604)         ; 179 (179)    ; 0           ; 0            ; 0       ; 0         ; 51   ; 0            ; |eeprom             ; work         ;
+----------------------------+-------------------+--------------+-------------+--------------+---------+-----------+------+--------------+---------------------+--------------+
Note: For table entries with two numbers listed, the numbers in parentheses indicate the number of resources of the given type used by the specific entity alone. The numbers listed outside of parentheses indicate the total resources of the given type used by the specific entity and all of its sub-entities in the hierarchy.


+---------------------------------------------------------------------------------+
; Registers Removed During Synthesis                                              ;
+----------------------------------------+----------------------------------------+
; Register name                          ; Reason for Removal                     ;
+----------------------------------------+----------------------------------------+
; di_tmp_16[1,25]                        ; Merged with di_tmp_16[0]               ;
; data_out_tmp[2..6]                     ; Merged with data_out_tmp[0]            ;
; data_out_tmp[7]                        ; Merged with data_out_tmp[1]            ;
; di_tmp[1..3]                           ; Merged with di_tmp[0]                  ;
; st_16[2,5..31]                         ; Merged with st_16[0]                   ;
; st_16[3..4]                            ; Merged with st_16[1]                   ;
; di_tmp[6..10]                          ; Merged with di_tmp[4]                  ;
; di_tmp[11]                             ; Merged with di_tmp[5]                  ;
; di_tmp_16[18..24]                      ; Lost fanout                            ;
; di_tmp_16[0]                           ; Stuck at GND due to stuck port data_in ;
; di_tmp_16[26]                          ; Stuck at VCC due to stuck port data_in ;
; data_out_tmp[1]                        ; Stuck at VCC due to stuck port data_in ;
; data_out_tmp[0]                        ; Stuck at GND due to stuck port data_in ;
; di_tmp[4]                              ; Stuck at GND due to stuck port data_in ;
; di_tmp[21]                             ; Stuck at VCC due to stuck port data_in ;
; di_tmp[0]                              ; Stuck at GND due to stuck port data_in ;
; st_16[0]                               ; Stuck at GND due to stuck port data_in ;
; st_16[1]                               ; Stuck at VCC due to stuck port data_in ;
; do_st_16[5..31]                        ; Lost fanout                            ;
; Total Number of Removed Registers = 90 ;                                        ;
+----------------------------------------+----------------------------------------+


+--------------------------------------------------------------------------------------+
; Removed Registers Triggering Further Register Optimizations                          ;
+-----------------+---------------------------+----------------------------------------+
; Register name   ; Reason for Removal        ; Registers Removed due to This Register ;
+-----------------+---------------------------+----------------------------------------+
; data_out_tmp[0] ; Stuck at GND              ; di_tmp[4]                              ;
;                 ; due to stuck port data_in ;                                        ;
+-----------------+---------------------------+----------------------------------------+


+------------------------------------------------------+
; General Register Statistics                          ;
+----------------------------------------------+-------+
; Statistic                                    ; Value ;
+----------------------------------------------+-------+
; Total registers                              ; 179   ;
; Number of registers using Synchronous Clear  ; 5     ;
; Number of registers using Synchronous Load   ; 3     ;
; Number of registers using Asynchronous Clear ; 1     ;
; Number of registers using Asynchronous Load  ; 0     ;
; Number of registers using Clock Enable       ; 75    ;
; Number of registers using Preset             ; 0     ;
+----------------------------------------------+-------+


+--------------------------------------------------+
; Inverted Register Statistics                     ;
+----------------------------------------+---------+
; Inverted Register                      ; Fan out ;
+----------------------------------------+---------+
; sta[3]                                 ; 63      ;
; st[4]                                  ; 11      ;
; st[0]                                  ; 7       ;
; st[2]                                  ; 12      ;
; do_st[3]                               ; 2       ;
; do_st[0]                               ; 7       ;
; do_st_16[0]                            ; 10      ;
; do_st_16[4]                            ; 4       ;
; Total number of inverted registers = 8 ;         ;
+----------------------------------------+---------+


+-------------------------------------------------------------------------------------------------------------------------------------------+
; Multiplexer Restructuring Statistics (Restructuring Performed)                                                                            ;
+--------------------+-----------+---------------+----------------------+------------------------+------------+-----------------------------+
; Multiplexer Inputs ; Bus Width ; Baseline Area ; Area if Restructured ; Saving if Restructured ; Registered ; Example Multiplexer Output  ;
+--------------------+-----------+---------------+----------------------+------------------------+------------+-----------------------------+
; 3:1                ; 9 bits    ; 18 LEs        ; 9 LEs                ; 9 LEs                  ; Yes        ; |eeprom|st_a[8]             ;
; 4:1                ; 16 bits   ; 32 LEs        ; 0 LEs                ; 32 LEs                 ; Yes        ; |eeprom|data_out_16[8]~reg0 ;
; 4:1                ; 30 bits   ; 60 LEs        ; 30 LEs               ; 30 LEs                 ; Yes        ; |eeprom|do_st_16[15]        ;
; 4:1                ; 8 bits    ; 16 LEs        ; 0 LEs                ; 16 LEs                 ; Yes        ; |eeprom|data_out[1]~reg0    ;
; 4:1                ; 30 bits   ; 60 LEs        ; 30 LEs               ; 30 LEs                 ; Yes        ; |eeprom|do_st[18]           ;
; 6:1                ; 3 bits    ; 12 LEs        ; 0 LEs                ; 12 LEs                 ; Yes        ; |eeprom|di_tmp[4]           ;
; 12:1               ; 4 bits    ; 32 LEs        ; 8 LEs                ; 24 LEs                 ; Yes        ; |eeprom|di_tmp[15]          ;
; 23:1               ; 29 bits   ; 435 LEs       ; 29 LEs               ; 406 LEs                ; Yes        ; |eeprom|st[31]              ;
; 31:1               ; 2 bits    ; 40 LEs        ; 16 LEs               ; 24 LEs                 ; Yes        ; |eeprom|sta[0]              ;
; 4:1                ; 2 bits    ; 4 LEs         ; 2 LEs                ; 2 LEs                  ; Yes        ; |eeprom|do_st_16[4]         ;
; 4:1                ; 2 bits    ; 4 LEs         ; 2 LEs                ; 2 LEs                  ; Yes        ; |eeprom|do_st[0]            ;
; 23:1               ; 3 bits    ; 45 LEs        ; 3 LEs                ; 42 LEs                 ; Yes        ; |eeprom|st[4]               ;
+--------------------+-----------+---------------+----------------------+------------------------+------------+-----------------------------+


+-------------------------------+
; Analysis & Synthesis Messages ;
+-------------------------------+
Info: *******************************************************************
Info: Running Quartus II Analysis & Synthesis
    Info: Version 9.1 Build 350 03/24/2010 Service Pack 2 SJ Web Edition
    Info: Processing started: Wed Nov 21 10:32:35 2012
Info: Command: quartus_map --read_settings_files=on --write_settings_files=off eeprom -c eeprom
Info: Found 2 design units, including 1 entities, in source file eeprom.vhd
    Info: Found design unit 1: eeprom-a
    Info: Found entity 1: eeprom
Info: Elaborating entity "eeprom" for the top level hierarchy
Warning (10541): VHDL Signal Declaration warning at eeprom.vhd(36): used implicit default value for signal "data_out_tmp_16" because signal was never assigned a value or an explicit default value. Use of implicit default value may introduce unintended design optimizations.
Warning (10873): Using initial value X (don't care) for net "di_tmp_16[17..2]" at eeprom.vhd(31)
Info: Timing-Driven Synthesis is running
Info: 34 registers lost all their fanouts during netlist optimizations. The first 34 are displayed below.
    Info: Register "di_tmp_16[18]" lost all its fanouts during netlist optimizations.
    Info: Register "di_tmp_16[19]" lost all its fanouts during netlist optimizations.
    Info: Register "di_tmp_16[20]" lost all its fanouts during netlist optimizations.
    Info: Register "di_tmp_16[21]" lost all its fanouts during netlist optimizations.
    Info: Register "di_tmp_16[22]" lost all its fanouts during netlist optimizations.
    Info: Register "di_tmp_16[23]" lost all its fanouts during netlist optimizations.
    Info: Register "di_tmp_16[24]" lost all its fanouts during netlist optimizations.
    Info: Register "do_st_16[5]" lost all its fanouts during netlist optimizations.
    Info: Register "do_st_16[6]" lost all its fanouts during netlist optimizations.
    Info: Register "do_st_16[7]" lost all its fanouts during netlist optimizations.
    Info: Register "do_st_16[8]" lost all its fanouts during netlist optimizations.
    Info: Register "do_st_16[9]" lost all its fanouts during netlist optimizations.
    Info: Register "do_st_16[10]" lost all its fanouts during netlist optimizations.
    Info: Register "do_st_16[11]" lost all its fanouts during netlist optimizations.
    Info: Register "do_st_16[12]" lost all its fanouts during netlist optimizations.
    Info: Register "do_st_16[13]" lost all its fanouts during netlist optimizations.
    Info: Register "do_st_16[14]" lost all its fanouts during netlist optimizations.
    Info: Register "do_st_16[15]" lost all its fanouts during netlist optimizations.
    Info: Register "do_st_16[16]" lost all its fanouts during netlist optimizations.
    Info: Register "do_st_16[17]" lost all its fanouts during netlist optimizations.
    Info: Register "do_st_16[18]" lost all its fanouts during netlist optimizations.
    Info: Register "do_st_16[19]" lost all its fanouts during netlist optimizations.
    Info: Register "do_st_16[20]" lost all its fanouts during netlist optimizations.
    Info: Register "do_st_16[21]" lost all its fanouts during netlist optimizations.
    Info: Register "do_st_16[22]" lost all its fanouts during netlist optimizations.
    Info: Register "do_st_16[23]" lost all its fanouts during netlist optimizations.
    Info: Register "do_st_16[24]" lost all its fanouts during netlist optimizations.
    Info: Register "do_st_16[25]" lost all its fanouts during netlist optimizations.
    Info: Register "do_st_16[26]" lost all its fanouts during netlist optimizations.
    Info: Register "do_st_16[27]" lost all its fanouts during netlist optimizations.
    Info: Register "do_st_16[28]" lost all its fanouts during netlist optimizations.
    Info: Register "do_st_16[29]" lost all its fanouts during netlist optimizations.
    Info: Register "do_st_16[30]" lost all its fanouts during netlist optimizations.
    Info: Register "do_st_16[31]" lost all its fanouts during netlist optimizations.
Info: Implemented 680 device resources after synthesis - the final resource count might be different
    Info: Implemented 21 input pins
    Info: Implemented 30 output pins
    Info: Implemented 629 logic cells
Info: Quartus II Analysis & Synthesis was successful. 0 errors, 2 warnings
    Info: Peak virtual memory: 235 megabytes
    Info: Processing ended: Wed Nov 21 10:32:40 2012
    Info: Elapsed time: 00:00:05
    Info: Total CPU time (on all processors): 00:00:05


