Flow report for two_led
Tue Nov 13 15:24:43 2012
Quartus II Version 9.1 Build 350 03/24/2010 Service Pack 2 SJ Web Edition


---------------------
; Table of Contents ;
---------------------
  1. Legal Notice
  2. Flow Summary
  3. Flow Settings
  4. Flow Non-Default Global Settings
  5. Flow Elapsed Time
  6. Flow OS Summary
  7. Flow Log



----------------
; Legal Notice ;
----------------
Copyright (C) 1991-2010 Altera Corporation
Your use of Altera Corporation's design tools, logic functions 
and other software and tools, and its AMPP partner logic 
functions, and any output files from any of the foregoing 
(including device programming or simulation files), and any 
associated documentation or information are expressly subject 
to the terms and conditions of the Altera Program License 
Subscription Agreement, Altera MegaCore Function License 
Agreement, or other applicable license agreement, including, 
without limitation, that your use is for the sole purpose of 
programming logic devices manufactured by Altera and sold by 
Altera or its authorized distributors.  Please refer to the 
applicable agreement for further details.



+-----------------------------------------------------------------------------------+
; Flow Summary                                                                      ;
+------------------------------------+----------------------------------------------+
; Flow Status                        ; Successful - Tue Nov 13 15:24:42 2012        ;
; Quartus II Version                 ; 9.1 Build 350 03/24/2010 SP 2 SJ Web Edition ;
; Revision Name                      ; two_led                                      ;
; Top-level Entity Name              ; two_led                                      ;
; Family                             ; Cyclone III                                  ;
; Device                             ; EP3C10E144C8                                 ;
; Timing Models                      ; Final                                        ;
; Met timing requirements            ; N/A                                          ;
; Total logic elements               ; 127 / 10,320 ( 1 % )                         ;
;     Total combinational functions  ; 119 / 10,320 ( 1 % )                         ;
;     Dedicated logic registers      ; 69 / 10,320 ( < 1 % )                        ;
; Total registers                    ; 69                                           ;
; Total pins                         ; 26 / 95 ( 27 % )                             ;
; Total virtual pins                 ; 0                                            ;
; Total memory bits                  ; 0 / 423,936 ( 0 % )                          ;
; Embedded Multiplier 9-bit elements ; 0 / 46 ( 0 % )                               ;
; Total PLLs                         ; 0 / 2 ( 0 % )                                ;
+------------------------------------+----------------------------------------------+


+-----------------------------------------+
; Flow Settings                           ;
+-------------------+---------------------+
; Option            ; Setting             ;
+-------------------+---------------------+
; Start date & time ; 11/13/2012 15:24:36 ;
; Main task         ; Compilation         ;
; Revision Name     ; two_led             ;
+-------------------+---------------------+


+-------------------------------------------------------------------------------------------------------------------------------------+
; Flow Non-Default Global Settings                                                                                                    ;
+------------------------------------+-------------------------------------------------+---------------+-------------+----------------+
; Assignment Name                    ; Value                                           ; Default Value ; Entity Name ; Section Id     ;
+------------------------------------+-------------------------------------------------+---------------+-------------+----------------+
; COMPILER_SIGNATURE_ID              ; 220314655554268.135279147604480                 ; --            ; --          ; --             ;
; MAX_CORE_JUNCTION_TEMP             ; 85                                              ; --            ; --          ; --             ;
; MIN_CORE_JUNCTION_TEMP             ; 0                                               ; --            ; --          ; --             ;
; MISC_FILE                          ; C:/Users/Administrator/Desktop/3c10/two_led.dpf ; --            ; --          ; --             ;
; NOMINAL_CORE_SUPPLY_VOLTAGE        ; 1.2V                                            ; --            ; --          ; --             ;
; PARTITION_COLOR                    ; 16764057                                        ; --            ; --          ; Top            ;
; PARTITION_NETLIST_TYPE             ; SOURCE                                          ; --            ; --          ; Top            ;
; USE_GENERATED_PHYSICAL_CONSTRAINTS ; Off                                             ; --            ; --          ; eda_blast_fpga ;
+------------------------------------+-------------------------------------------------+---------------+-------------+----------------+


+-------------------------------------------------------------------------------------------------------------------------------+
; Flow Elapsed Time                                                                                                             ;
+---------------------------+--------------+-------------------------+---------------------+------------------------------------+
; Module Name               ; Elapsed Time ; Average Processors Used ; Peak Virtual Memory ; Total CPU Time (on all processors) ;
+---------------------------+--------------+-------------------------+---------------------+------------------------------------+
; Analysis & Synthesis      ; 00:00:01     ; 1.0                     ; 231 MB              ; 00:00:01                           ;
; Fitter                    ; 00:00:03     ; 1.0                     ; 251 MB              ; 00:00:03                           ;
; TimeQuest Timing Analyzer ; 00:00:01     ; 1.0                     ; 221 MB              ; 00:00:01                           ;
; Assembler                 ; 00:00:00     ; 1.0                     ; 203 MB              ; 00:00:01                           ;
; Total                     ; 00:00:05     ; --                      ; --                  ; 00:00:05                           ;
+---------------------------+--------------+-------------------------+---------------------+------------------------------------+


+--------------------------------------------------------------------------------------------+
; Flow OS Summary                                                                            ;
+---------------------------+------------------+---------------+------------+----------------+
; Module Name               ; Machine Hostname ; OS Name       ; OS Version ; Processor type ;
+---------------------------+------------------+---------------+------------+----------------+
; Analysis & Synthesis      ; www-PC           ; Windows Vista ; 6.1        ; x86_64         ;
; Fitter                    ; www-PC           ; Windows Vista ; 6.1        ; x86_64         ;
; Assembler                 ; www-PC           ; Windows Vista ; 6.1        ; x86_64         ;
; TimeQuest Timing Analyzer ; www-PC           ; Windows Vista ; 6.1        ; x86_64         ;
+---------------------------+------------------+---------------+------------+----------------+


------------
; Flow Log ;
------------
quartus_map --read_settings_files=on --write_settings_files=off two_led -c two_led
quartus_fit --read_settings_files=off --write_settings_files=off two_led -c two_led
quartus_asm --read_settings_files=off --write_settings_files=off two_led -c two_led
quartus_sta two_led -c two_led



